#
# There is insufficient memory for the Java Runtime Environment to continue.
# Native memory allocation (malloc) failed to allocate 1234096 bytes for Chunk::new
# Possible reasons:
#   The system is out of physical RAM or swap space
#   The process is running with CompressedOops enabled, and the Java Heap may be blocking the growth of the native heap
# Possible solutions:
#   Reduce memory load on the system
#   Increase physical memory or swap space
#   Check if swap backing store is full
#   Decrease Java heap size (-Xmx/-Xms)
#   Decrease number of Java threads
#   Decrease Java thread stack sizes (-Xss)
#   Set larger code cache with -XX:ReservedCodeCacheSize=
#   JVM is running with Unscaled Compressed Oops mode in which the Java heap is
#     placed in the first 4GB address space. The Java Heap base address is the
#     maximum limit for the native heap growth. Please use -XX:HeapBaseMinAddress
#     to set the Java Heap base and to place the Java Heap above 4GB virtual address.
# This output file may be truncated or incomplete.
#
#  Out of Memory Error (arena.cpp:168), pid=24384, tid=4316
#
# JRE version: Java(TM) SE Runtime Environment (21.0.6+8) (build 21.0.6+8-LTS-188)
# Java VM: Java HotSpot(TM) 64-Bit Server VM (21.0.6+8-LTS-188, mixed mode, sharing, tiered, compressed oops, compressed class ptrs, g1 gc, windows-amd64)
# No core dump will be written. Minidumps are not enabled by default on client versions of Windows
#

---------------  S U M M A R Y ------------

Command Line: -javaagent:C:\Program Files\JetBrains\IntelliJ IDEA Community Edition 2024.3.1.1\lib\idea_rt.jar=12491:C:\Program Files\JetBrains\IntelliJ IDEA Community Edition 2024.3.1.1\bin -Dfile.encoding=UTF-8 -Dsun.stdout.encoding=UTF-8 -Dsun.stderr.encoding=UTF-8 com.donation.ddb.DdbApplication

Host: Intel(R) Core(TM) i5-1035G7 CPU @ 1.20GHz, 8 cores, 7G,  Windows 11 , 64 bit Build 22621 (10.0.22621.5262)
Time: Fri Jun  6 15:17:19 2025  Windows 11 , 64 bit Build 22621 (10.0.22621.5262) elapsed time: 20.713503 seconds (0d 0h 0m 20s)

---------------  T H R E A D  ---------------

Current thread (0x0000026ee168ca70):  JavaThread "C2 CompilerThread1" daemon [_thread_in_native, id=4316, stack(0x000000f174e00000,0x000000f174f00000) (1024K)]


Current CompileTask:
C2:  20714 8278       4       org.springframework.core.annotation.AnnotationsScanner::getDeclaredAnnotations (166 bytes)

Stack: [0x000000f174e00000,0x000000f174f00000]
Native frames: (J=compiled Java code, j=interpreted, Vv=VM code, C=native code)
V  [jvm.dll+0x6ca6d9]
V  [jvm.dll+0x854f51]
V  [jvm.dll+0x85747e]
V  [jvm.dll+0x857b53]
V  [jvm.dll+0x27dcc6]
V  [jvm.dll+0xc4c2d]
V  [jvm.dll+0xc5163]
V  [jvm.dll+0x3b5122]
V  [jvm.dll+0x381855]
V  [jvm.dll+0x380cca]
V  [jvm.dll+0x246920]
V  [jvm.dll+0x245eff]
V  [jvm.dll+0x1c6d2e]
V  [jvm.dll+0x2554f9]
V  [jvm.dll+0x253a8a]
V  [jvm.dll+0x3ee576]
V  [jvm.dll+0x7ff2fb]
V  [jvm.dll+0x6c8dbd]
C  [ucrtbase.dll+0x29333]
C  [KERNEL32.DLL+0x1259d]
C  [ntdll.dll+0x5af58]


---------------  P R O C E S S  ---------------

Threads class SMR info:
_java_thread_list=0x0000026ee36d1c00, length=21, elements={
0x0000026ef9a7d950, 0x0000026eff18e0a0, 0x0000026eff18edb0, 0x0000026eff192eb0,
0x0000026eff195da0, 0x0000026eff199f00, 0x0000026eff197110, 0x0000026eff1ac580,
0x0000026eff1ad8e0, 0x0000026eff197e30, 0x0000026eff1977a0, 0x0000026eff1984c0,
0x0000026eff199870, 0x0000026eff19a590, 0x0000026edfb45dc0, 0x0000026edfb47800,
0x0000026edfb49240, 0x0000026edfb44380, 0x0000026edfb47170, 0x0000026ee168ca70,
0x0000026ee36cd910
}

Java Threads: ( => current thread )
  0x0000026ef9a7d950 JavaThread "main"                              [_thread_in_native, id=25644, stack(0x000000f173600000,0x000000f173700000) (1024K)]
  0x0000026eff18e0a0 JavaThread "Reference Handler"          daemon [_thread_blocked, id=27448, stack(0x000000f173e00000,0x000000f173f00000) (1024K)]
  0x0000026eff18edb0 JavaThread "Finalizer"                  daemon [_thread_blocked, id=24056, stack(0x000000f173f00000,0x000000f174000000) (1024K)]
  0x0000026eff192eb0 JavaThread "Signal Dispatcher"          daemon [_thread_blocked, id=2712, stack(0x000000f174000000,0x000000f174100000) (1024K)]
  0x0000026eff195da0 JavaThread "Attach Listener"            daemon [_thread_blocked, id=16640, stack(0x000000f174100000,0x000000f174200000) (1024K)]
  0x0000026eff199f00 JavaThread "Service Thread"             daemon [_thread_blocked, id=4116, stack(0x000000f174200000,0x000000f174300000) (1024K)]
  0x0000026eff197110 JavaThread "Monitor Deflation Thread"   daemon [_thread_blocked, id=25104, stack(0x000000f174300000,0x000000f174400000) (1024K)]
  0x0000026eff1ac580 JavaThread "C2 CompilerThread0"         daemon [_thread_in_native, id=36192, stack(0x000000f174400000,0x000000f174500000) (1024K)]
  0x0000026eff1ad8e0 JavaThread "C1 CompilerThread0"         daemon [_thread_blocked, id=25000, stack(0x000000f174500000,0x000000f174600000) (1024K)]
  0x0000026eff197e30 JavaThread "Common-Cleaner"             daemon [_thread_blocked, id=35948, stack(0x000000f174600000,0x000000f174700000) (1024K)]
  0x0000026eff1977a0 JavaThread "Monitor Ctrl-Break"         daemon [_thread_in_native, id=27380, stack(0x000000f174900000,0x000000f174a00000) (1024K)]
  0x0000026eff1984c0 JavaThread "Notification Thread"        daemon [_thread_blocked, id=19840, stack(0x000000f174a00000,0x000000f174b00000) (1024K)]
  0x0000026eff199870 JavaThread "Catalina-utility-1"                [_thread_blocked, id=24960, stack(0x000000f175300000,0x000000f175400000) (1024K)]
  0x0000026eff19a590 JavaThread "Catalina-utility-2"                [_thread_blocked, id=13328, stack(0x000000f175400000,0x000000f175500000) (1024K)]
  0x0000026edfb45dc0 JavaThread "container-0"                       [_thread_blocked, id=17560, stack(0x000000f175500000,0x000000f175600000) (1024K)]
  0x0000026edfb47800 JavaThread "MVStore background writer C:/Users/tadyy/local2.mv.db" daemon [_thread_blocked, id=18428, stack(0x000000f174f00000,0x000000f175000000) (1024K)]
  0x0000026edfb49240 JavaThread "HikariPool-1 housekeeper"   daemon [_thread_blocked, id=29100, stack(0x000000f175600000,0x000000f175700000) (1024K)]
  0x0000026edfb44380 JavaThread "H2-serialization"           daemon [_thread_blocked, id=22400, stack(0x000000f175800000,0x000000f175900000) (1024K)]
  0x0000026edfb47170 JavaThread "H2-save"                    daemon [_thread_blocked, id=13744, stack(0x000000f175900000,0x000000f175a00000) (1024K)]
=>0x0000026ee168ca70 JavaThread "C2 CompilerThread1"         daemon [_thread_in_native, id=4316, stack(0x000000f174e00000,0x000000f174f00000) (1024K)]
  0x0000026ee36cd910 JavaThread "C2 CompilerThread2"         daemon [_thread_in_native, id=5548, stack(0x000000f175700000,0x000000f175800000) (1024K)]
Total: 21

Other Threads:
  0x0000026eff173de0 VMThread "VM Thread"                           [id=35268, stack(0x000000f173d00000,0x000000f173e00000) (1024K)]
  0x0000026eff1607a0 WatcherThread "VM Periodic Task Thread"        [id=31088, stack(0x000000f173c00000,0x000000f173d00000) (1024K)]
  0x0000026efbd041b0 WorkerThread "GC Thread#0"                     [id=21080, stack(0x000000f173700000,0x000000f173800000) (1024K)]
  0x0000026edfe474f0 WorkerThread "GC Thread#1"                     [id=21764, stack(0x000000f174700000,0x000000f174800000) (1024K)]
  0x0000026edfc482f0 WorkerThread "GC Thread#2"                     [id=24316, stack(0x000000f174800000,0x000000f174900000) (1024K)]
  0x0000026edf776500 WorkerThread "GC Thread#3"                     [id=30148, stack(0x000000f174b00000,0x000000f174c00000) (1024K)]
  0x0000026edfbf8100 WorkerThread "GC Thread#4"                     [id=19896, stack(0x000000f174c00000,0x000000f174d00000) (1024K)]
  0x0000026edfbf8920 WorkerThread "GC Thread#5"                     [id=22796, stack(0x000000f174d00000,0x000000f174e00000) (1024K)]
  0x0000026edfdab300 WorkerThread "GC Thread#6"                     [id=2444, stack(0x000000f175000000,0x000000f175100000) (1024K)]
  0x0000026ee0310f10 WorkerThread "GC Thread#7"                     [id=28720, stack(0x000000f175100000,0x000000f175200000) (1024K)]
  0x0000026efbd14a20 ConcurrentGCThread "G1 Main Marker"            [id=32088, stack(0x000000f173800000,0x000000f173900000) (1024K)]
  0x0000026efbd15bd0 WorkerThread "G1 Conc#0"                       [id=26404, stack(0x000000f173900000,0x000000f173a00000) (1024K)]
  0x0000026ee0d6b600 WorkerThread "G1 Conc#1"                       [id=6988, stack(0x000000f175200000,0x000000f175300000) (1024K)]
  0x0000026efbd4e800 ConcurrentGCThread "G1 Refine#0"               [id=30944, stack(0x000000f173a00000,0x000000f173b00000) (1024K)]
  0x0000026eff0309c0 ConcurrentGCThread "G1 Service"                [id=32956, stack(0x000000f173b00000,0x000000f173c00000) (1024K)]
Total: 15

Threads with active compile tasks:
C2 CompilerThread0    20846 8349   !   4       org.springframework.util.ReflectionUtils::doWithMethods (189 bytes)
C2 CompilerThread1    20846 8278       4       org.springframework.core.annotation.AnnotationsScanner::getDeclaredAnnotations (166 bytes)
C2 CompilerThread2    20847 8468       4       org.springframework.core.ResolvableType::as (86 bytes)
Total: 3

VM state: not at safepoint (normal execution)

VM Mutex/Monitor currently owned by a thread: None

Heap address: 0x0000000084800000, size: 1976 MB, Compressed Oops mode: 32-bit

CDS archive(s) mapped at: [0x0000026e9a000000-0x0000026e9ac90000-0x0000026e9ac90000), size 13172736, SharedBaseAddress: 0x0000026e9a000000, ArchiveRelocationMode: 1.
Compressed class space mapped at: 0x0000026e9b000000-0x0000026edb000000, reserved size: 1073741824
Narrow klass base: 0x0000026e9a000000, Narrow klass shift: 0, Narrow klass range: 0x100000000

GC Precious Log:
 CardTable entry size: 512
 Card Set container configuration: InlinePtr #cards 5 size 8 Array Of Cards #cards 12 size 40 Howl #buckets 4 coarsen threshold 1843 Howl Bitmap #cards 512 size 80 coarsen threshold 460 Card regions per heap region 1 cards per card region 2048
 CPUs: 8 total, 8 available
 Memory: 7901M
 Large Page Support: Disabled
 NUMA Support: Disabled
 Compressed Oops: Enabled (32-bit)
 Heap Region Size: 1M
 Heap Min Capacity: 8M
 Heap Initial Capacity: 124M
 Heap Max Capacity: 1976M
 Pre-touch: Disabled
 Parallel Workers: 8
 Concurrent Workers: 2
 Concurrent Refinement Workers: 8
 Periodic GC: Disabled

Heap:
 garbage-first heap   total 78848K, used 52188K [0x0000000084800000, 0x0000000100000000)
  region size 1024K, 15 young (15360K), 3 survivors (3072K)
 Metaspace       used 76753K, committed 77440K, reserved 1179648K
  class space    used 10421K, committed 10752K, reserved 1048576K

Heap Regions: E=young(eden), S=young(survivor), O=old, HS=humongous(starts), HC=humongous(continues), CS=collection set, F=free, TAMS=top-at-mark-start, PB=parsable bottom
|   0|0x0000000084800000, 0x0000000084900000, 0x0000000084900000|100%|HS|  |TAMS 0x0000000084800000| PB 0x0000000084800000| Complete 
|   1|0x0000000084900000, 0x0000000084a00000, 0x0000000084a00000|100%| O|  |TAMS 0x0000000084900000| PB 0x0000000084900000| Untracked 
|   2|0x0000000084a00000, 0x0000000084b00000, 0x0000000084b00000|100%|HS|  |TAMS 0x0000000084a00000| PB 0x0000000084a00000| Complete 
|   3|0x0000000084b00000, 0x0000000084c00000, 0x0000000084c00000|100%| O|  |TAMS 0x0000000084b00000| PB 0x0000000084b00000| Untracked 
|   4|0x0000000084c00000, 0x0000000084d00000, 0x0000000084d00000|100%| O|  |TAMS 0x0000000084c00000| PB 0x0000000084c00000| Untracked 
|   5|0x0000000084d00000, 0x0000000084e00000, 0x0000000084e00000|100%| O|  |TAMS 0x0000000084d00000| PB 0x0000000084d00000| Untracked 
|   6|0x0000000084e00000, 0x0000000084f00000, 0x0000000084f00000|100%| O|  |TAMS 0x0000000084e00000| PB 0x0000000084e00000| Untracked 
|   7|0x0000000084f00000, 0x0000000085000000, 0x0000000085000000|100%| O|  |TAMS 0x0000000084f00000| PB 0x0000000084f00000| Untracked 
|   8|0x0000000085000000, 0x0000000085100000, 0x0000000085100000|100%| O|  |TAMS 0x0000000085000000| PB 0x0000000085000000| Untracked 
|   9|0x0000000085100000, 0x0000000085200000, 0x0000000085200000|100%| O|  |TAMS 0x0000000085100000| PB 0x0000000085100000| Untracked 
|  10|0x0000000085200000, 0x0000000085300000, 0x0000000085300000|100%| O|  |TAMS 0x0000000085200000| PB 0x0000000085200000| Untracked 
|  11|0x0000000085300000, 0x0000000085400000, 0x0000000085400000|100%| O|  |TAMS 0x0000000085300000| PB 0x0000000085300000| Untracked 
|  12|0x0000000085400000, 0x0000000085500000, 0x0000000085500000|100%| O|  |TAMS 0x0000000085400000| PB 0x0000000085400000| Untracked 
|  13|0x0000000085500000, 0x0000000085600000, 0x0000000085600000|100%| O|  |TAMS 0x0000000085500000| PB 0x0000000085500000| Untracked 
|  14|0x0000000085600000, 0x0000000085700000, 0x0000000085700000|100%| O|  |TAMS 0x0000000085600000| PB 0x0000000085600000| Untracked 
|  15|0x0000000085700000, 0x0000000085800000, 0x0000000085800000|100%| O|  |TAMS 0x0000000085700000| PB 0x0000000085700000| Untracked 
|  16|0x0000000085800000, 0x0000000085900000, 0x0000000085900000|100%| O|  |TAMS 0x0000000085800000| PB 0x0000000085800000| Untracked 
|  17|0x0000000085900000, 0x0000000085a00000, 0x0000000085a00000|100%| O|  |TAMS 0x0000000085900000| PB 0x0000000085900000| Untracked 
|  18|0x0000000085a00000, 0x0000000085b00000, 0x0000000085b00000|100%| O|  |TAMS 0x0000000085a00000| PB 0x0000000085a00000| Untracked 
|  19|0x0000000085b00000, 0x0000000085c00000, 0x0000000085c00000|100%| O|  |TAMS 0x0000000085b00000| PB 0x0000000085b00000| Untracked 
|  20|0x0000000085c00000, 0x0000000085d00000, 0x0000000085d00000|100%| O|  |TAMS 0x0000000085c00000| PB 0x0000000085c00000| Untracked 
|  21|0x0000000085d00000, 0x0000000085e00000, 0x0000000085e00000|100%| O|  |TAMS 0x0000000085d00000| PB 0x0000000085d00000| Untracked 
|  22|0x0000000085e00000, 0x0000000085f00000, 0x0000000085f00000|100%| O|  |TAMS 0x0000000085e00000| PB 0x0000000085e00000| Untracked 
|  23|0x0000000085f00000, 0x0000000086000000, 0x0000000086000000|100%| O|  |TAMS 0x0000000085f00000| PB 0x0000000085f00000| Untracked 
|  24|0x0000000086000000, 0x0000000086100000, 0x0000000086100000|100%|HS|  |TAMS 0x0000000086000000| PB 0x0000000086000000| Complete 
|  25|0x0000000086100000, 0x0000000086200000, 0x0000000086200000|100%|HC|  |TAMS 0x0000000086100000| PB 0x0000000086100000| Complete 
|  26|0x0000000086200000, 0x0000000086300000, 0x0000000086300000|100%| O|  |TAMS 0x0000000086200000| PB 0x0000000086200000| Untracked 
|  27|0x0000000086300000, 0x0000000086400000, 0x0000000086400000|100%| O|  |TAMS 0x0000000086300000| PB 0x0000000086300000| Untracked 
|  28|0x0000000086400000, 0x0000000086500000, 0x0000000086500000|100%| O|  |TAMS 0x0000000086400000| PB 0x0000000086400000| Untracked 
|  29|0x0000000086500000, 0x0000000086600000, 0x0000000086600000|100%| O|  |TAMS 0x0000000086500000| PB 0x0000000086500000| Untracked 
|  30|0x0000000086600000, 0x0000000086700000, 0x0000000086700000|100%| O|  |TAMS 0x0000000086600000| PB 0x0000000086600000| Untracked 
|  31|0x0000000086700000, 0x0000000086800000, 0x0000000086800000|100%| O|  |TAMS 0x0000000086700000| PB 0x0000000086700000| Untracked 
|  32|0x0000000086800000, 0x0000000086900000, 0x0000000086900000|100%| O|  |TAMS 0x0000000086800000| PB 0x0000000086800000| Untracked 
|  33|0x0000000086900000, 0x0000000086a00000, 0x0000000086a00000|100%| O|  |TAMS 0x0000000086900000| PB 0x0000000086900000| Untracked 
|  34|0x0000000086a00000, 0x0000000086b00000, 0x0000000086b00000|100%| O|  |TAMS 0x0000000086a00000| PB 0x0000000086a00000| Untracked 
|  35|0x0000000086b00000, 0x0000000086c00000, 0x0000000086c00000|100%| O|Cm|TAMS 0x0000000086b00000| PB 0x0000000086b00000| Complete 
|  36|0x0000000086c00000, 0x0000000086c6ec60, 0x0000000086d00000| 43%| O|  |TAMS 0x0000000086c00000| PB 0x0000000086c00000| Untracked 
|  37|0x0000000086d00000, 0x0000000086e00000, 0x0000000086e00000|100%| O|Cm|TAMS 0x0000000086d00000| PB 0x0000000086d00000| Complete 
|  38|0x0000000086e00000, 0x0000000086e00000, 0x0000000086f00000|  0%| F|  |TAMS 0x0000000086e00000| PB 0x0000000086e00000| Untracked 
|  39|0x0000000086f00000, 0x0000000086f00000, 0x0000000087000000|  0%| F|  |TAMS 0x0000000086f00000| PB 0x0000000086f00000| Untracked 
|  40|0x0000000087000000, 0x0000000087000000, 0x0000000087100000|  0%| F|  |TAMS 0x0000000087000000| PB 0x0000000087000000| Untracked 
|  41|0x0000000087100000, 0x0000000087100000, 0x0000000087200000|  0%| F|  |TAMS 0x0000000087100000| PB 0x0000000087100000| Untracked 
|  42|0x0000000087200000, 0x0000000087200000, 0x0000000087300000|  0%| F|  |TAMS 0x0000000087200000| PB 0x0000000087200000| Untracked 
|  43|0x0000000087300000, 0x0000000087300000, 0x0000000087400000|  0%| F|  |TAMS 0x0000000087300000| PB 0x0000000087300000| Untracked 
|  44|0x0000000087400000, 0x0000000087400000, 0x0000000087500000|  0%| F|  |TAMS 0x0000000087400000| PB 0x0000000087400000| Untracked 
|  45|0x0000000087500000, 0x0000000087500000, 0x0000000087600000|  0%| F|  |TAMS 0x0000000087500000| PB 0x0000000087500000| Untracked 
|  46|0x0000000087600000, 0x0000000087600000, 0x0000000087700000|  0%| F|  |TAMS 0x0000000087600000| PB 0x0000000087600000| Untracked 
|  47|0x0000000087700000, 0x0000000087700000, 0x0000000087800000|  0%| F|  |TAMS 0x0000000087700000| PB 0x0000000087700000| Untracked 
|  48|0x0000000087800000, 0x0000000087800000, 0x0000000087900000|  0%| F|  |TAMS 0x0000000087800000| PB 0x0000000087800000| Untracked 
|  49|0x0000000087900000, 0x0000000087900000, 0x0000000087a00000|  0%| F|  |TAMS 0x0000000087900000| PB 0x0000000087900000| Untracked 
|  50|0x0000000087a00000, 0x0000000087a00000, 0x0000000087b00000|  0%| F|  |TAMS 0x0000000087a00000| PB 0x0000000087a00000| Untracked 
|  51|0x0000000087b00000, 0x0000000087b00000, 0x0000000087c00000|  0%| F|  |TAMS 0x0000000087b00000| PB 0x0000000087b00000| Untracked 
|  52|0x0000000087c00000, 0x0000000087c00000, 0x0000000087d00000|  0%| F|  |TAMS 0x0000000087c00000| PB 0x0000000087c00000| Untracked 
|  53|0x0000000087d00000, 0x0000000087d00000, 0x0000000087e00000|  0%| F|  |TAMS 0x0000000087d00000| PB 0x0000000087d00000| Untracked 
|  54|0x0000000087e00000, 0x0000000087e00000, 0x0000000087f00000|  0%| F|  |TAMS 0x0000000087e00000| PB 0x0000000087e00000| Untracked 
|  55|0x0000000087f00000, 0x0000000087f00000, 0x0000000088000000|  0%| F|  |TAMS 0x0000000087f00000| PB 0x0000000087f00000| Untracked 
|  56|0x0000000088000000, 0x0000000088000000, 0x0000000088100000|  0%| F|  |TAMS 0x0000000088000000| PB 0x0000000088000000| Untracked 
|  57|0x0000000088100000, 0x00000000881886b0, 0x0000000088200000| 53%| S|CS|TAMS 0x0000000088100000| PB 0x0000000088100000| Complete 
|  58|0x0000000088200000, 0x0000000088300000, 0x0000000088300000|100%| S|CS|TAMS 0x0000000088200000| PB 0x0000000088200000| Complete 
|  59|0x0000000088300000, 0x0000000088400000, 0x0000000088400000|100%| S|CS|TAMS 0x0000000088300000| PB 0x0000000088300000| Complete 
|  60|0x0000000088400000, 0x0000000088400000, 0x0000000088500000|  0%| F|  |TAMS 0x0000000088400000| PB 0x0000000088400000| Untracked 
|  61|0x0000000088500000, 0x0000000088500000, 0x0000000088600000|  0%| F|  |TAMS 0x0000000088500000| PB 0x0000000088500000| Untracked 
|  62|0x0000000088600000, 0x0000000088600000, 0x0000000088700000|  0%| F|  |TAMS 0x0000000088600000| PB 0x0000000088600000| Untracked 
|  63|0x0000000088700000, 0x00000000887a3008, 0x0000000088800000| 63%| E|  |TAMS 0x0000000088700000| PB 0x0000000088700000| Complete 
|  64|0x0000000088800000, 0x0000000088900000, 0x0000000088900000|100%| E|CS|TAMS 0x0000000088800000| PB 0x0000000088800000| Complete 
|  65|0x0000000088900000, 0x0000000088a00000, 0x0000000088a00000|100%| E|CS|TAMS 0x0000000088900000| PB 0x0000000088900000| Complete 
|  66|0x0000000088a00000, 0x0000000088b00000, 0x0000000088b00000|100%| E|CS|TAMS 0x0000000088a00000| PB 0x0000000088a00000| Complete 
|  67|0x0000000088b00000, 0x0000000088c00000, 0x0000000088c00000|100%| E|CS|TAMS 0x0000000088b00000| PB 0x0000000088b00000| Complete 
|  68|0x0000000088c00000, 0x0000000088d00000, 0x0000000088d00000|100%| E|CS|TAMS 0x0000000088c00000| PB 0x0000000088c00000| Complete 
|  69|0x0000000088d00000, 0x0000000088e00000, 0x0000000088e00000|100%| E|CS|TAMS 0x0000000088d00000| PB 0x0000000088d00000| Complete 
|  70|0x0000000088e00000, 0x0000000088f00000, 0x0000000088f00000|100%| E|CS|TAMS 0x0000000088e00000| PB 0x0000000088e00000| Complete 
|  71|0x0000000088f00000, 0x0000000089000000, 0x0000000089000000|100%| E|CS|TAMS 0x0000000088f00000| PB 0x0000000088f00000| Complete 
|  72|0x0000000089000000, 0x0000000089100000, 0x0000000089100000|100%| E|CS|TAMS 0x0000000089000000| PB 0x0000000089000000| Complete 
|  73|0x0000000089100000, 0x0000000089200000, 0x0000000089200000|100%| E|CS|TAMS 0x0000000089100000| PB 0x0000000089100000| Complete 
|  74|0x0000000089200000, 0x0000000089300000, 0x0000000089300000|100%| E|CS|TAMS 0x0000000089200000| PB 0x0000000089200000| Complete 
|  75|0x0000000089300000, 0x0000000089400000, 0x0000000089400000|100%| E|CS|TAMS 0x0000000089300000| PB 0x0000000089300000| Complete 
| 123|0x000000008c300000, 0x000000008c400000, 0x000000008c400000|100%| E|CS|TAMS 0x000000008c300000| PB 0x000000008c300000| Complete 

Card table byte_map: [0x0000026efc470000,0x0000026efc850000] _byte_map_base: 0x0000026efc04c000

Marking Bits: (CMBitMap*) 0x0000026efbd047c0
 Bits: [0x0000026efc850000, 0x0000026efe730000)

Polling page: 0x0000026ef9bc0000

Metaspace:

Usage:
  Non-class:     64.78 MB used.
      Class:     10.18 MB used.
       Both:     74.96 MB used.

Virtual space:
  Non-class space:      128.00 MB reserved,      65.12 MB ( 51%) committed,  2 nodes.
      Class space:        1.00 GB reserved,      10.50 MB (  1%) committed,  1 nodes.
             Both:        1.12 GB reserved,      75.62 MB (  7%) committed. 

Chunk freelists:
   Non-Class:  14.88 MB
       Class:  5.45 MB
        Both:  20.33 MB

MaxMetaspaceSize: unlimited
CompressedClassSpaceSize: 1.00 GB
Initial GC threshold: 21.00 MB
Current GC threshold: 123.12 MB
CDS: on
 - commit_granule_bytes: 65536.
 - commit_granule_words: 8192.
 - virtual_space_node_default_size: 8388608.
 - enlarge_chunks_in_place: 1.
 - use_allocation_guard: 0.


Internal statistics:

num_allocs_failed_limit: 9.
num_arena_births: 952.
num_arena_deaths: 0.
num_vsnodes_births: 3.
num_vsnodes_deaths: 0.
num_space_committed: 1210.
num_space_uncommitted: 0.
num_chunks_returned_to_freelist: 9.
num_chunks_taken_from_freelist: 3797.
num_chunk_merges: 9.
num_chunk_splits: 2762.
num_chunks_enlarged: 2176.
num_inconsistent_stats: 0.

CodeHeap 'non-profiled nmethods': size=120000Kb used=4844Kb max_used=4844Kb free=115155Kb
 bounds [0x0000026e8fe90000, 0x0000026e90350000, 0x0000026e973c0000]
CodeHeap 'profiled nmethods': size=120000Kb used=13560Kb max_used=13560Kb free=106439Kb
 bounds [0x0000026e883c0000, 0x0000026e89110000, 0x0000026e8f8f0000]
CodeHeap 'non-nmethods': size=5760Kb used=1944Kb max_used=2030Kb free=3815Kb
 bounds [0x0000026e8f8f0000, 0x0000026e8fb60000, 0x0000026e8fe90000]
 total_blobs=8055 nmethods=7308 adapters=650
 compilation: enabled
              stopped_count=0, restarted_count=0
 full_count=0

Compilation events (20 events):
Event: 20.686 Thread 0x0000026eff1ad8e0 nmethod 8480 0x0000026e890c6e10 code [0x0000026e890c6fc0, 0x0000026e890c7200]
Event: 20.686 Thread 0x0000026eff1ad8e0 8483       3       org.springframework.asm.Type::getType (122 bytes)
Event: 20.687 Thread 0x0000026eff1ad8e0 nmethod 8483 0x0000026e890c7310 code [0x0000026e890c75c0, 0x0000026e890c80d0]
Event: 20.687 Thread 0x0000026eff1ad8e0 8485       3       org.springframework.asm.SymbolTable::addTypeInternal (85 bytes)
Event: 20.688 Thread 0x0000026eff1ad8e0 nmethod 8485 0x0000026e890c8410 code [0x0000026e890c8600, 0x0000026e890c8c28]
Event: 20.688 Thread 0x0000026eff1ad8e0 8484       3       org.springframework.asm.Type::getDescriptor (18 bytes)
Event: 20.689 Thread 0x0000026eff1ad8e0 nmethod 8484 0x0000026e890c8e10 code [0x0000026e890c9000, 0x0000026e890c93a0]
Event: 20.689 Thread 0x0000026eff1ad8e0 8481       3       org.springframework.asm.ClassWriter::visitMethod (57 bytes)
Event: 20.690 Thread 0x0000026eff1ad8e0 nmethod 8481 0x0000026e890c9510 code [0x0000026e890c96e0, 0x0000026e890c9a40]
Event: 20.690 Thread 0x0000026eff1ad8e0 8475       3       org.springframework.asm.MethodWriter::visitMaxs (60 bytes)
Event: 20.690 Thread 0x0000026eff1ad8e0 nmethod 8475 0x0000026e890c9b90 code [0x0000026e890c9d60, 0x0000026e890ca028]
Event: 20.690 Thread 0x0000026eff1ad8e0 8478       3       org.springframework.asm.SymbolTable::addConstant (319 bytes)
Event: 20.693 Thread 0x0000026eff1ad8e0 nmethod 8478 0x0000026e890ca110 code [0x0000026e890ca6a0, 0x0000026e890cd508]
Event: 20.693 Thread 0x0000026eff1ad8e0 8479       3       org.springframework.asm.SymbolTable::addConstantString (8 bytes)
Event: 20.693 Thread 0x0000026eff1ad8e0 nmethod 8479 0x0000026e88814490 code [0x0000026e88814640, 0x0000026e88814788]
Event: 20.694 Thread 0x0000026eff1ad8e0 8486       3       java.lang.invoke.MethodHandles$Lookup::getDirectFieldNoSecurityManager (12 bytes)
Event: 20.694 Thread 0x0000026eff1ad8e0 nmethod 8486 0x0000026e8891c310 code [0x0000026e8891c4c0, 0x0000026e8891c600]
Event: 20.696 Thread 0x0000026eff1ad8e0 8487   !   3       jdk.internal.loader.BuiltinClassLoader::findResource (154 bytes)
Event: 20.698 Thread 0x0000026eff1ad8e0 nmethod 8487 0x0000026e890cde90 code [0x0000026e890ce220, 0x0000026e890cf710]
Event: 20.699 Thread 0x0000026eff1ad8e0 8488       3       org.springframework.beans.BeanWrapperImpl::getCachedIntrospectionResults (23 bytes)

GC Heap History (20 events):
Event: 13.994 GC heap before
{Heap before GC invocations=10 (full 0):
 garbage-first heap   total 65536K, used 57922K [0x0000000084800000, 0x0000000100000000)
  region size 1024K, 31 young (31744K), 2 survivors (2048K)
 Metaspace       used 49739K, committed 50304K, reserved 1114112K
  class space    used 6414K, committed 6656K, reserved 1048576K
}
Event: 13.999 GC heap after
{Heap after GC invocations=11 (full 0):
 garbage-first heap   total 65536K, used 30296K [0x0000000084800000, 0x0000000100000000)
  region size 1024K, 4 young (4096K), 4 survivors (4096K)
 Metaspace       used 49739K, committed 50304K, reserved 1114112K
  class space    used 6414K, committed 6656K, reserved 1048576K
}
Event: 15.213 GC heap before
{Heap before GC invocations=11 (full 0):
 garbage-first heap   total 65536K, used 56920K [0x0000000084800000, 0x0000000100000000)
  region size 1024K, 30 young (30720K), 4 survivors (4096K)
 Metaspace       used 55363K, committed 55936K, reserved 1114112K
  class space    used 7046K, committed 7296K, reserved 1048576K
}
Event: 15.219 GC heap after
{Heap after GC invocations=12 (full 0):
 garbage-first heap   total 65536K, used 32167K [0x0000000084800000, 0x0000000100000000)
  region size 1024K, 2 young (2048K), 2 survivors (2048K)
 Metaspace       used 55363K, committed 55936K, reserved 1114112K
  class space    used 7046K, committed 7296K, reserved 1048576K
}
Event: 15.667 GC heap before
{Heap before GC invocations=12 (full 0):
 garbage-first heap   total 65536K, used 41383K [0x0000000084800000, 0x0000000100000000)
  region size 1024K, 13 young (13312K), 2 survivors (2048K)
 Metaspace       used 59515K, committed 60096K, reserved 1114112K
  class space    used 7710K, committed 8000K, reserved 1048576K
}
Event: 15.671 GC heap after
{Heap after GC invocations=13 (full 0):
 garbage-first heap   total 65536K, used 32572K [0x0000000084800000, 0x0000000100000000)
  region size 1024K, 3 young (3072K), 3 survivors (3072K)
 Metaspace       used 59515K, committed 60096K, reserved 1114112K
  class space    used 7710K, committed 8000K, reserved 1048576K
}
Event: 16.297 GC heap before
{Heap before GC invocations=14 (full 0):
 garbage-first heap   total 65536K, used 57148K [0x0000000084800000, 0x0000000100000000)
  region size 1024K, 27 young (27648K), 3 survivors (3072K)
 Metaspace       used 61586K, committed 62208K, reserved 1114112K
  class space    used 8121K, committed 8384K, reserved 1048576K
}
Event: 16.300 GC heap after
{Heap after GC invocations=15 (full 0):
 garbage-first heap   total 65536K, used 33377K [0x0000000084800000, 0x0000000100000000)
  region size 1024K, 2 young (2048K), 2 survivors (2048K)
 Metaspace       used 61586K, committed 62208K, reserved 1114112K
  class space    used 8121K, committed 8384K, reserved 1048576K
}
Event: 17.238 GC heap before
{Heap before GC invocations=15 (full 0):
 garbage-first heap   total 65536K, used 57953K [0x0000000084800000, 0x0000000100000000)
  region size 1024K, 26 young (26624K), 2 survivors (2048K)
 Metaspace       used 65791K, committed 66496K, reserved 1114112K
  class space    used 8738K, committed 9024K, reserved 1048576K
}
Event: 17.242 GC heap after
{Heap after GC invocations=16 (full 0):
 garbage-first heap   total 65536K, used 34402K [0x0000000084800000, 0x0000000100000000)
  region size 1024K, 3 young (3072K), 3 survivors (3072K)
 Metaspace       used 65791K, committed 66496K, reserved 1114112K
  class space    used 8738K, committed 9024K, reserved 1048576K
}
Event: 18.567 GC heap before
{Heap before GC invocations=16 (full 0):
 garbage-first heap   total 65536K, used 56930K [0x0000000084800000, 0x0000000100000000)
  region size 1024K, 25 young (25600K), 3 survivors (3072K)
 Metaspace       used 69752K, committed 70464K, reserved 1114112K
  class space    used 9225K, committed 9536K, reserved 1048576K
}
Event: 18.576 GC heap after
{Heap after GC invocations=17 (full 0):
 garbage-first heap   total 65536K, used 36739K [0x0000000084800000, 0x0000000100000000)
  region size 1024K, 4 young (4096K), 4 survivors (4096K)
 Metaspace       used 69752K, committed 70464K, reserved 1114112K
  class space    used 9225K, committed 9536K, reserved 1048576K
}
Event: 19.306 GC heap before
{Heap before GC invocations=18 (full 0):
 garbage-first heap   total 65536K, used 57219K [0x0000000084800000, 0x0000000100000000)
  region size 1024K, 24 young (24576K), 4 survivors (4096K)
 Metaspace       used 71764K, committed 72384K, reserved 1114112K
  class space    used 9655K, committed 9920K, reserved 1048576K
}
Event: 19.311 GC heap after
{Heap after GC invocations=19 (full 0):
 garbage-first heap   total 65536K, used 38617K [0x0000000084800000, 0x0000000100000000)
  region size 1024K, 2 young (2048K), 2 survivors (2048K)
 Metaspace       used 71764K, committed 72384K, reserved 1114112K
  class space    used 9655K, committed 9920K, reserved 1048576K
}
Event: 19.710 GC heap before
{Heap before GC invocations=19 (full 0):
 garbage-first heap   total 65536K, used 58073K [0x0000000084800000, 0x0000000100000000)
  region size 1024K, 22 young (22528K), 2 survivors (2048K)
 Metaspace       used 73566K, committed 74176K, reserved 1114112K
  class space    used 10031K, committed 10304K, reserved 1048576K
}
Event: 19.715 GC heap after
{Heap after GC invocations=20 (full 0):
 garbage-first heap   total 65536K, used 39540K [0x0000000084800000, 0x0000000100000000)
  region size 1024K, 3 young (3072K), 3 survivors (3072K)
 Metaspace       used 73566K, committed 74176K, reserved 1114112K
  class space    used 10031K, committed 10304K, reserved 1048576K
}
Event: 19.945 GC heap before
{Heap before GC invocations=20 (full 0):
 garbage-first heap   total 65536K, used 57972K [0x0000000084800000, 0x0000000100000000)
  region size 1024K, 21 young (21504K), 3 survivors (3072K)
 Metaspace       used 74983K, committed 75648K, reserved 1114112K
  class space    used 10205K, committed 10496K, reserved 1048576K
}
Event: 19.948 GC heap after
{Heap after GC invocations=21 (full 0):
 garbage-first heap   total 65536K, used 39961K [0x0000000084800000, 0x0000000100000000)
  region size 1024K, 2 young (2048K), 2 survivors (2048K)
 Metaspace       used 74983K, committed 75648K, reserved 1114112K
  class space    used 10205K, committed 10496K, reserved 1048576K
}
Event: 20.530 GC heap before
{Heap before GC invocations=22 (full 0):
 garbage-first heap   total 78848K, used 57369K [0x0000000084800000, 0x0000000100000000)
  region size 1024K, 19 young (19456K), 2 survivors (2048K)
 Metaspace       used 76238K, committed 76928K, reserved 1179648K
  class space    used 10371K, committed 10688K, reserved 1048576K
}
Event: 20.534 GC heap after
{Heap after GC invocations=23 (full 0):
 garbage-first heap   total 78848K, used 40924K [0x0000000084800000, 0x0000000100000000)
  region size 1024K, 3 young (3072K), 3 survivors (3072K)
 Metaspace       used 76238K, committed 76928K, reserved 1179648K
  class space    used 10371K, committed 10688K, reserved 1048576K
}

Dll operation events (14 events):
Event: 0.046 Loaded shared library C:\Program Files\Java\jdk-21\bin\java.dll
Event: 0.151 Loaded shared library C:\Program Files\Java\jdk-21\bin\jsvml.dll
Event: 0.597 Loaded shared library C:\Program Files\Java\jdk-21\bin\zip.dll
Event: 0.613 Loaded shared library C:\Program Files\Java\jdk-21\bin\instrument.dll
Event: 0.626 Loaded shared library C:\Program Files\Java\jdk-21\bin\net.dll
Event: 0.634 Loaded shared library C:\Program Files\Java\jdk-21\bin\nio.dll
Event: 0.641 Loaded shared library C:\Program Files\Java\jdk-21\bin\zip.dll
Event: 1.040 Loaded shared library C:\Program Files\JetBrains\IntelliJ IDEA Community Edition 2024.3.1.1\bin\breakgen64.dll
Event: 1.066 Loaded shared library C:\Program Files\Java\jdk-21\bin\extnet.dll
Event: 1.136 Loaded shared library C:\Program Files\Java\jdk-21\bin\jimage.dll
Event: 4.803 Loaded shared library C:\Program Files\Java\jdk-21\bin\sunmscapi.dll
Event: 10.330 Loaded shared library C:\Program Files\Java\jdk-21\bin\management.dll
Event: 10.336 Loaded shared library C:\Program Files\Java\jdk-21\bin\management_ext.dll
Event: 12.222 Loaded shared library C:\Program Files\Java\jdk-21\bin\verify.dll

Deoptimization events (20 events):
Event: 20.351 Thread 0x0000026ef9a7d950 Uncommon trap: trap_request=0xffffff45 fr.pc=0x0000026e9017cecc relative=0x000000000000040c
Event: 20.351 Thread 0x0000026ef9a7d950 Uncommon trap: reason=unstable_if action=reinterpret pc=0x0000026e9017cecc method=java.util.IdentityHashMap.put(Ljava/lang/Object;Ljava/lang/Object;)Ljava/lang/Object; @ 90 c2
Event: 20.351 Thread 0x0000026ef9a7d950 DEOPT PACKING pc=0x0000026e9017cecc sp=0x000000f1736fa570
Event: 20.351 Thread 0x0000026ef9a7d950 DEOPT UNPACKING pc=0x0000026e8f947da2 sp=0x000000f1736fa518 mode 2
Event: 20.431 Thread 0x0000026ef9a7d950 Uncommon trap: trap_request=0xffffffc6 fr.pc=0x0000026e9012cf40 relative=0x00000000000005c0
Event: 20.431 Thread 0x0000026ef9a7d950 Uncommon trap: reason=bimorphic_or_optimized_type_check action=maybe_recompile pc=0x0000026e9012cf40 method=java.lang.reflect.Constructor.newInstanceWithCaller([Ljava/lang/Object;ZLjava/lang/Class;)Ljava/lang/Object; @ 41 c2
Event: 20.431 Thread 0x0000026ef9a7d950 DEOPT PACKING pc=0x0000026e9012cf40 sp=0x000000f1736fca90
Event: 20.431 Thread 0x0000026ef9a7d950 DEOPT UNPACKING pc=0x0000026e8f947da2 sp=0x000000f1736fca08 mode 2
Event: 20.552 Thread 0x0000026ef9a7d950 Uncommon trap: trap_request=0xffffffc6 fr.pc=0x0000026e9012cf40 relative=0x00000000000005c0
Event: 20.552 Thread 0x0000026ef9a7d950 Uncommon trap: reason=bimorphic_or_optimized_type_check action=maybe_recompile pc=0x0000026e9012cf40 method=java.lang.reflect.Constructor.newInstanceWithCaller([Ljava/lang/Object;ZLjava/lang/Class;)Ljava/lang/Object; @ 41 c2
Event: 20.552 Thread 0x0000026ef9a7d950 DEOPT PACKING pc=0x0000026e9012cf40 sp=0x000000f1736fca90
Event: 20.552 Thread 0x0000026ef9a7d950 DEOPT UNPACKING pc=0x0000026e8f947da2 sp=0x000000f1736fca08 mode 2
Event: 20.602 Thread 0x0000026ef9a7d950 Uncommon trap: trap_request=0xffffffc6 fr.pc=0x0000026e9012cf40 relative=0x00000000000005c0
Event: 20.602 Thread 0x0000026ef9a7d950 Uncommon trap: reason=bimorphic_or_optimized_type_check action=maybe_recompile pc=0x0000026e9012cf40 method=java.lang.reflect.Constructor.newInstanceWithCaller([Ljava/lang/Object;ZLjava/lang/Class;)Ljava/lang/Object; @ 41 c2
Event: 20.602 Thread 0x0000026ef9a7d950 DEOPT PACKING pc=0x0000026e9012cf40 sp=0x000000f1736fd7b0
Event: 20.602 Thread 0x0000026ef9a7d950 DEOPT UNPACKING pc=0x0000026e8f947da2 sp=0x000000f1736fd728 mode 2
Event: 20.635 Thread 0x0000026ef9a7d950 Uncommon trap: trap_request=0xffffffc6 fr.pc=0x0000026e9012cf40 relative=0x00000000000005c0
Event: 20.635 Thread 0x0000026ef9a7d950 Uncommon trap: reason=bimorphic_or_optimized_type_check action=maybe_recompile pc=0x0000026e9012cf40 method=java.lang.reflect.Constructor.newInstanceWithCaller([Ljava/lang/Object;ZLjava/lang/Class;)Ljava/lang/Object; @ 41 c2
Event: 20.635 Thread 0x0000026ef9a7d950 DEOPT PACKING pc=0x0000026e9012cf40 sp=0x000000f1736fd7b0
Event: 20.635 Thread 0x0000026ef9a7d950 DEOPT UNPACKING pc=0x0000026e8f947da2 sp=0x000000f1736fd728 mode 2

Classes loaded (20 events):
Event: 20.186 Loading class jdk/internal/reflect/ClassDefiner
Event: 20.187 Loading class jdk/internal/reflect/ClassDefiner done
Event: 20.187 Loading class jdk/internal/reflect/ClassDefiner$1
Event: 20.187 Loading class jdk/internal/reflect/ClassDefiner$1 done
Event: 20.187 Loading class jdk/internal/reflect/SerializationConstructorAccessorImpl
Event: 20.187 Loading class jdk/internal/reflect/SerializationConstructorAccessorImpl done
Event: 20.297 Loading class java/util/JumboEnumSet
Event: 20.298 Loading class java/util/JumboEnumSet done
Event: 20.325 Loading class java/util/Collections$UnmodifiableNavigableSet
Event: 20.326 Loading class java/util/Collections$UnmodifiableSortedSet
Event: 20.326 Loading class java/util/Collections$UnmodifiableSortedSet done
Event: 20.326 Loading class java/util/Collections$UnmodifiableNavigableSet done
Event: 20.327 Loading class java/util/Collections$UnmodifiableNavigableSet$EmptyNavigableSet
Event: 20.327 Loading class java/util/Collections$UnmodifiableNavigableSet$EmptyNavigableSet done
Event: 20.327 Loading class java/util/Collections$UnmodifiableNavigableMap
Event: 20.328 Loading class java/util/Collections$UnmodifiableSortedMap
Event: 20.329 Loading class java/util/Collections$UnmodifiableSortedMap done
Event: 20.331 Loading class java/util/Collections$UnmodifiableNavigableMap done
Event: 20.331 Loading class java/util/Collections$UnmodifiableNavigableMap$EmptyNavigableMap
Event: 20.331 Loading class java/util/Collections$UnmodifiableNavigableMap$EmptyNavigableMap done

Classes unloaded (0 events):
No events

Classes redefined (0 events):
No events

Internal exceptions (20 events):
Event: 16.758 Thread 0x0000026ef9a7d950 Exception <a 'java/lang/NoSuchMethodError'{0x0000000087ab0c48}: 'int java.lang.invoke.DirectMethodHandle$Holder.invokeStatic(java.lang.Object, int, java.lang.Object)'> (0x0000000087ab0c48) 
thrown [s\open\src\hotspot\share\interpreter\linkResolver.cpp, line 773]
Event: 16.765 Thread 0x0000026ef9a7d950 Exception <a 'java/lang/NoSuchMethodError'{0x0000000087ace040}: 'java.lang.Object java.lang.invoke.DirectMethodHandle$Holder.newInvokeSpecial(java.lang.Object, java.lang.Object, java.lang.Object, java.lang.Object, java.lang.Object, int, java.lang.Object)'> (0x0000000087ace040) 
thrown [s\open\src\hotspot\share\interpreter\linkResolver.cpp, line 773]
Event: 16.777 Thread 0x0000026ef9a7d950 Exception <a 'java/lang/NoSuchMethodError'{0x0000000087aff420}: 'java.lang.Object java.lang.invoke.DirectMethodHandle$Holder.newInvokeSpecial(java.lang.Object, java.lang.Object, java.lang.Object, java.lang.Object, java.lang.Object, java.lang.Object, java.lang.Object, java.lang.Object, java.lang.Object, java.lang.Object, java.lang.Object, java.lang.Object)'> (0x0000000087aff420) 
thrown [s\open\src\hotspot\share\interpreter\linkResolver.cpp, line 773]
Event: 16.778 Thread 0x0000026ef9a7d950 Exception <a 'java/lang/NoSuchMethodError'{0x0000000087904288}: 'java.lang.Object java.lang.invoke.DirectMethodHandle$Holder.invokeSpecial(java.lang.Object, java.lang.Object, java.lang.Object, java.lang.Object, java.lang.Object, java.lang.Object, java.lang.Object, java.lang.Object, java.lang.Object, java.lang.Object, java.lang.Object, java.lang.Object, java.lang.Object)'> (0x0000000087904288) 
thrown [s\open\src\hotspot\share\interpreter\linkResolver.cpp, line 773]
Event: 16.778 Thread 0x0000026ef9a7d950 Exception <a 'java/lang/NoSuchMethodError'{0x0000000087908770}: 'java.lang.Object java.lang.invoke.Invokers$Holder.linkToTargetMethod(java.lang.Object, java.lang.Object, java.lang.Object, java.lang.Object, java.lang.Object, java.lang.Object, java.lang.Object, java.lang.Object, java.lang.Object, java.lang.Object, java.lang.Object, java.lang.Object)'> (0x0000000087908770) 
thrown [s\open\src\hotspot\share\interpreter\linkResolver.cpp, line 773]
Event: 16.833 Thread 0x0000026ef9a7d950 Exception <a 'java/lang/NoSuchMethodError'{0x00000000879d04b8}: 'void java.lang.invoke.DirectMethodHandle$Holder.invokeStatic(java.lang.Object, java.lang.Object, java.lang.Object, java.lang.Object, int, java.lang.Object)'> (0x00000000879d04b8) 
thrown [s\open\src\hotspot\share\interpreter\linkResolver.cpp, line 773]
Event: 16.911 Thread 0x0000026ef9a7d950 Exception <a 'java/lang/IncompatibleClassChangeError'{0x000000008772f9d0}: Found class java.lang.Object, but interface was expected> (0x000000008772f9d0) 
thrown [s\open\src\hotspot\share\interpreter\linkResolver.cpp, line 840]
Event: 16.945 Thread 0x0000026ef9a7d950 Exception <a 'java/lang/NoSuchMethodError'{0x00000000877c8810}: 'java.lang.Object java.lang.invoke.DirectMethodHandle$Holder.newInvokeSpecial(java.lang.Object, java.lang.Object, int, java.lang.Object, int, java.lang.Object, java.lang.Object)'> (0x00000000877c8810) 
thrown [s\open\src\hotspot\share\interpreter\linkResolver.cpp, line 773]
Event: 16.968 Thread 0x0000026ef9a7d950 Exception <a 'java/lang/NoSuchMethodError'{0x000000008763c448}: 'java.lang.Object java.lang.invoke.DirectMethodHandle$Holder.newInvokeSpecial(java.lang.Object, java.lang.Object, java.lang.Object, java.lang.Object, java.lang.Object, java.lang.Object, java.lang.Object, int)'> (0x000000008763c448) 
thrown [s\open\src\hotspot\share\interpreter\linkResolver.cpp, line 773]
Event: 16.968 Thread 0x0000026ef9a7d950 Exception <a 'java/lang/NoSuchMethodError'{0x0000000087640970}: 'java.lang.Object java.lang.invoke.DirectMethodHandle$Holder.invokeSpecial(java.lang.Object, java.lang.Object, java.lang.Object, java.lang.Object, java.lang.Object, java.lang.Object, java.lang.Object, java.lang.Object, int)'> (0x0000000087640970) 
thrown [s\open\src\hotspot\share\interpreter\linkResolver.cpp, line 773]
Event: 16.968 Thread 0x0000026ef9a7d950 Exception <a 'java/lang/NoSuchMethodError'{0x0000000087644950}: 'java.lang.Object java.lang.invoke.Invokers$Holder.linkToTargetMethod(java.lang.Object, java.lang.Object, java.lang.Object, java.lang.Object, java.lang.Object, java.lang.Object, int, java.lang.Object)'> (0x0000000087644950) 
thrown [s\open\src\hotspot\share\interpreter\linkResolver.cpp, line 773]
Event: 17.007 Thread 0x0000026ef9a7d950 Exception <a 'java/lang/NoSuchMethodError'{0x000000008752f958}: 'void java.lang.invoke.DirectMethodHandle$Holder.invokeInterface(java.lang.Object, java.lang.Object)'> (0x000000008752f958) 
thrown [s\open\src\hotspot\share\interpreter\linkResolver.cpp, line 773]
Event: 17.192 Thread 0x0000026ef9a7d950 Exception <a 'java/lang/NoSuchMethodError'{0x00000000871d82b0}: 'java.lang.Object java.lang.invoke.DirectMethodHandle$Holder.invokeSpecial(java.lang.Object, java.lang.Object, int, java.lang.Object, int)'> (0x00000000871d82b0) 
thrown [s\open\src\hotspot\share\interpreter\linkResolver.cpp, line 773]
Event: 17.403 Thread 0x0000026ef9a7d950 Implicit null exception at 0x0000026e900a23a2 to 0x0000026e900a3cfc
Event: 17.416 Thread 0x0000026ef9a7d950 Exception <a 'java/lang/IncompatibleClassChangeError'{0x0000000088c22240}: Found class java.lang.Object, but interface was expected> (0x0000000088c22240) 
thrown [s\open\src\hotspot\share\interpreter\linkResolver.cpp, line 840]
Event: 17.529 Thread 0x0000026ef9a7d950 Exception <a 'java/lang/IncompatibleClassChangeError'{0x0000000088bba7a8}: Found class java.lang.Object, but interface was expected> (0x0000000088bba7a8) 
thrown [s\open\src\hotspot\share\interpreter\linkResolver.cpp, line 840]
Event: 18.119 Thread 0x0000026ef9a7d950 Exception <a 'java/lang/IncompatibleClassChangeError'{0x00000000876697d8}: Found class java.lang.Object, but interface was expected> (0x00000000876697d8) 
thrown [s\open\src\hotspot\share\interpreter\linkResolver.cpp, line 840]
Event: 18.390 Thread 0x0000026ef9a7d950 Exception <a 'java/lang/IncompatibleClassChangeError'{0x000000008731ae40}: Found class java.lang.Object, but interface was expected> (0x000000008731ae40) 
thrown [s\open\src\hotspot\share\interpreter\linkResolver.cpp, line 840]
Event: 20.139 Thread 0x0000026ef9a7d950 Exception <a 'java/lang/NoSuchMethodError'{0x0000000088b372e8}: 'int java.lang.invoke.DirectMethodHandle$Holder.invokeStaticInit(java.lang.Object, int, java.lang.Object, java.lang.Object, java.lang.Object, java.lang.Object)'> (0x0000000088b372e8) 
thrown [s\open\src\hotspot\share\interpreter\linkResolver.cpp, line 773]
Event: 20.192 Thread 0x0000026ef9a7d950 Exception <a 'java/lang/NoSuchMethodError'{0x0000000088bfd340}: 'void java.lang.invoke.Invokers$Holder.invokeExact_MT(java.lang.Object, java.lang.Object, java.lang.Object, java.lang.Object)'> (0x0000000088bfd340) 
thrown [s\open\src\hotspot\share\interpreter\linkResolver.cpp, line 773]

ZGC Phase Switch (0 events):
No events

VM Operations (20 events):
Event: 19.305 Executing VM operation: G1CollectForAllocation (G1 Evacuation Pause)
Event: 19.311 Executing VM operation: G1CollectForAllocation (G1 Evacuation Pause) done
Event: 19.710 Executing VM operation: G1CollectForAllocation (G1 Evacuation Pause)
Event: 19.715 Executing VM operation: G1CollectForAllocation (G1 Evacuation Pause) done
Event: 19.855 Executing VM operation: HandshakeAllThreads (Deoptimize)
Event: 19.855 Executing VM operation: HandshakeAllThreads (Deoptimize) done
Event: 19.945 Executing VM operation: G1CollectForAllocation (G1 Evacuation Pause)
Event: 19.948 Executing VM operation: G1CollectForAllocation (G1 Evacuation Pause) done
Event: 20.001 Executing VM operation: G1PauseRemark
Event: 20.007 Executing VM operation: G1PauseRemark done
Event: 20.037 Executing VM operation: G1PauseCleanup
Event: 20.037 Executing VM operation: G1PauseCleanup done
Event: 20.300 Executing VM operation: HandshakeAllThreads (Deoptimize)
Event: 20.300 Executing VM operation: HandshakeAllThreads (Deoptimize) done
Event: 20.302 Executing VM operation: HandshakeAllThreads (Deoptimize)
Event: 20.302 Executing VM operation: HandshakeAllThreads (Deoptimize) done
Event: 20.330 Executing VM operation: HandshakeAllThreads (Deoptimize)
Event: 20.331 Executing VM operation: HandshakeAllThreads (Deoptimize) done
Event: 20.530 Executing VM operation: G1CollectForAllocation (G1 Evacuation Pause)
Event: 20.534 Executing VM operation: G1CollectForAllocation (G1 Evacuation Pause) done

Events (20 events):
Event: 20.006 Thread 0x0000026eff173de0 flushing nmethod 0x0000026e88878e90
Event: 20.006 Thread 0x0000026eff173de0 flushing nmethod 0x0000026e88971890
Event: 20.006 Thread 0x0000026eff173de0 flushing nmethod 0x0000026e88972290
Event: 20.006 Thread 0x0000026eff173de0 flushing nmethod 0x0000026e88972d90
Event: 20.006 Thread 0x0000026eff173de0 flushing nmethod 0x0000026e88a1c510
Event: 20.006 Thread 0x0000026eff173de0 flushing nmethod 0x0000026e88ad0590
Event: 20.006 Thread 0x0000026eff173de0 flushing nmethod 0x0000026e88c22590
Event: 20.006 Thread 0x0000026eff173de0 flushing nmethod 0x0000026e88d4b410
Event: 20.006 Thread 0x0000026eff173de0 flushing nmethod 0x0000026e883d5d90
Event: 20.006 Thread 0x0000026eff173de0 flushing nmethod 0x0000026e883e6a90
Event: 20.006 Thread 0x0000026eff173de0 flushing nmethod 0x0000026e8841a690
Event: 20.006 Thread 0x0000026eff173de0 flushing nmethod 0x0000026e88447190
Event: 20.006 Thread 0x0000026eff173de0 flushing nmethod 0x0000026e8844c690
Event: 20.006 Thread 0x0000026eff173de0 flushing nmethod 0x0000026e886efa90
Event: 20.006 Thread 0x0000026eff173de0 flushing nmethod 0x0000026e8893f410
Event: 20.006 Thread 0x0000026eff173de0 flushing nmethod 0x0000026e88944190
Event: 20.006 Thread 0x0000026eff173de0 flushing nmethod 0x0000026e889fb990
Event: 20.006 Thread 0x0000026eff173de0 flushing nmethod 0x0000026e88b1d890
Event: 20.006 Thread 0x0000026eff173de0 flushing nmethod 0x0000026e88cb8210
Event: 20.006 Thread 0x0000026eff173de0 flushing nmethod 0x0000026e88fde190


Dynamic libraries:
0x00007ff749cb0000 - 0x00007ff749cc0000 	C:\Program Files\Java\jdk-21\bin\java.exe
0x00007fffc7fb0000 - 0x00007fffc81c7000 	C:\WINDOWS\SYSTEM32\ntdll.dll
0x00007fff813e0000 - 0x00007fff813fb000 	C:\Program Files\Avast Software\Avast\aswhook.dll
0x00007fffc6f00000 - 0x00007fffc6fc4000 	C:\WINDOWS\System32\KERNEL32.DLL
0x00007fffc54e0000 - 0x00007fffc58b3000 	C:\WINDOWS\System32\KERNELBASE.dll
0x00007fffc58c0000 - 0x00007fffc59d1000 	C:\WINDOWS\System32\ucrtbase.dll
0x00007fffbe680000 - 0x00007fffbe69b000 	C:\Program Files\Java\jdk-21\bin\VCRUNTIME140.dll
0x00007fffbe660000 - 0x00007fffbe679000 	C:\Program Files\Java\jdk-21\bin\jli.dll
0x00007fffc6720000 - 0x00007fffc67d1000 	C:\WINDOWS\System32\ADVAPI32.dll
0x00007fffc6590000 - 0x00007fffc6637000 	C:\WINDOWS\System32\msvcrt.dll
0x00007fffc64e0000 - 0x00007fffc6587000 	C:\WINDOWS\System32\sechost.dll
0x00007fffc52c0000 - 0x00007fffc52e8000 	C:\WINDOWS\System32\bcrypt.dll
0x00007fffc6d60000 - 0x00007fffc6e74000 	C:\WINDOWS\System32\RPCRT4.dll
0x00007fffc6fd0000 - 0x00007fffc7181000 	C:\WINDOWS\System32\USER32.dll
0x00007fffc50a0000 - 0x00007fffc50c6000 	C:\WINDOWS\System32\win32u.dll
0x00007fffc7ed0000 - 0x00007fffc7ef9000 	C:\WINDOWS\System32\GDI32.dll
0x00007fffc52f0000 - 0x00007fffc5412000 	C:\WINDOWS\System32\gdi32full.dll
0x00007fffc5ba0000 - 0x00007fffc5c3a000 	C:\WINDOWS\System32\msvcp_win.dll
0x00007fffa0600000 - 0x00007fffa089b000 	C:\WINDOWS\WinSxS\amd64_microsoft.windows.common-controls_6595b64144ccf1df_6.0.22621.5262_none_2712bde373830908\COMCTL32.dll
0x00007fffb9da0000 - 0x00007fffb9daa000 	C:\WINDOWS\SYSTEM32\VERSION.dll
0x00007fffc6800000 - 0x00007fffc6831000 	C:\WINDOWS\System32\IMM32.DLL
0x00007fffbe650000 - 0x00007fffbe65c000 	C:\Program Files\Java\jdk-21\bin\vcruntime140_1.dll
0x00007fffaa5b0000 - 0x00007fffaa63e000 	C:\Program Files\Java\jdk-21\bin\msvcp140.dll
0x00007fff353e0000 - 0x00007fff360fa000 	C:\Program Files\Java\jdk-21\bin\server\jvm.dll
0x00007fffc7e40000 - 0x00007fffc7eb1000 	C:\WINDOWS\System32\WS2_32.dll
0x00007fffc4f70000 - 0x00007fffc4fbd000 	C:\WINDOWS\SYSTEM32\POWRPROF.dll
0x00007fffbde50000 - 0x00007fffbde84000 	C:\WINDOWS\SYSTEM32\WINMM.dll
0x00007fffc4f50000 - 0x00007fffc4f63000 	C:\WINDOWS\SYSTEM32\UMPDC.dll
0x00007fffc40b0000 - 0x00007fffc40c8000 	C:\WINDOWS\SYSTEM32\kernel.appcore.dll
0x00007fffbe640000 - 0x00007fffbe64a000 	C:\Program Files\Java\jdk-21\bin\jimage.dll
0x00007fffc28e0000 - 0x00007fffc2b12000 	C:\WINDOWS\SYSTEM32\DBGHELP.DLL
0x00007fffc7aa0000 - 0x00007fffc7e33000 	C:\WINDOWS\System32\combase.dll
0x00007fffc6640000 - 0x00007fffc6717000 	C:\WINDOWS\System32\OLEAUT32.dll
0x00007fffc28a0000 - 0x00007fffc28d2000 	C:\WINDOWS\SYSTEM32\dbgcore.DLL
0x00007fffc5240000 - 0x00007fffc52bb000 	C:\WINDOWS\System32\bcryptPrimitives.dll
0x00007fffbe5d0000 - 0x00007fffbe5df000 	C:\Program Files\Java\jdk-21\bin\instrument.dll
0x00007fffb11f0000 - 0x00007fffb120f000 	C:\Program Files\Java\jdk-21\bin\java.dll
0x00007fffc5c40000 - 0x00007fffc64dd000 	C:\WINDOWS\System32\SHELL32.dll
0x00007fffc5a60000 - 0x00007fffc5b9f000 	C:\WINDOWS\System32\wintypes.dll
0x00007fffc2f90000 - 0x00007fffc38ad000 	C:\WINDOWS\SYSTEM32\windows.storage.dll
0x00007fffc7750000 - 0x00007fffc785b000 	C:\WINDOWS\System32\SHCORE.dll
0x00007fffc7f00000 - 0x00007fffc7f66000 	C:\WINDOWS\System32\shlwapi.dll
0x00007fffc4fd0000 - 0x00007fffc4ffb000 	C:\WINDOWS\SYSTEM32\profapi.dll
0x00007fffaa4d0000 - 0x00007fffaa5a7000 	C:\Program Files\Java\jdk-21\bin\jsvml.dll
0x00007fffaf6d0000 - 0x00007fffaf6e8000 	C:\Program Files\Java\jdk-21\bin\zip.dll
0x00007fffb11e0000 - 0x00007fffb11f0000 	C:\Program Files\Java\jdk-21\bin\net.dll
0x00007fffc23c0000 - 0x00007fffc24ec000 	C:\WINDOWS\SYSTEM32\WINHTTP.dll
0x00007fffc4540000 - 0x00007fffc45aa000 	C:\WINDOWS\system32\mswsock.dll
0x00007fffb0c10000 - 0x00007fffb0c26000 	C:\Program Files\Java\jdk-21\bin\nio.dll
0x00007fffa9240000 - 0x00007fffa925a000 	C:\Program Files\JetBrains\IntelliJ IDEA Community Edition 2024.3.1.1\bin\breakgen64.dll
0x00007fffb0b40000 - 0x00007fffb0b49000 	C:\Program Files\Java\jdk-21\bin\extnet.dll
0x00007fffb0c00000 - 0x00007fffb0c0e000 	C:\Program Files\Java\jdk-21\bin\sunmscapi.dll
0x00007fffc50d0000 - 0x00007fffc5237000 	C:\WINDOWS\System32\CRYPT32.dll
0x00007fffc4970000 - 0x00007fffc499d000 	C:\WINDOWS\SYSTEM32\ncrypt.dll
0x00007fffc4930000 - 0x00007fffc4967000 	C:\WINDOWS\SYSTEM32\NTASN1.dll
0x00007fffc47c0000 - 0x00007fffc47db000 	C:\WINDOWS\SYSTEM32\CRYPTSP.dll
0x00007fffc4010000 - 0x00007fffc4047000 	C:\WINDOWS\system32\rsaenh.dll
0x00007fffc4650000 - 0x00007fffc4678000 	C:\WINDOWS\SYSTEM32\USERENV.dll
0x00007fffc47b0000 - 0x00007fffc47bc000 	C:\WINDOWS\SYSTEM32\CRYPTBASE.dll
0x00007fffc3b10000 - 0x00007fffc3b3d000 	C:\WINDOWS\SYSTEM32\IPHLPAPI.DLL
0x00007fffc7350000 - 0x00007fffc7359000 	C:\WINDOWS\System32\NSI.dll
0x00007fffb0b20000 - 0x00007fffb0b2a000 	C:\Program Files\Java\jdk-21\bin\management.dll
0x00007fffaf6c0000 - 0x00007fffaf6cb000 	C:\Program Files\Java\jdk-21\bin\management_ext.dll
0x00007fffc6840000 - 0x00007fffc6848000 	C:\WINDOWS\System32\PSAPI.DLL
0x00007fffa9540000 - 0x00007fffa9550000 	C:\Program Files\Java\jdk-21\bin\verify.dll

dbghelp: loaded successfully - version: 4.0.5 - missing functions: none
symbol engine: initialized successfully - sym options: 0x614 - pdb path: .;C:\Program Files\Java\jdk-21\bin;C:\WINDOWS\SYSTEM32;C:\Program Files\Avast Software\Avast;C:\WINDOWS\WinSxS\amd64_microsoft.windows.common-controls_6595b64144ccf1df_6.0.22621.5262_none_2712bde373830908;C:\Program Files\Java\jdk-21\bin\server;C:\Program Files\JetBrains\IntelliJ IDEA Community Edition 2024.3.1.1\bin

VM Arguments:
jvm_args: -javaagent:C:\Program Files\JetBrains\IntelliJ IDEA Community Edition 2024.3.1.1\lib\idea_rt.jar=12491:C:\Program Files\JetBrains\IntelliJ IDEA Community Edition 2024.3.1.1\bin -Dfile.encoding=UTF-8 -Dsun.stdout.encoding=UTF-8 -Dsun.stderr.encoding=UTF-8 
java_command: com.donation.ddb.DdbApplication
java_class_path (initial): D:\clean\ddb\ddb\out\production\classes;D:\clean\ddb\ddb\out\production\resources;C:\Users\tadyy\.gradle\caches\modules-2\files-2.1\org.springframework.boot\spring-boot-starter-data-jpa\3.4.4\7e0ab04a0aa460295c7a2e485c7809a733469824\spring-boot-starter-data-jpa-3.4.4.jar;C:\Users\tadyy\.gradle\caches\modules-2\files-2.1\org.springframework.boot\spring-boot-starter-security\3.4.4\796c83e0f08979c87b62d19d7d956d1ea453f4cd\spring-boot-starter-security-3.4.4.jar;C:\Users\tadyy\.gradle\caches\modules-2\files-2.1\org.springframework.boot\spring-boot-starter-web\3.4.4\441c0c71f38783c1d34b8bac5f06f1fa6b103274\spring-boot-starter-web-3.4.4.jar;C:\Users\tadyy\.gradle\caches\modules-2\files-2.1\org.springframework.boot\spring-boot-starter-validation\3.4.4\fa0bc381ac02704bb56631c13e33c3be437aa5c\spring-boot-starter-validation-3.4.4.jar;C:\Users\tadyy\.gradle\caches\modules-2\files-2.1\org.springframework.boot\spring-boot-starter-mail\3.4.4\f49875757d6fd0f2d253e3fde02d3581a675e02f\spring-boot-starter-mail-3.4.4.jar;C:\Users\tadyy\.gradle\caches\modules-2\files-2.1\org.springframework.boot\spring-boot-starter-data-jdbc\3.4.4\d640ae78444b62e35e03c378278cc75886f054f8\spring-boot-starter-data-jdbc-3.4.4.jar;C:\Users\tadyy\.gradle\caches\modules-2\files-2.1\jakarta.annotation\jakarta.annotation-api\2.1.1\48b9bda22b091b1f48b13af03fe36db3be6e1ae3\jakarta.annotation-api-2.1.1.jar;C:\Users\tadyy\.gradle\caches\modules-2\files-2.1\jakarta.persistence\jakarta.persistence-api\3.1.0\66901fa1c373c6aff65c13791cc11da72060a8d6\jakarta.persistence-api-3.1.0.jar;C:\Users\tadyy\.gradle\caches\modules-2\files-2.1\org.web3j\core\4.9.4\dec75a0c2ff1cd8db57f1484cb7b31cd0d6480b7\core-4.9.4.jar;C:\Users\tadyy\.gradle\caches\modules-2\files-2.1\jakarta.validation\jakarta.validation-api\3.0.2\92b6631659ba35ca09e44874d3eb936edfeee532\jakarta.validation-api-3.0.2.jar;C:\Users\tadyy\.gradle\caches\modules-2\files-2.1\io.jsonwebtoken\jjwt-api\0.11.5\f742940045619d06383e7df37b21ac422b476cf1\jjwt-api-0.11.5.jar;C:\Users\tadyy\.gradle\caches\modules-2\files-2.1\com.querydsl\querydsl-jpa\5.0.0\2a653852848dee41b967d3520be3339f0f92f1ea\querydsl-jpa-5.0.0-jakarta.jar;C:\Users\tadyy\.gradle\caches\modules-2\files-2.1\org.springframework.boot\spring-boot-starter-jdbc\3.4.4\c1059487b20babd2e0552d285d64d3cb655d0c4d\spring-boot-starter-jdbc-3.4.4.jar;C:\Users\tadyy\.gradle\caches\modules-2\files-2.1\org.springframework.boot\spring-boot-starter\3.4.4\6ad00ebe69a28a5c1c97f80f81920d65e0e4250b\spring-boot-starter-3.4.4.jar;C:\Users\tadyy\.gradle\caches\modules-2\files-2.1\org.springframework.data\spring-data-jpa\3.4.4\50f826d0dd60af289321bde6f5eea8fc48131c75\spring-data-jpa-3.4.4.jar;C:\Users\tadyy\.gradle\caches\modules-2\files-2.1\org.hibernate.orm\hibernate-core\6.6.11.Final\d5330ab0dd5f5cc810086b7fb66cec8b2d2f5213\hibernate-core-6.6.11.Final.jar;C:\Users\tadyy\.gradle\caches\modules-2\files-2.1\org.springframework\spring-aspects\6.2.5\971b57bb59d4890a3db5f1e20f89effa7df8c149\spring-aspects-6.2.5.jar;C:\Users\tadyy\.gradle\caches\modules-2\files-2.1\org.springframework.security\spring-security-config\6.4.4\2bb5d949fc3b935a88c701555fdc3af3d0381228\spring-security-config-6.4.4.jar;C:\Users\tadyy\.gradle\caches\modules-2\files-2.1\org.springframework.security\spring-security-web\6.4.4\b33b3eba22ef5242caef0cf3c0575b0cc303519b\spring-security-web-6.4.4.jar;C:\Users\tadyy\.gradle\caches\modules-2\files-2.1\org.springframework\spring-aop\6.2.5\9f436be65bf45ee8643d93e6823d6c81e8f9f91a\spring-aop-6.2.5.jar;C:\Users\tadyy\.gradle\caches\modules-2\files-2.1\org.springframework.boot\spring-boot-starter-json\3.4.4\7f7ca72abcab50661b7b5d23f63b3bc2375bb2b3\spring-boot-starter-json-3.4.4.jar;C:\Users\tadyy\.gradle\caches\modules-2\files-2.1\org.springframework.boot\spring-boot-starter-tomcat\3.4.4\4b18ac49cf13ef2c9a98418ebd8fc212a5259da9\spring-boot-starter-tomcat-3.4.4.jar;C:\Users\tadyy\.gradle\caches\modules-2\files-2.1\org.springframework\spring-webmvc\6.2.5\db8f1171041d7091f3de80cffdfb9d6c5fbf3015\spring-webmvc-6.2.5.jar;C:\Users\tadyy\.gradle\caches\modules-2\files-2.1\org.springframework\spring-web\6.2.5\b42d2c0acbe05bad4c849883aa8816c25b6c1d94\spring-web-6.2.5.jar;C:\Users\tadyy\.gradle\caches\modules-2\files-2.1\org.hibernate.validator\hibernate-validator\8.0.2.Final\220e64815dd87535525331de20570017f899eb13\hibernate-validator-8.0.2.Final.jar;C:\Users\tadyy\.gradle\caches\modules-2\files-2.1\org.apache.tomcat.embed\tomcat-embed-el\10.1.39\88ff05c768c4654097ab0a9f2b49368a0877ad76\tomcat-embed-el-10.1.39.jar;C:\Users\tadyy\.gradle\caches\modules-2\files-2.1\org.springframework\spring-context-support\6.2.5\a084213d1f07c916e6bc3ff016eb9d3022a4da5c\spring-context-support-6.2.5.jar;C:\Users\tadyy\.gradle\caches\modules-2\files-2.1\org.eclipse.angus\jakarta.mail\2.0.3\3dea6aeee9603f573687b0d4da5dc1316d921bb7\jakarta.mail-2.0.3.jar;C:\Users\tadyy\.gradle\caches\modules-2\files-2.1\org.springframework.data\spring-data-jdbc\3.4.4\23bdac8dbe381b59b7b8b579df0b926f9505947c\spring-data-jdbc-3.4.4.jar;C:\Users\tadyy\.gradle\caches\modules-2\files-2.1\org.web3j\crypto\4.9.4\7b896c2ee9d7e1516b790f5adc1605284638b599\crypto-4.9.4.jar;C:\Users\tadyy\.gradle\caches\modules-2\files-2.1\org.web3j\abi\4.9.4\eb968642e60450b72db4819ed770da139e9f72cc\abi-4.9.4.jar;C:\Users\tadyy\.gradle\caches\modules-2\files-2.1\org.web3j\tuples\4.9.4\1cea061914a5350589aaa4f6a4ea12be9d818682\tuples-4.9.4.jar;C:\Users\tadyy\.gradle\caches\modules-2\files-2.1\com.github.jnr\jnr-unixsocket\0.38.17\5412abed09c78ca3d298d34a67c9b61ab8456afb\jnr-unixsocket-0.38.17.jar;C:\Users\tadyy\.gradle\caches\modules-2\files-2.1\com.squareup.okhttp3\logging-interceptor\4.9.0\f9ce50fc73074fc4e7bde6e177e8bb4792045e\logging-interceptor-4.9.0.jar;C:\Users\tadyy\.gradle\caches\modules-2\files-2.1\com.squareup.okhttp3\okhttp\4.9.0\8e17601d3bdc8cf57902c154de021931d2c27c1\okhttp-4.9.0.jar;C:\Users\tadyy\.gradle\caches\modules-2\files-2.1\io.reactivex.rxjava2\rxjava\2.2.2\db2277cb0641bd8bd2f491fab555d37345351d6\rxjava-2.2.2.jar;C:\Users\tadyy\.gradle\caches\modules-2\files-2.1\org.java-websocket\Java-WebSocket\1.5.2\295b2a02c9e20dc5548609bc4af0c4dc3e52e22b\Java-WebSocket-1.5.2.jar;C:\Users\tadyy\.gradle\caches\modules-2\files-2.1\com.fasterxml.jackson.core\jackson-databind\2.18.3\537e3886263e3b3464385040453e92567fd509e2\jackson-databind-2.18.3.jar;C:\Users\tadyy\.gradle\caches\modules-2\files-2.1\org.slf4j\slf4j-api\2.0.17\d9e58ac9c7779ba3bf8142aff6c830617a7fe60f\slf4j-api-2.0.17.jar;C:\Users\tadyy\.gradle\caches\modules-2\files-2.1\com.querydsl\querydsl-core\5.1.0\be322c3fe98de8e7c204afb8860bfabd81a3bafd\querydsl-core-5.1.0.jar;C:\Users\tadyy\.gradle\caches\modules-2\files-2.1\com.zaxxer\HikariCP\5.1.0\8c96e36c14461fc436bb02b264b96ef3ca5dca8c\HikariCP-5.1.0.jar;C:\Users\tadyy\.gradle\caches\modules-2\files-2.1\org.springframework\spring-jdbc\6.2.5\6eef7c5ac8266aa308522568d98669d82e8ef61f\spring-jdbc-6.2.5.jar;C:\Users\tadyy\.gradle\caches\modules-2\files-2.1\org.springframework.boot\spring-boot-autoconfigure\3.4.4\5ebc8c0682374768ee6eac9acf12f41e76762207\spring-boot-autoconfigure-3.4.4.jar;C:\Users\tadyy\.gradle\caches\modules-2\files-2.1\org.springframework.boot\spring-boot\3.4.4\f9dbe14c2e5e35a2cd27156802ea6b7c42ab34fd\spring-boot-3.4.4.jar;C:\Users\tadyy\.gradle\caches\modules-2\files-2.1\org.springframework.boot\spring-boot-starter-logging\3.4.4\1a7bbfd57e0b2d0bde8ffd6aa7a0ebd94e4b0aed\spring-boot-starter-logging-3.4.4.jar;C:\Users\tadyy\.gradle\caches\modules-2\files-2.1\org.springframework\spring-core\6.2.5\d6786db7122037bf605e54e3b35f262a19b8d502\spring-core-6.2.5.jar;C:\Users\tadyy\.gradle\caches\modules-2\files-2.1\org.yaml\snakeyaml\2.3\936b36210e27320f920536f695cf1af210c44586\snakeyaml-2.3.jar;C:\Users\tadyy\.gradle\caches\modules-2\files-2.1\org.springframework\spring-context\6.2.5\237de0c3afca2099ab497cc7464726c02b8ab5c5\spring-context-6.2.5.jar;C:\Users\tadyy\.gradle\caches\modules-2\files-2.1\org.springframework.data\spring-data-commons\3.4.4\24bb91254820f1dd3087ae95667e9bb0a6942b23\spring-data-commons-3.4.4.jar;C:\Users\tadyy\.gradle\caches\modules-2\files-2.1\org.springframework\spring-orm\6.2.5\b2edc79b16b9cad32666dfdc8cc92896429b9c\spring-orm-6.2.5.jar;C:\Users\tadyy\.gradle\caches\modules-2\files-2.1\org.springframework\spring-tx\6.2.5\99ecc1c976f58ad63df7205e18eac628f2f1fa9a\spring-tx-6.2.5.jar;C:\Users\tadyy\.gradle\caches\modules-2\files-2.1\org.springframework\spring-beans\6.2.5\6f8eb671d9905da5a73bc9ab7e703e9fed6a0c3f\spring-beans-6.2.5.jar;C:\Users\tadyy\.gradle\caches\modules-2\files-2.1\org.antlr\antlr4-runtime\4.13.0\5a02e48521624faaf5ff4d99afc88b01686af655\antlr4-runtime-4.13.0.jar;C:\Users\tadyy\.gradle\caches\modules-2\files-2.1\jakarta.transaction\jakarta.transaction-api\2.0.1\51a520e3fae406abb84e2e1148e6746ce3f80a1a\jakarta.transaction-api-2.0.1.jar;C:\Users\tadyy\.gradle\caches\modules-2\files-2.1\org.aspectj\aspectjweaver\1.9.23\5b2fd88a62b334f51ac7d002b57dfccd68b22724\aspectjweaver-1.9.23.jar;C:\Users\tadyy\.gradle\caches\modules-2\files-2.1\org.springframework.security\spring-security-core\6.4.4\adccc33ba9baf99b4e42436424a4013f89a8806a\spring-security-core-6.4.4.jar;C:\Users\tadyy\.gradle\caches\modules-2\files-2.1\org.springframework\spring-expression\6.2.5\cb39181911dabe3b3d9992c4b4da38468726ea72\spring-expression-6.2.5.jar;C:\Users\tadyy\.gradle\caches\modules-2\files-2.1\com.fasterxml.jackson.datatype\jackson-datatype-jsr310\2.18.3\cc57924cccf42fc852081c36215272f84ffcd991\jackson-datatype-jsr310-2.18.3.jar;C:\Users\tadyy\.gradle\caches\modules-2\files-2.1\com.fasterxml.jackson.module\jackson-module-parameter-names\2.18.3\fa63ae5eb3956b1a6d7a7ead2b513af89dea22e7\jackson-module-parameter-names-2.18.3.jar;C:\Users\tadyy\.gradle\caches\modules-2\files-2.1\com.fasterxml.jackson.datatype\jackson-datatype-jdk8\2.18.3\621558295660935134b171ce2b0d9ad6842ec2ff\jackson-datatype-jdk8-2.18.3.jar;C:\Users\tadyy\.gradle\caches\modules-2\files-2.1\org.apache.tomcat.embed\tomcat-embed-websocket\10.1.39\abf50abbbae651f95dfcf9fae05f919bfa9b7046\tomcat-embed-websocket-10.1.39.jar;C:\Users\tadyy\.gradle\caches\modules-2\files-2.1\org.apache.tomcat.embed\tomcat-embed-core\10.1.39\f6acead04214d5aaea82c2639392208df33b3abe\tomcat-embed-core-10.1.39.jar;C:\Users\tadyy\.gradle\caches\modules-2\files-2.1\io.micrometer\micrometer-observation\1.14.5\b23dff6bf07a29f67fdae8f3f3f8f1c78fa7b126\micrometer-observation-1.14.5.jar;C:\Users\tadyy\.gradle\caches\modules-2\files-2.1\org.jboss.logging\jboss-logging\3.6.1.Final\886afbb445b4016a37c8960a7aef6ebd769ce7e5\jboss-logging-3.6.1.Final.jar;C:\Users\tadyy\.gradle\caches\modules-2\files-2.1\com.fasterxml\classmate\1.7.0\e98374da1f2143ac8e6e0a95036994bb19137a3\classmate-1.7.0.jar;C:\Users\tadyy\.gradle\caches\modules-2\files-2.1\jakarta.activation\jakarta.activation-api\2.1.3\fa165bd70cda600368eee31555222776a46b881f\jakarta.activation-api-2.1.3.jar;C:\Users\tadyy\.gradle\caches\modules-2\files-2.1\org.springframework.data\spring-data-relational\3.4.4\912290aa03c55ce5edc7f260e131e67c730b2ddb\spring-data-relational-3.4.4.jar;C:\Users\tadyy\.gradle\caches\modules-2\files-2.1\org.web3j\rlp\4.9.4\978f9e3d33cd2ba9fa3e4576d391d4d231f3702b\rlp-4.9.4.jar;C:\Users\tadyy\.gradle\caches\modules-2\files-2.1\org.web3j\utils\4.9.4\9c179107f972e004bbc7624448e8a0a922690065\utils-4.9.4.jar;C:\Users\tadyy\.gradle\caches\modules-2\files-2.1\com.github.jnr\jnr-enxio\0.32.13\977716da761c3a935efca0b3b090cd987a5c1aeb\jnr-enxio-0.32.13.jar;C:\Users\tadyy\.gradle\caches\modules-2\files-2.1\com.github.jnr\jnr-posix\3.1.15\f7d6737adcbd5925d625b8f99166de2cbf13caac\jnr-posix-3.1.15.jar;C:\Users\tadyy\.gradle\caches\modules-2\files-2.1\com.github.jnr\jnr-ffi\2.2.11\bcf004ce358c87fc4cd2853b658d336348d0370f\jnr-ffi-2.2.11.jar;C:\Users\tadyy\.gradle\caches\modules-2\files-2.1\com.github.jnr\jnr-constants\0.10.3\af19ec7359dd72cbc7869c00bf7cdfa4c308e985\jnr-constants-0.10.3.jar;C:\Users\tadyy\.gradle\caches\modules-2\files-2.1\org.jetbrains.kotlin\kotlin-stdlib-jdk8\1.9.25\20d44e880a284f7b5cd99dd69450b403073f49b2\kotlin-stdlib-jdk8-1.9.25.jar;C:\Users\tadyy\.gradle\caches\modules-2\files-2.1\com.squareup.okio\okio\2.8.0\49b64e09d81c0cc84b267edd0c2fd7df5a64c78c\okio-jvm-2.8.0.jar;C:\Users\tadyy\.gradle\caches\modules-2\files-2.1\org.jetbrains.kotlin\kotlin-stdlib\1.9.25\f700a2f2b8f0d6d0fde48f56d894dc722fb029d7\kotlin-stdlib-1.9.25.jar;C:\Users\tadyy\.gradle\caches\modules-2\files-2.1\org.reactivestreams\reactive-streams\1.0.4\3864a1320d97d7b045f729a326e1e077661f31b7\reactive-streams-1.0.4.jar;C:\Users\tadyy\.gradle\caches\modules-2\files-2.1\com.fasterxml.jackson.core\jackson-annotations\2.18.3\7fa21cf7da4598f8240e4ebd9779249622af1acd\jackson-annotations-2.18.3.jar;C:\Users\tadyy\.gradle\caches\modules-2\files-2.1\com.fasterxml.jackson.core\jackson-core\2.18.3\78f80c259268200e588aa204dd97ecf09b76916e\jackson-core-2.18.3.jar;C:\Users\tadyy\.gradle\caches\modules-2\files-2.1\com.mysema.commons\mysema-commons-lang\0.2.4\d09c8489d54251a6c22fbce804bdd4a070557317\mysema-commons-lang-0.2.4.jar;C:\Users\tadyy\.gradle\caches\modules-2\files-2.1\ch.qos.logback\logback-classic\1.5.18\fc371f3fc97a639de2d67947cffb7518ec5e3d40\logback-classic-1.5.18.jar;C:\Users\tadyy\.gradle\caches\modules-2\files-2.1\org.apache.logging.log4j\log4j-to-slf4j\2.24.3\da1143e2a2531ee1c2d90baa98eb50a28a39d5a7\log4j-to-slf4j-2.24.3.jar;C:\Users\tadyy\.gradle\caches\modules-2\files-2.1\org.slf4j\jul-to-slf4j\2.0.17\524cb6ccc2b68a57604750e1ab8b13b5a786a6aa\jul-to-slf4j-2.0.17.jar;C:\Users\tadyy\.gradle\caches\modules-2\files-2.1\org.springframework\spring-jcl\6.2.5\1b8db3715dc78bd18b60869458d5ee8829ad8e99\spring-jcl-6.2.5.jar;C:\Users\tadyy\.gradle\caches\modules-2\files-2.1\org.springframework.security\spring-security-crypto\6.4.4\914088f7c73375ee02cbe69c159b6460dc2f346b\spring-security-crypto-6.4.4.jar;C:\Users\tadyy\.gradle\caches\modules-2\files-2.1\io.micrometer\micrometer-commons\1.14.5\6201a40489ccedc9539c5f7a2c84e9e64702bf10\micrometer-commons-1.14.5.jar;C:\Users\tadyy\.gradle\caches\modules-2\files-2.1\org.bouncycastle\bcprov-jdk15on\1.68\46a080368d38b428d237a59458f9bc915222894d\bcprov-jdk15on-1.68.jar;C:\Users\tadyy\.gradle\caches\modules-2\files-2.1\com.github.jnr\jffi\1.3.9\b776ea131fa693af2c943368b52acf94131cbd7\jffi-1.3.9.jar;C:\Users\tadyy\.gradle\caches\modules-2\files-2.1\org.ow2.asm\asm-commons\9.2\f4d7f0fc9054386f2893b602454d48e07d4fbead\asm-commons-9.2.jar;C:\Users\tadyy\.gradle\caches\modules-2\files-2.1\org.ow2.asm\asm-util\9.2\fbc178fc5ba3dab50fd7e8a5317b8b647c8e8946\asm-util-9.2.jar;C:\Users\tadyy\.gradle\caches\modules-2\files-2.1\org.ow2.asm\asm-analysis\9.2\7487dd756daf96cab9986e44b9d7bcb796a61c10\asm-analysis-9.2.jar;C:\Users\tadyy\.gradle\caches\modules-2\files-2.1\org.ow2.asm\asm-tree\9.2\d96c99a30f5e1a19b0e609dbb19a44d8518ac01e\asm-tree-9.2.jar;C:\Users\tadyy\.gradle\caches\modules-2\files-2.1\org.ow2.asm\asm\9.2\81a03f76019c67362299c40e0ba13405f5467bff\asm-9.2.jar;C:\Users\tadyy\.gradle\caches\modules-2\files-2.1\com.github.jnr\jnr-a64asm\1.0.0\a1cb8dbe71b5a6a0288043c3ba3ca64545be165\jnr-a64asm-1.0.0.jar;C:\Users\tadyy\.gradle\caches\modules-2\files-2.1\com.github.jnr\jnr-x86asm\1.0.2\6936bbd6c5b235665d87bd450f5e13b52d4b48\jnr-x86asm-1.0.2.jar;C:\Users\tadyy\.gradle\caches\modules-2\files-2.1\org.jetbrains.kotlin\kotlin-stdlib-jdk7\1.9.25\1c166692314a2639e5edfed0d23ed7eee4a5c7a5\kotlin-stdlib-jdk7-1.9.25.jar;C:\Users\tadyy\.gradle\caches\modules-2\files-2.1\org.jetbrains\annotations\13.0\919f0dfe192fb4e063e7dacadee7f8bb9a2672a9\annotations-13.0.jar;C:\Users\tadyy\.gradle\caches\modules-2\files-2.1\ch.qos.logback\logback-core\1.5.18\6c0375624f6f36b4e089e2488ba21334a11ef13f\logback-core-1.5.18.jar;C:\Users\tadyy\.gradle\caches\modules-2\files-2.1\org.apache.logging.log4j\log4j-api\2.24.3\b02c125db8b6d295adf72ae6e71af5d83bce2370\log4j-api-2.24.3.jar;C:\Users\tadyy\.gradle\caches\modules-2\files-2.1\io.jsonwebtoken\jjwt-impl\0.11.5\40a599f0e8a8e4e0701596fbb15e67bfda64fdf0\jjwt-impl-0.11.5.jar;C:\Users\tadyy\.gradle\caches\modules-2\files-2.1\io.jsonwebtoken\jjwt-jackson\0.11.5\3b83a06809e98a69402d7333dcf67df6f6ea4579\jjwt-jackson-0.11.5.jar;C:\Users\tadyy\.gradle\caches\modules-2\files-2.1\org.postgresql\postgresql\42.7.5\747897987b86c741fb8b56f6b81929ae1e6e4b46\postgresql-42.7.5.jar;C:\Users\tadyy\.gradle\caches\modules-2\files-2.1\com.h2database\h2\2.3.232\4fcc05d966ccdb2812ae8b9a718f69226c0cf4e2\h2-2.3.232.jar;C:\Users\tadyy\.gradle\caches\modules-2\files-2.1\org.checkerframework\checker-qual\3.48.3\c48effe7d78de3cf5e8a98c614281ec6a2466a77\checker-qual-3.48.3.jar;C:\Users\tadyy\.gradle\caches\modules-2\files-2.1\org.hibernate.common\hibernate-commons-annotations\7.0.3.Final\e183c4be8bb41d12e9f19b374e00c34a0a85f439\hibernate-commons-annotations-7.0.3.Final.jar;C:\Users\tadyy\.gradle\caches\modules-2\files-2.1\io.smallrye\jandex\3.2.0\f17ad860f62a08487b9edabde608f8ac55c62fa7\jandex-3.2.0.jar;C:\Users\tadyy\.gradle\caches\modules-2\files-2.1\net.bytebuddy\byte-buddy\1.15.11\f61886478e0f9ee4c21d09574736f0ff45e0a46c\byte-buddy-1.15.11.jar;C:\Users\tadyy\.gradle\caches\modules-2\files-2.1\org.glassfish.jaxb\jaxb-runtime\4.0.5\ca84c2a7169b5293e232b9d00d1e4e36d4c3914a\jaxb-runtime-4.0.5.jar;C:\Users\tadyy\.gradle\caches\modules-2\files-2.1\jakarta.xml.bind\jakarta.xml.bind-api\4.0.2\6cd5a999b834b63238005b7144136379dc36cad2\jakarta.xml.bind-api-4.0.2.jar;C:\Users\tadyy\.gradle\caches\modules-2\files-2.1\jakarta.inject\jakarta.inject-api\2.0.1\4c28afe1991a941d7702fe1362c365f0a8641d1e\jakarta.inject-api-2.0.1.jar;C:\Users\tadyy\.gradle\caches\modules-2\files-2.1\org.eclipse.angus\angus-activation\2.0.2\41f1e0ddd157c856926ed149ab837d110955a9fc\angus-activation-2.0.2.jar;C:\Users\tadyy\.gradle\caches\modules-2\files-2.1\org.glassfish.jaxb\jaxb-core\4.0.5\7b4b11ea5542eea4ad55e1080b23be436795b3\jaxb-core-4.0.5.jar;C:\Users\tadyy\.gradle\caches\modules-2\files-2.1\com.github.jnr\jffi\1.3.9\163d683f80c06911f3e770c723d6e399e4c59448\jffi-1.3.9-native.jar;C:\Users\tadyy\.gradle\caches\modules-2\files-2.1\org.glassfish.jaxb\txw2\4.0.5\f36a4ef12120a9bb06d766d6a0e54b144fd7ed98\txw2-4.0.5.jar;C:\Users\tadyy\.gradle\caches\modules-2\files-2.1\com.sun.istack\istack-commons-runtime\4.1.2\18ec117c85f3ba0ac65409136afa8e42bc74e739\istack-commons-runtime-4.1.2.jar
Launcher Type: SUN_STANDARD

[Global flags]
     intx CICompilerCount                          = 4                                         {product} {ergonomic}
     uint ConcGCThreads                            = 2                                         {product} {ergonomic}
     uint G1ConcRefinementThreads                  = 8                                         {product} {ergonomic}
   size_t G1HeapRegionSize                         = 1048576                                   {product} {ergonomic}
    uintx GCDrainStackTargetSize                   = 64                                        {product} {ergonomic}
   size_t InitialHeapSize                          = 130023424                                 {product} {ergonomic}
   size_t MarkStackSize                            = 4194304                                   {product} {ergonomic}
   size_t MaxHeapSize                              = 2071986176                                {product} {ergonomic}
   size_t MaxNewSize                               = 1242562560                                {product} {ergonomic}
   size_t MinHeapDeltaBytes                        = 1048576                                   {product} {ergonomic}
   size_t MinHeapSize                              = 8388608                                   {product} {ergonomic}
    uintx NonNMethodCodeHeapSize                   = 5839372                                {pd product} {ergonomic}
    uintx NonProfiledCodeHeapSize                  = 122909434                              {pd product} {ergonomic}
    uintx ProfiledCodeHeapSize                     = 122909434                              {pd product} {ergonomic}
    uintx ReservedCodeCacheSize                    = 251658240                              {pd product} {ergonomic}
     bool SegmentedCodeCache                       = true                                      {product} {ergonomic}
   size_t SoftMaxHeapSize                          = 2071986176                             {manageable} {ergonomic}
     bool UseCompressedOops                        = true                           {product lp64_product} {ergonomic}
     bool UseG1GC                                  = true                                      {product} {ergonomic}
     bool UseLargePagesIndividualAllocation        = false                                  {pd product} {ergonomic}

Logging:
Log output configuration:
 #0: stdout all=warning uptime,level,tags foldmultilines=false
 #1: stderr all=off uptime,level,tags foldmultilines=false

Environment Variables:
JAVA_HOME=C:\Program Files\Java\jdk-21
PATH=C:\oraclexe\app\oracle\product\11.2.0\server\bin;C:\Program Files\Common Files\Oracle\Java\javapath;C:\Program Files\Java\jdk-21\bin;C:\oraclexe\app\oracle\product\11.2.0\server\bin;C:\Python27\;C:\Python27\Scripts;C:\WINDOWS\system32;C:\WINDOWS;C:\WINDOWS\System32\Wbem;C:\WINDOWS\System32\WindowsPowerShell\v1.0\;C:\WINDOWS\System32\OpenSSH\;C:\Program Files (x86)\QuickTime\QTSystem\;C:\Program Files\dotnet\;C:\Users\tadyy\AppData\Roaming\nvm;C:\Program Files\nodejs;C:\Program Files\Git\cmd;C:\Program Files\Docker\Docker\resources\bin;C:\Program Files\Microsoft SQL Server\Client SDK\ODBC\170\Tools\Binn\;C:\Program Files (x86)\Microsoft SQL Server\150\Tools\Binn\;C:\Program Files\Microsoft SQL Server\150\Tools\Binn\;C:\Program Files\Microsoft SQL Server\150\DTS\Binn\;C:\Program Files (x86)\Microsoft SQL Server\160\DTS\Binn\;C:\Program Files\Java\jdk-21\bin;C:\msys64\mingw64\bin;C:\Users\tadyy\AppData\Local\Programs\Python\Python310\Scripts\;C:\Users\tadyy\AppData\Local\Programs\Python\Python310\;C:\Users\tadyy\AppData\Local\Programs\Python\Python313\Scripts\;C:\Users\tadyy\AppData\Local\Programs\Python\Python313\;C:\Users\tadyy\AppData\Local\Programs\Python\Python311\Scripts\;C:\Users\tadyy\AppData\Local\Programs\Python\Python311\;C:\Users\tadyy\anaconda3;C:\Users\tadyy\anaconda3\Library\mingw-w64\bin;C:\Users\tadyy\anaconda3\Library\usr\bin;C:\Users\tadyy\anaconda3\Library\bin;C:\Users\tadyy\anaconda3\Scripts;C:\Users\tadyy\AppData\Local\Programs\Python\Python38\Scripts\;C:\Users\tadyy\AppData\Local\Programs\Python\Python38\;C:\Users\tadyy\AppData\Local\Microsoft\WindowsApps;C:\Users\tadyy\AppData\Local\Microsoft\WindowsApps;C:\Users\tadyy\AppData\Local\Programs\Microsoft VS Code\bin;C:\Users\tadyy\.dotnet\tools;C:\Users\tadyy\AppData\Roaming\nvm;C:\Program Files\nodejs;C:\Users\tadyy\AppData\Roaming\npm;C:\Program Files\JetBrains\IntelliJ IDEA Community Edition 2024.3.1.1\bin;;C:\Program Files\nodejs\node.exe;C:\msys64\mingw64\gdb.exe;D:\clean\lecture\cursor\resources\app\bin
USERNAME=tadyy
OS=Windows_NT
PROCESSOR_IDENTIFIER=Intel64 Family 6 Model 126 Stepping 5, GenuineIntel
TMP=C:\Users\tadyy\AppData\Local\Temp
TEMP=C:\Users\tadyy\AppData\Local\Temp




Periodic native trim disabled

---------------  S Y S T E M  ---------------

OS:
 Windows 11 , 64 bit Build 22621 (10.0.22621.5262)
OS uptime: 0 days 19:21 hours
Hyper-V role detected

CPU: total 8 (initial active 8) (4 cores per cpu, 2 threads per core) family 6 model 126 stepping 5 microcode 0x86, cx8, cmov, fxsr, ht, mmx, 3dnowpref, sse, sse2, sse3, ssse3, sse4.1, sse4.2, popcnt, lzcnt, tsc, tscinvbit, avx, avx2, aes, erms, clmul, bmi1, bmi2, adx, avx512f, avx512dq, avx512cd, avx512bw, avx512vl, sha, fma, vzeroupper, avx512_vpopcntdq, avx512_vpclmulqdq, avx512_vaes, avx512_vnni, clflush, clflushopt, avx512_vbmi2, avx512_vbmi, hv, rdtscp, rdpid, fsrm, gfni, avx512_bitalg, f16c, avx512_ifma
Processor Information for all 8 processors :
  Max Mhz: 1498, Current Mhz: 1198, Mhz Limit: 1198

Memory: 4k page, system-wide physical 7901M (760M free)
TotalPageFile size 28016M (AvailPageFile size 5M)
current process WorkingSet (physical memory assigned to process): 315M, peak: 315M
current process commit charge ("private bytes"): 352M, peak: 353M

vm_info: Java HotSpot(TM) 64-Bit Server VM (21.0.6+8-LTS-188) for windows-amd64 JRE (21.0.6+8-LTS-188), built on 2024-12-03T10:50:54Z by "mach5one" with MS VC++ 17.6 (VS2022)

END.
