#
# There is insufficient memory for the Java Runtime Environment to continue.
# Native memory allocation (mmap) failed to map 11534336 bytes for G1 virtual space
# Possible reasons:
#   The system is out of physical RAM or swap space
#   The process is running with CompressedOops enabled, and the Java Heap may be blocking the growth of the native heap
# Possible solutions:
#   Reduce memory load on the system
#   Increase physical memory or swap space
#   Check if swap backing store is full
#   Decrease Java heap size (-Xmx/-Xms)
#   Decrease number of Java threads
#   Decrease Java thread stack sizes (-Xss)
#   Set larger code cache with -XX:ReservedCodeCacheSize=
#   JVM is running with Unscaled Compressed Oops mode in which the Java heap is
#     placed in the first 4GB address space. The Java Heap base address is the
#     maximum limit for the native heap growth. Please use -XX:HeapBaseMinAddress
#     to set the Java Heap base and to place the Java Heap above 4GB virtual address.
# This output file may be truncated or incomplete.
#
#  Out of Memory Error (os_windows.cpp:3603), pid=35536, tid=27428
#
# JRE version: Java(TM) SE Runtime Environment (21.0.6+8) (build 21.0.6+8-LTS-188)
# Java VM: Java HotSpot(TM) 64-Bit Server VM (21.0.6+8-LTS-188, mixed mode, sharing, tiered, compressed oops, compressed class ptrs, g1 gc, windows-amd64)
# No core dump will be written. Minidumps are not enabled by default on client versions of Windows
#

---------------  S U M M A R Y ------------

Command Line: -javaagent:C:\Program Files\JetBrains\IntelliJ IDEA Community Edition 2024.3.1.1\lib\idea_rt.jar=12257:C:\Program Files\JetBrains\IntelliJ IDEA Community Edition 2024.3.1.1\bin -Dfile.encoding=UTF-8 -Dsun.stdout.encoding=UTF-8 -Dsun.stderr.encoding=UTF-8 com.donation.ddb.DdbApplication

Host: Intel(R) Core(TM) i5-1035G7 CPU @ 1.20GHz, 8 cores, 7G,  Windows 11 , 64 bit Build 22621 (10.0.22621.5262)
Time: Fri Jun  6 15:11:58 2025  Windows 11 , 64 bit Build 22621 (10.0.22621.5262) elapsed time: 76.848742 seconds (0d 0h 1m 16s)

---------------  T H R E A D  ---------------

Current thread (0x0000026157c98c90):  VMThread "VM Thread"          [id=27428, stack(0x000000fd50c00000,0x000000fd50d00000) (1024K)]

Stack: [0x000000fd50c00000,0x000000fd50d00000]
Native frames: (J=compiled Java code, j=interpreted, Vv=VM code, C=native code)
V  [jvm.dll+0x6ca6d9]
V  [jvm.dll+0x854f51]
V  [jvm.dll+0x85747e]
V  [jvm.dll+0x857b53]
V  [jvm.dll+0x27dcc6]
V  [jvm.dll+0x6c6e55]
V  [jvm.dll+0x6bb9da]
V  [jvm.dll+0x35393a]
V  [jvm.dll+0x35b596]
V  [jvm.dll+0x3adefe]
V  [jvm.dll+0x3ae1a8]
V  [jvm.dll+0x327cbc]
V  [jvm.dll+0x32a516]
V  [jvm.dll+0x3344c8]
V  [jvm.dll+0x36a795]
V  [jvm.dll+0x85d920]
V  [jvm.dll+0x85eca4]
V  [jvm.dll+0x85f1e0]
V  [jvm.dll+0x85f483]
V  [jvm.dll+0x7ff2fb]
V  [jvm.dll+0x6c8dbd]
C  [ucrtbase.dll+0x29333]
C  [KERNEL32.DLL+0x1259d]
C  [ntdll.dll+0x5af58]

VM_Operation (0x000000fd507ffa60): G1PauseRemark, mode: safepoint, requested by thread 0x0000026139504600


---------------  P R O C E S S  ---------------

Threads class SMR info:
_java_thread_list=0x000002619f0a3d50, length=37, elements={
0x0000026157cb07a0, 0x0000026157cb14b0, 0x0000026157cb5310, 0x0000026157cb7d70,
0x0000026157cb88f0, 0x0000026157cbf990, 0x0000026157cc2720, 0x0000026157cc31b0,
0x000002619d1104b0, 0x000002619d704930, 0x000002619d765690, 0x00000261a09695e0,
0x000002619e3a8590, 0x00000261a0969c40, 0x000002619f2bdf50, 0x00000261a05eb2a0,
0x00000261a09ed130, 0x00000261a09ee4e0, 0x00000261a09eb060, 0x00000261a09ebd80,
0x00000261a09eb6f0, 0x00000261a09ecaa0, 0x00000261a09ed7c0, 0x00000261a2b4fb20,
0x00000261a2b48b90, 0x00000261a2b4da50, 0x00000261a2b49f40, 0x00000261a2b4b980,
0x00000261a2b501b0, 0x00000261a2b4e0e0, 0x00000261a2b4e770, 0x00000261a2b49220,
0x00000261a2b4ee00, 0x00000261a2b4c010, 0x00000261a2b4ac60, 0x00000261a2b498b0,
0x00000261a05e36d0
}

Java Threads: ( => current thread )
  0x0000026157cb07a0 JavaThread "Reference Handler"          daemon [_thread_blocked, id=21100, stack(0x000000fd50d00000,0x000000fd50e00000) (1024K)]
  0x0000026157cb14b0 JavaThread "Finalizer"                  daemon [_thread_blocked, id=25912, stack(0x000000fd50e00000,0x000000fd50f00000) (1024K)]
  0x0000026157cb5310 JavaThread "Signal Dispatcher"          daemon [_thread_blocked, id=7684, stack(0x000000fd50f00000,0x000000fd51000000) (1024K)]
  0x0000026157cb7d70 JavaThread "Attach Listener"            daemon [_thread_blocked, id=12016, stack(0x000000fd51000000,0x000000fd51100000) (1024K)]
  0x0000026157cb88f0 JavaThread "Service Thread"             daemon [_thread_blocked, id=4024, stack(0x000000fd51100000,0x000000fd51200000) (1024K)]
  0x0000026157cbf990 JavaThread "Monitor Deflation Thread"   daemon [_thread_blocked, id=32964, stack(0x000000fd51200000,0x000000fd51300000) (1024K)]
  0x0000026157cc2720 JavaThread "C2 CompilerThread0"         daemon [_thread_blocked, id=8400, stack(0x000000fd51300000,0x000000fd51400000) (1024K)]
  0x0000026157cc31b0 JavaThread "C1 CompilerThread0"         daemon [_thread_blocked, id=27524, stack(0x000000fd51400000,0x000000fd51500000) (1024K)]
  0x000002619d1104b0 JavaThread "Common-Cleaner"             daemon [_thread_blocked, id=5116, stack(0x000000fd51500000,0x000000fd51600000) (1024K)]
  0x000002619d704930 JavaThread "Monitor Ctrl-Break"         daemon [_thread_in_native, id=31056, stack(0x000000fd51700000,0x000000fd51800000) (1024K)]
  0x000002619d765690 JavaThread "Notification Thread"        daemon [_thread_blocked, id=11508, stack(0x000000fd51800000,0x000000fd51900000) (1024K)]
  0x00000261a09695e0 JavaThread "Catalina-utility-1"                [_thread_blocked, id=36392, stack(0x000000fd52100000,0x000000fd52200000) (1024K)]
  0x000002619e3a8590 JavaThread "Catalina-utility-2"                [_thread_blocked, id=10524, stack(0x000000fd52200000,0x000000fd52300000) (1024K)]
  0x00000261a0969c40 JavaThread "container-0"                       [_thread_blocked, id=19272, stack(0x000000fd52300000,0x000000fd52400000) (1024K)]
  0x000002619f2bdf50 JavaThread "MVStore background writer C:/Users/tadyy/local2.mv.db" daemon [_thread_blocked, id=30552, stack(0x000000fd52400000,0x000000fd52500000) (1024K)]
  0x00000261a05eb2a0 JavaThread "HikariPool-1 housekeeper"   daemon [_thread_blocked, id=8160, stack(0x000000fd52500000,0x000000fd52600000) (1024K)]
  0x00000261a09ed130 JavaThread "H2-serialization"           daemon [_thread_blocked, id=27756, stack(0x000000fd52700000,0x000000fd52800000) (1024K)]
  0x00000261a09ee4e0 JavaThread "H2-save"                    daemon [_thread_blocked, id=20516, stack(0x000000fd52800000,0x000000fd52900000) (1024K)]
  0x00000261a09eb060 JavaThread "RxSchedulerPurge-1"         daemon [_thread_blocked, id=35044, stack(0x000000fd51600000,0x000000fd51700000) (1024K)]
  0x00000261a09ebd80 JavaThread "RxCachedWorkerPoolEvictor-1" daemon [_thread_blocked, id=28072, stack(0x000000fd52600000,0x000000fd52700000) (1024K)]
  0x00000261a09eb6f0 JavaThread "OkHttp TaskRunner"          daemon [_thread_blocked, id=35800, stack(0x000000fd52a00000,0x000000fd52b00000) (1024K)]
  0x00000261a09ecaa0 JavaThread "Okio Watchdog"              daemon [_thread_blocked, id=11784, stack(0x000000fd52b00000,0x000000fd52c00000) (1024K)]
  0x00000261a09ed7c0 JavaThread "http-nio-0.0.0.0-8080-exec-1" daemon [_thread_blocked, id=11936, stack(0x000000fd52e00000,0x000000fd52f00000) (1024K)]
  0x00000261a2b4fb20 JavaThread "http-nio-0.0.0.0-8080-exec-2" daemon [_thread_blocked, id=15252, stack(0x000000fd52f00000,0x000000fd53000000) (1024K)]
  0x00000261a2b48b90 JavaThread "http-nio-0.0.0.0-8080-exec-3" daemon [_thread_blocked, id=2476, stack(0x000000fd53000000,0x000000fd53100000) (1024K)]
  0x00000261a2b4da50 JavaThread "http-nio-0.0.0.0-8080-exec-4" daemon [_thread_blocked, id=30564, stack(0x000000fd53100000,0x000000fd53200000) (1024K)]
  0x00000261a2b49f40 JavaThread "http-nio-0.0.0.0-8080-exec-5" daemon [_thread_blocked, id=22100, stack(0x000000fd53200000,0x000000fd53300000) (1024K)]
  0x00000261a2b4b980 JavaThread "http-nio-0.0.0.0-8080-exec-6" daemon [_thread_blocked, id=13024, stack(0x000000fd53300000,0x000000fd53400000) (1024K)]
  0x00000261a2b501b0 JavaThread "http-nio-0.0.0.0-8080-exec-7" daemon [_thread_blocked, id=36444, stack(0x000000fd53400000,0x000000fd53500000) (1024K)]
  0x00000261a2b4e0e0 JavaThread "http-nio-0.0.0.0-8080-exec-8" daemon [_thread_blocked, id=31100, stack(0x000000fd53500000,0x000000fd53600000) (1024K)]
  0x00000261a2b4e770 JavaThread "http-nio-0.0.0.0-8080-exec-9" daemon [_thread_blocked, id=20772, stack(0x000000fd53600000,0x000000fd53700000) (1024K)]
  0x00000261a2b49220 JavaThread "http-nio-0.0.0.0-8080-exec-10" daemon [_thread_blocked, id=25420, stack(0x000000fd53700000,0x000000fd53800000) (1024K)]
  0x00000261a2b4ee00 JavaThread "http-nio-0.0.0.0-8080-Poller" daemon [_thread_in_native, id=9304, stack(0x000000fd53800000,0x000000fd53900000) (1024K)]
  0x00000261a2b4c010 JavaThread "http-nio-0.0.0.0-8080-Acceptor" daemon [_thread_in_native, id=27388, stack(0x000000fd53900000,0x000000fd53a00000) (1024K)]
  0x00000261a2b4ac60 JavaThread "scheduling-1"                      [_thread_blocked, id=21460, stack(0x000000fd53a00000,0x000000fd53b00000) (1024K)]
  0x00000261a2b498b0 JavaThread "DestroyJavaVM"                     [_thread_blocked, id=28844, stack(0x000000fd50500000,0x000000fd50600000) (1024K)]
  0x00000261a05e36d0 JavaThread "C2 CompilerThread1"         daemon [_thread_blocked, id=15960, stack(0x000000fd50200000,0x000000fd50300000) (1024K)]
Total: 37

Other Threads:
=>0x0000026157c98c90 VMThread "VM Thread"                           [id=27428, stack(0x000000fd50c00000,0x000000fd50d00000) (1024K)]
  0x0000026157c85f10 WatcherThread "VM Periodic Task Thread"        [id=28980, stack(0x000000fd50b00000,0x000000fd50c00000) (1024K)]
  0x00000261394f3010 WorkerThread "GC Thread#0"                     [id=17788, stack(0x000000fd50600000,0x000000fd50700000) (1024K)]
  0x000002619dc0f8b0 WorkerThread "GC Thread#1"                     [id=18016, stack(0x000000fd51900000,0x000000fd51a00000) (1024K)]
  0x000002619d947c80 WorkerThread "GC Thread#2"                     [id=21184, stack(0x000000fd51a00000,0x000000fd51b00000) (1024K)]
  0x000002619e073210 WorkerThread "GC Thread#3"                     [id=15992, stack(0x000000fd51b00000,0x000000fd51c00000) (1024K)]
  0x000002619dbfebd0 WorkerThread "GC Thread#4"                     [id=5056, stack(0x000000fd51c00000,0x000000fd51d00000) (1024K)]
  0x000002619d965d70 WorkerThread "GC Thread#5"                     [id=14532, stack(0x000000fd51d00000,0x000000fd51e00000) (1024K)]
  0x000002619e5d48e0 WorkerThread "GC Thread#6"                     [id=16612, stack(0x000000fd51f00000,0x000000fd52000000) (1024K)]
  0x000002619e5d4c80 WorkerThread "GC Thread#7"                     [id=18464, stack(0x000000fd52000000,0x000000fd52100000) (1024K)]
  0x0000026139504600 ConcurrentGCThread "G1 Main Marker"            [id=27432, stack(0x000000fd50700000,0x000000fd50800000) (1024K)]
  0x0000026139506960 WorkerThread "G1 Conc#0"                       [id=16800, stack(0x000000fd50800000,0x000000fd50900000) (1024K)]
  0x000002619e5d5760 WorkerThread "G1 Conc#1"                       [id=26028, stack(0x000000fd51e00000,0x000000fd51f00000) (1024K)]
  0x000002613953e830 ConcurrentGCThread "G1 Refine#0"               [id=22348, stack(0x000000fd50900000,0x000000fd50a00000) (1024K)]
  0x0000026157b54600 ConcurrentGCThread "G1 Service"                [id=25284, stack(0x000000fd50a00000,0x000000fd50b00000) (1024K)]
Total: 15

Threads with active compile tasks:
C2 CompilerThread0    77031 10505       4       org.antlr.v4.runtime.atn.ParserATNSimulator::computeReachSet (575 bytes)
C2 CompilerThread1    77032 10512   !   4       java.util.concurrent.ConcurrentHashMap::replaceNode (437 bytes)
Total: 2

VM state: at safepoint (normal execution)

VM Mutex/Monitor currently owned by a thread:  ([mutex/lock_event])
[0x00007fff3601de98] Threads_lock - owner thread: 0x0000026157c98c90
[0x00007fff3601df98] Heap_lock - owner thread: 0x0000026139504600

Heap address: 0x0000000084800000, size: 1976 MB, Compressed Oops mode: 32-bit

CDS archive(s) mapped at: [0x0000026158000000-0x0000026158c90000-0x0000026158c90000), size 13172736, SharedBaseAddress: 0x0000026158000000, ArchiveRelocationMode: 1.
Compressed class space mapped at: 0x0000026159000000-0x0000026199000000, reserved size: 1073741824
Narrow klass base: 0x0000026158000000, Narrow klass shift: 0, Narrow klass range: 0x100000000

GC Precious Log:
 CardTable entry size: 512
 Card Set container configuration: InlinePtr #cards 5 size 8 Array Of Cards #cards 12 size 40 Howl #buckets 4 coarsen threshold 1843 Howl Bitmap #cards 512 size 80 coarsen threshold 460 Card regions per heap region 1 cards per card region 2048
 CPUs: 8 total, 8 available
 Memory: 7901M
 Large Page Support: Disabled
 NUMA Support: Disabled
 Compressed Oops: Enabled (32-bit)
 Heap Region Size: 1M
 Heap Min Capacity: 8M
 Heap Initial Capacity: 124M
 Heap Max Capacity: 1976M
 Pre-touch: Disabled
 Parallel Workers: 8
 Concurrent Workers: 2
 Concurrent Refinement Workers: 8
 Periodic GC: Disabled

Heap:
 garbage-first heap   total 131072K, used 83297K [0x0000000084800000, 0x0000000100000000)
  region size 1024K, 21 young (21504K), 7 survivors (7168K)
 Metaspace       used 95698K, committed 96576K, reserved 1179648K
  class space    used 12674K, committed 13056K, reserved 1048576K

Heap Regions: E=young(eden), S=young(survivor), O=old, HS=humongous(starts), HC=humongous(continues), CS=collection set, F=free, TAMS=top-at-mark-start, PB=parsable bottom
|   0|0x0000000084800000, 0x0000000084900000, 0x0000000084900000|100%|HS|  |TAMS 0x0000000084900000| PB 0x0000000084800000| Complete 
|   1|0x0000000084900000, 0x0000000084a00000, 0x0000000084a00000|100%| O|  |TAMS 0x0000000084a00000| PB 0x0000000084a00000| Untracked 
|   2|0x0000000084a00000, 0x0000000084b00000, 0x0000000084b00000|100%|HS|  |TAMS 0x0000000084b00000| PB 0x0000000084a00000| Complete 
|   3|0x0000000084b00000, 0x0000000084c00000, 0x0000000084c00000|100%| O|  |TAMS 0x0000000084c00000| PB 0x0000000084c00000| Untracked 
|   4|0x0000000084c00000, 0x0000000084d00000, 0x0000000084d00000|100%| O|  |TAMS 0x0000000084d00000| PB 0x0000000084d00000| Untracked 
|   5|0x0000000084d00000, 0x0000000084e00000, 0x0000000084e00000|100%| O|  |TAMS 0x0000000084e00000| PB 0x0000000084e00000| Untracked 
|   6|0x0000000084e00000, 0x0000000084f00000, 0x0000000084f00000|100%| O|  |TAMS 0x0000000084f00000| PB 0x0000000084f00000| Untracked 
|   7|0x0000000084f00000, 0x0000000085000000, 0x0000000085000000|100%| O|  |TAMS 0x0000000085000000| PB 0x0000000085000000| Untracked 
|   8|0x0000000085000000, 0x0000000085100000, 0x0000000085100000|100%| O|  |TAMS 0x0000000085100000| PB 0x0000000085100000| Untracked 
|   9|0x0000000085100000, 0x0000000085200000, 0x0000000085200000|100%| O|  |TAMS 0x0000000085200000| PB 0x0000000085200000| Untracked 
|  10|0x0000000085200000, 0x0000000085300000, 0x0000000085300000|100%| O|  |TAMS 0x0000000085300000| PB 0x0000000085300000| Updating 
|  11|0x0000000085300000, 0x0000000085400000, 0x0000000085400000|100%| O|  |TAMS 0x0000000085400000| PB 0x0000000085400000| Updating 
|  12|0x0000000085400000, 0x0000000085500000, 0x0000000085500000|100%| O|  |TAMS 0x0000000085500000| PB 0x0000000085500000| Untracked 
|  13|0x0000000085500000, 0x0000000085600000, 0x0000000085600000|100%| O|  |TAMS 0x0000000085600000| PB 0x0000000085600000| Untracked 
|  14|0x0000000085600000, 0x0000000085700000, 0x0000000085700000|100%| O|  |TAMS 0x0000000085700000| PB 0x0000000085700000| Untracked 
|  15|0x0000000085700000, 0x0000000085800000, 0x0000000085800000|100%| O|  |TAMS 0x0000000085800000| PB 0x0000000085800000| Updating 
|  16|0x0000000085800000, 0x0000000085900000, 0x0000000085900000|100%| O|  |TAMS 0x0000000085900000| PB 0x0000000085900000| Untracked 
|  17|0x0000000085900000, 0x0000000085a00000, 0x0000000085a00000|100%| O|  |TAMS 0x0000000085a00000| PB 0x0000000085a00000| Untracked 
|  18|0x0000000085a00000, 0x0000000085b00000, 0x0000000085b00000|100%| O|  |TAMS 0x0000000085b00000| PB 0x0000000085b00000| Updating 
|  19|0x0000000085b00000, 0x0000000085c00000, 0x0000000085c00000|100%| O|  |TAMS 0x0000000085c00000| PB 0x0000000085c00000| Untracked 
|  20|0x0000000085c00000, 0x0000000085d00000, 0x0000000085d00000|100%| O|  |TAMS 0x0000000085d00000| PB 0x0000000085d00000| Updating 
|  21|0x0000000085d00000, 0x0000000085e00000, 0x0000000085e00000|100%| O|  |TAMS 0x0000000085e00000| PB 0x0000000085e00000| Updating 
|  22|0x0000000085e00000, 0x0000000085f00000, 0x0000000085f00000|100%| O|  |TAMS 0x0000000085f00000| PB 0x0000000085f00000| Updating 
|  23|0x0000000085f00000, 0x0000000086000000, 0x0000000086000000|100%| O|  |TAMS 0x0000000086000000| PB 0x0000000086000000| Updating 
|  24|0x0000000086000000, 0x0000000086100000, 0x0000000086100000|100%|HS|  |TAMS 0x0000000086100000| PB 0x0000000086000000| Complete 
|  25|0x0000000086100000, 0x0000000086200000, 0x0000000086200000|100%|HC|  |TAMS 0x0000000086200000| PB 0x0000000086100000| Complete 
|  26|0x0000000086200000, 0x0000000086300000, 0x0000000086300000|100%| O|  |TAMS 0x0000000086300000| PB 0x0000000086300000| Updating 
|  27|0x0000000086300000, 0x0000000086400000, 0x0000000086400000|100%| O|  |TAMS 0x0000000086400000| PB 0x0000000086400000| Untracked 
|  28|0x0000000086400000, 0x0000000086500000, 0x0000000086500000|100%| O|  |TAMS 0x0000000086500000| PB 0x0000000086500000| Updating 
|  29|0x0000000086500000, 0x0000000086600000, 0x0000000086600000|100%| O|  |TAMS 0x0000000086600000| PB 0x0000000086600000| Untracked 
|  30|0x0000000086600000, 0x0000000086700000, 0x0000000086700000|100%| O|  |TAMS 0x0000000086700000| PB 0x0000000086700000| Updating 
|  31|0x0000000086700000, 0x0000000086800000, 0x0000000086800000|100%| O|  |TAMS 0x0000000086800000| PB 0x0000000086800000| Updating 
|  32|0x0000000086800000, 0x0000000086900000, 0x0000000086900000|100%| O|  |TAMS 0x0000000086900000| PB 0x0000000086900000| Updating 
|  33|0x0000000086900000, 0x0000000086a00000, 0x0000000086a00000|100%| O|  |TAMS 0x0000000086a00000| PB 0x0000000086a00000| Untracked 
|  34|0x0000000086a00000, 0x0000000086b00000, 0x0000000086b00000|100%| O|  |TAMS 0x0000000086b00000| PB 0x0000000086b00000| Untracked 
|  35|0x0000000086b00000, 0x0000000086c00000, 0x0000000086c00000|100%| O|  |TAMS 0x0000000086c00000| PB 0x0000000086c00000| Updating 
|  36|0x0000000086c00000, 0x0000000086d00000, 0x0000000086d00000|100%| O|  |TAMS 0x0000000086d00000| PB 0x0000000086d00000| Updating 
|  37|0x0000000086d00000, 0x0000000086e00000, 0x0000000086e00000|100%| O|  |TAMS 0x0000000086e00000| PB 0x0000000086e00000| Untracked 
|  38|0x0000000086e00000, 0x0000000086f00000, 0x0000000086f00000|100%| O|  |TAMS 0x0000000086f00000| PB 0x0000000086f00000| Updating 
|  39|0x0000000086f00000, 0x0000000087000000, 0x0000000087000000|100%| O|  |TAMS 0x0000000087000000| PB 0x0000000087000000| Untracked 
|  40|0x0000000087000000, 0x0000000087100000, 0x0000000087100000|100%| O|  |TAMS 0x0000000087100000| PB 0x0000000087100000| Updating 
|  41|0x0000000087100000, 0x0000000087200000, 0x0000000087200000|100%| O|  |TAMS 0x0000000087100000| PB 0x0000000087100000| Untracked 
|  42|0x0000000087200000, 0x0000000087300000, 0x0000000087300000|100%| O|  |TAMS 0x0000000087300000| PB 0x0000000087300000| Untracked 
|  43|0x0000000087300000, 0x0000000087400000, 0x0000000087400000|100%| O|  |TAMS 0x0000000087400000| PB 0x0000000087400000| Updating 
|  44|0x0000000087400000, 0x0000000087400000, 0x0000000087500000|  0%| F|  |TAMS 0x0000000087400000| PB 0x0000000087400000| Untracked 
|  45|0x0000000087500000, 0x0000000087600000, 0x0000000087600000|100%| O|  |TAMS 0x0000000087600000| PB 0x0000000087600000| Updating 
|  46|0x0000000087600000, 0x0000000087700000, 0x0000000087700000|100%| O|  |TAMS 0x0000000087700000| PB 0x0000000087700000| Updating 
|  47|0x0000000087700000, 0x0000000087800000, 0x0000000087800000|100%| O|  |TAMS 0x0000000087800000| PB 0x0000000087800000| Updating 
|  48|0x0000000087800000, 0x0000000087900000, 0x0000000087900000|100%| O|  |TAMS 0x0000000087900000| PB 0x0000000087900000| Updating 
|  49|0x0000000087900000, 0x0000000087a00000, 0x0000000087a00000|100%| O|  |TAMS 0x0000000087a00000| PB 0x0000000087a00000| Updating 
|  50|0x0000000087a00000, 0x0000000087b00000, 0x0000000087b00000|100%| O|  |TAMS 0x0000000087b00000| PB 0x0000000087b00000| Untracked 
|  51|0x0000000087b00000, 0x0000000087c00000, 0x0000000087c00000|100%| O|  |TAMS 0x0000000087c00000| PB 0x0000000087c00000| Updating 
|  52|0x0000000087c00000, 0x0000000087d00000, 0x0000000087d00000|100%| O|  |TAMS 0x0000000087d00000| PB 0x0000000087d00000| Updating 
|  53|0x0000000087d00000, 0x0000000087e00000, 0x0000000087e00000|100%| O|  |TAMS 0x0000000087d00000| PB 0x0000000087d00000| Untracked 
|  54|0x0000000087e00000, 0x0000000087f00000, 0x0000000087f00000|100%| O|  |TAMS 0x0000000087f00000| PB 0x0000000087f00000| Untracked 
|  55|0x0000000087f00000, 0x0000000088000000, 0x0000000088000000|100%| O|  |TAMS 0x0000000088000000| PB 0x0000000088000000| Updating 
|  56|0x0000000088000000, 0x0000000088100000, 0x0000000088100000|100%| O|  |TAMS 0x0000000088100000| PB 0x0000000088100000| Updating 
|  57|0x0000000088100000, 0x0000000088200000, 0x0000000088200000|100%| O|  |TAMS 0x00000000881d3d00| PB 0x00000000881d3d00| Updating 
|  58|0x0000000088200000, 0x0000000088300000, 0x0000000088300000|100%| O|  |TAMS 0x0000000088200000| PB 0x0000000088200000| Untracked 
|  59|0x0000000088300000, 0x0000000088358570, 0x0000000088400000| 34%| O|  |TAMS 0x0000000088300000| PB 0x0000000088300000| Updating 
|  60|0x0000000088400000, 0x0000000088400000, 0x0000000088500000|  0%| F|  |TAMS 0x0000000088400000| PB 0x0000000088400000| Untracked 
|  61|0x0000000088500000, 0x0000000088600000, 0x0000000088600000|100%| O|  |TAMS 0x0000000088600000| PB 0x0000000088600000| Updating 
|  62|0x0000000088600000, 0x0000000088600000, 0x0000000088700000|  0%| F|  |TAMS 0x0000000088600000| PB 0x0000000088600000| Untracked 
|  63|0x0000000088700000, 0x0000000088800000, 0x0000000088800000|100%| S|CS|TAMS 0x0000000088700000| PB 0x0000000088700000| Complete 
|  64|0x0000000088800000, 0x0000000088900000, 0x0000000088900000|100%| S|CS|TAMS 0x0000000088800000| PB 0x0000000088800000| Complete 
|  65|0x0000000088900000, 0x0000000088a00000, 0x0000000088a00000|100%| S|CS|TAMS 0x0000000088900000| PB 0x0000000088900000| Complete 
|  66|0x0000000088a00000, 0x0000000088b00000, 0x0000000088b00000|100%| S|CS|TAMS 0x0000000088a00000| PB 0x0000000088a00000| Complete 
|  67|0x0000000088b00000, 0x0000000088c00000, 0x0000000088c00000|100%| S|CS|TAMS 0x0000000088b00000| PB 0x0000000088b00000| Complete 
|  68|0x0000000088c00000, 0x0000000088d00000, 0x0000000088d00000|100%| S|CS|TAMS 0x0000000088c00000| PB 0x0000000088c00000| Complete 
|  69|0x0000000088d00000, 0x0000000088d00000, 0x0000000088e00000|  0%| F|  |TAMS 0x0000000088d00000| PB 0x0000000088d00000| Untracked 
|  70|0x0000000088e00000, 0x0000000088e00000, 0x0000000088f00000|  0%| F|  |TAMS 0x0000000088e00000| PB 0x0000000088e00000| Untracked 
|  71|0x0000000088f00000, 0x0000000088f00000, 0x0000000089000000|  0%| F|  |TAMS 0x0000000088f00000| PB 0x0000000088f00000| Untracked 
|  72|0x0000000089000000, 0x0000000089100000, 0x0000000089100000|100%| S|CS|TAMS 0x0000000089000000| PB 0x0000000089000000| Complete 
|  73|0x0000000089100000, 0x0000000089100000, 0x0000000089200000|  0%| F|  |TAMS 0x0000000089100000| PB 0x0000000089100000| Untracked 
|  74|0x0000000089200000, 0x0000000089200000, 0x0000000089300000|  0%| F|  |TAMS 0x0000000089200000| PB 0x0000000089200000| Untracked 
|  75|0x0000000089300000, 0x0000000089300000, 0x0000000089400000|  0%| F|  |TAMS 0x0000000089300000| PB 0x0000000089300000| Untracked 
|  76|0x0000000089400000, 0x0000000089400000, 0x0000000089500000|  0%| F|  |TAMS 0x0000000089400000| PB 0x0000000089400000| Untracked 
|  77|0x0000000089500000, 0x0000000089500000, 0x0000000089600000|  0%| F|  |TAMS 0x0000000089500000| PB 0x0000000089500000| Untracked 
|  78|0x0000000089600000, 0x0000000089600000, 0x0000000089700000|  0%| F|  |TAMS 0x0000000089600000| PB 0x0000000089600000| Untracked 
|  79|0x0000000089700000, 0x0000000089700000, 0x0000000089800000|  0%| F|  |TAMS 0x0000000089700000| PB 0x0000000089700000| Untracked 
|  80|0x0000000089800000, 0x0000000089800000, 0x0000000089900000|  0%| F|  |TAMS 0x0000000089800000| PB 0x0000000089800000| Untracked 
|  81|0x0000000089900000, 0x0000000089900000, 0x0000000089a00000|  0%| F|  |TAMS 0x0000000089900000| PB 0x0000000089900000| Untracked 
|  82|0x0000000089a00000, 0x0000000089a00000, 0x0000000089b00000|  0%| F|  |TAMS 0x0000000089a00000| PB 0x0000000089a00000| Untracked 
|  83|0x0000000089b00000, 0x0000000089b00000, 0x0000000089c00000|  0%| F|  |TAMS 0x0000000089b00000| PB 0x0000000089b00000| Untracked 
|  84|0x0000000089c00000, 0x0000000089c00000, 0x0000000089d00000|  0%| F|  |TAMS 0x0000000089c00000| PB 0x0000000089c00000| Untracked 
|  85|0x0000000089d00000, 0x0000000089d00000, 0x0000000089e00000|  0%| F|  |TAMS 0x0000000089d00000| PB 0x0000000089d00000| Untracked 
|  86|0x0000000089e00000, 0x0000000089e00000, 0x0000000089f00000|  0%| F|  |TAMS 0x0000000089e00000| PB 0x0000000089e00000| Untracked 
|  87|0x0000000089f00000, 0x0000000089f00000, 0x000000008a000000|  0%| F|  |TAMS 0x0000000089f00000| PB 0x0000000089f00000| Untracked 
|  88|0x000000008a000000, 0x000000008a000000, 0x000000008a100000|  0%| F|  |TAMS 0x000000008a000000| PB 0x000000008a000000| Untracked 
|  89|0x000000008a100000, 0x000000008a100000, 0x000000008a200000|  0%| F|  |TAMS 0x000000008a100000| PB 0x000000008a100000| Untracked 
|  90|0x000000008a200000, 0x000000008a200000, 0x000000008a300000|  0%| F|  |TAMS 0x000000008a200000| PB 0x000000008a200000| Untracked 
|  91|0x000000008a300000, 0x000000008a300000, 0x000000008a400000|  0%| F|  |TAMS 0x000000008a300000| PB 0x000000008a300000| Untracked 
|  92|0x000000008a400000, 0x000000008a400000, 0x000000008a500000|  0%| F|  |TAMS 0x000000008a400000| PB 0x000000008a400000| Untracked 
|  93|0x000000008a500000, 0x000000008a500000, 0x000000008a600000|  0%| F|  |TAMS 0x000000008a500000| PB 0x000000008a500000| Untracked 
|  94|0x000000008a600000, 0x000000008a600000, 0x000000008a700000|  0%| F|  |TAMS 0x000000008a600000| PB 0x000000008a600000| Untracked 
|  95|0x000000008a700000, 0x000000008a700000, 0x000000008a800000|  0%| F|  |TAMS 0x000000008a700000| PB 0x000000008a700000| Untracked 
|  96|0x000000008a800000, 0x000000008a800000, 0x000000008a900000|  0%| F|  |TAMS 0x000000008a800000| PB 0x000000008a800000| Untracked 
|  97|0x000000008a900000, 0x000000008a900000, 0x000000008aa00000|  0%| F|  |TAMS 0x000000008a900000| PB 0x000000008a900000| Untracked 
|  98|0x000000008aa00000, 0x000000008aa00000, 0x000000008ab00000|  0%| F|  |TAMS 0x000000008aa00000| PB 0x000000008aa00000| Untracked 
|  99|0x000000008ab00000, 0x000000008ab00000, 0x000000008ac00000|  0%| F|  |TAMS 0x000000008ab00000| PB 0x000000008ab00000| Untracked 
| 100|0x000000008ac00000, 0x000000008ac00000, 0x000000008ad00000|  0%| F|  |TAMS 0x000000008ac00000| PB 0x000000008ac00000| Untracked 
| 101|0x000000008ad00000, 0x000000008ad00000, 0x000000008ae00000|  0%| F|  |TAMS 0x000000008ad00000| PB 0x000000008ad00000| Untracked 
| 102|0x000000008ae00000, 0x000000008ae00000, 0x000000008af00000|  0%| F|  |TAMS 0x000000008ae00000| PB 0x000000008ae00000| Untracked 
| 103|0x000000008af00000, 0x000000008af00000, 0x000000008b000000|  0%| F|  |TAMS 0x000000008af00000| PB 0x000000008af00000| Untracked 
| 104|0x000000008b000000, 0x000000008b000000, 0x000000008b100000|  0%| F|  |TAMS 0x000000008b000000| PB 0x000000008b000000| Untracked 
| 105|0x000000008b100000, 0x000000008b100000, 0x000000008b200000|  0%| F|  |TAMS 0x000000008b100000| PB 0x000000008b100000| Untracked 
| 106|0x000000008b200000, 0x000000008b200000, 0x000000008b300000|  0%| F|  |TAMS 0x000000008b200000| PB 0x000000008b200000| Untracked 
| 107|0x000000008b300000, 0x000000008b300000, 0x000000008b400000|  0%| F|  |TAMS 0x000000008b300000| PB 0x000000008b300000| Untracked 
| 108|0x000000008b400000, 0x000000008b400000, 0x000000008b500000|  0%| F|  |TAMS 0x000000008b400000| PB 0x000000008b400000| Untracked 
| 109|0x000000008b500000, 0x000000008b5cf8a0, 0x000000008b600000| 81%| E|  |TAMS 0x000000008b500000| PB 0x000000008b500000| Complete 
| 110|0x000000008b600000, 0x000000008b700000, 0x000000008b700000|100%| E|CS|TAMS 0x000000008b600000| PB 0x000000008b600000| Complete 
| 111|0x000000008b700000, 0x000000008b800000, 0x000000008b800000|100%| E|CS|TAMS 0x000000008b700000| PB 0x000000008b700000| Complete 
| 112|0x000000008b800000, 0x000000008b900000, 0x000000008b900000|100%| E|CS|TAMS 0x000000008b800000| PB 0x000000008b800000| Complete 
| 113|0x000000008b900000, 0x000000008ba00000, 0x000000008ba00000|100%| E|CS|TAMS 0x000000008b900000| PB 0x000000008b900000| Complete 
| 114|0x000000008ba00000, 0x000000008bb00000, 0x000000008bb00000|100%| E|CS|TAMS 0x000000008ba00000| PB 0x000000008ba00000| Complete 
| 115|0x000000008bb00000, 0x000000008bc00000, 0x000000008bc00000|100%| E|CS|TAMS 0x000000008bb00000| PB 0x000000008bb00000| Complete 
| 116|0x000000008bc00000, 0x000000008bd00000, 0x000000008bd00000|100%| E|CS|TAMS 0x000000008bc00000| PB 0x000000008bc00000| Complete 
| 117|0x000000008bd00000, 0x000000008be00000, 0x000000008be00000|100%| E|CS|TAMS 0x000000008bd00000| PB 0x000000008bd00000| Complete 
| 118|0x000000008be00000, 0x000000008bf00000, 0x000000008bf00000|100%| E|CS|TAMS 0x000000008be00000| PB 0x000000008be00000| Complete 
| 119|0x000000008bf00000, 0x000000008c000000, 0x000000008c000000|100%| E|CS|TAMS 0x000000008bf00000| PB 0x000000008bf00000| Complete 
| 120|0x000000008c000000, 0x000000008c000000, 0x000000008c100000|  0%| F|  |TAMS 0x000000008c000000| PB 0x000000008c000000| Untracked 
| 121|0x000000008c100000, 0x000000008c100000, 0x000000008c200000|  0%| F|  |TAMS 0x000000008c100000| PB 0x000000008c100000| Untracked 
| 122|0x000000008c200000, 0x000000008c200000, 0x000000008c300000|  0%| F|  |TAMS 0x000000008c200000| PB 0x000000008c200000| Untracked 
| 123|0x000000008c300000, 0x000000008c400000, 0x000000008c400000|100%| E|CS|TAMS 0x000000008c300000| PB 0x000000008c300000| Complete 
|1972|0x00000000ffc00000, 0x00000000ffd00000, 0x00000000ffd00000|100%| O|  |TAMS 0x00000000ffd00000| PB 0x00000000ffd00000| Updating 
|1973|0x00000000ffd00000, 0x00000000ffe00000, 0x00000000ffe00000|100%| E|CS|TAMS 0x00000000ffd00000| PB 0x00000000ffd00000| Complete 
|1974|0x00000000ffe00000, 0x00000000fff00000, 0x00000000fff00000|100%| E|CS|TAMS 0x00000000ffe00000| PB 0x00000000ffe00000| Complete 
|1975|0x00000000fff00000, 0x0000000100000000, 0x0000000100000000|100%| O|  |TAMS 0x0000000100000000| PB 0x0000000100000000| Updating 

Card table byte_map: [0x0000026152f30000,0x0000026153310000] _byte_map_base: 0x0000026152b0c000

Marking Bits: (CMBitMap*) 0x00000261394f3610
 Bits: [0x0000026153310000, 0x00000261551f0000)

Polling page: 0x0000026139540000

Metaspace:

Usage:
  Non-class:     81.08 MB used.
      Class:     12.38 MB used.
       Both:     93.46 MB used.

Virtual space:
  Non-class space:      128.00 MB reserved,      81.56 MB ( 64%) committed,  2 nodes.
      Class space:        1.00 GB reserved,      12.75 MB (  1%) committed,  1 nodes.
             Both:        1.12 GB reserved,      94.31 MB (  8%) committed. 

Chunk freelists:
   Non-Class:  14.45 MB
       Class:  3.20 MB
        Both:  17.66 MB

MaxMetaspaceSize: unlimited
CompressedClassSpaceSize: 1.00 GB
Initial GC threshold: 21.00 MB
Current GC threshold: 142.00 MB
CDS: on
 - commit_granule_bytes: 65536.
 - commit_granule_words: 8192.
 - virtual_space_node_default_size: 8388608.
 - enlarge_chunks_in_place: 1.
 - use_allocation_guard: 0.


Internal statistics:

num_allocs_failed_limit: 9.
num_arena_births: 1322.
num_arena_deaths: 0.
num_vsnodes_births: 3.
num_vsnodes_deaths: 0.
num_space_committed: 1509.
num_space_uncommitted: 0.
num_chunks_returned_to_freelist: 9.
num_chunks_taken_from_freelist: 4871.
num_chunk_merges: 9.
num_chunk_splits: 3521.
num_chunks_enlarged: 2745.
num_inconsistent_stats: 0.

CodeHeap 'non-profiled nmethods': size=120000Kb used=6067Kb max_used=6241Kb free=113932Kb
 bounds [0x000002614abc0000, 0x000002614b1e0000, 0x00000261520f0000]
CodeHeap 'profiled nmethods': size=120000Kb used=16626Kb max_used=16762Kb free=103373Kb
 bounds [0x00000261430f0000, 0x0000026144150000, 0x000002614a620000]
CodeHeap 'non-nmethods': size=5760Kb used=2053Kb max_used=2126Kb free=3706Kb
 bounds [0x000002614a620000, 0x000002614a890000, 0x000002614abc0000]
 total_blobs=9709 nmethods=8887 adapters=724
 compilation: enabled
              stopped_count=0, restarted_count=0
 full_count=0

Compilation events (20 events):
Event: 76.640 Thread 0x0000026157cc31b0 10506       1       org.hibernate.query.hql.internal.SemanticQueryBuilder::getProcessingStateStack (5 bytes)
Event: 76.640 Thread 0x0000026157cc31b0 nmethod 10506 0x000002614b1d4f10 code [0x000002614b1d50a0, 0x000002614b1d5168]
Event: 76.641 Thread 0x0000026157cc31b0 10507       3       org.hibernate.query.sqm.tree.from.SqmRoot::getModel (5 bytes)
Event: 76.642 Thread 0x0000026157cc31b0 nmethod 10507 0x000002614414d090 code [0x000002614414d260, 0x000002614414d7c0]
Event: 76.642 Thread 0x0000026157cc31b0 10508       3       org.hibernate.metamodel.model.domain.internal.EntityTypeImpl::getSuperType (5 bytes)
Event: 76.642 Thread 0x0000026157cc31b0 nmethod 10508 0x000002614414d910 code [0x000002614414dac0, 0x000002614414ddc0]
Event: 76.644 Thread 0x00000261a05e36d0 nmethod 10504 0x000002614b1d5210 code [0x000002614b1d53e0, 0x000002614b1d5640]
Event: 76.644 Thread 0x00000261a05e36d0 10501       4       org.antlr.v4.runtime.BufferedTokenStream::sync (55 bytes)
Event: 76.646 Thread 0x00000261a05e36d0 nmethod 10501 0x000002614b1d5910 code [0x000002614b1d5ac0, 0x000002614b1d5be8]
Event: 76.646 Thread 0x00000261a05e36d0 10491       4       jdk.internal.org.objectweb.asm.MethodWriter::visitMaxs (60 bytes)
Event: 76.648 Thread 0x00000261a05e36d0 nmethod 10491 0x000002614b1d5d10 code [0x000002614b1d5ea0, 0x000002614b1d5f98]
Event: 76.679 Thread 0x00000261a05e36d0 10509       4       java.lang.ref.ReferenceQueue::enqueue0 (98 bytes)
Event: 76.707 Thread 0x00000261a05e36d0 nmethod 10509 0x000002614b1d6090 code [0x000002614b1d6280, 0x000002614b1d6830]
Event: 76.707 Thread 0x00000261a05e36d0 10511 %     4       org.antlr.v4.runtime.misc.FlexibleHashMap::values @ 23 (95 bytes)
Event: 76.734 Thread 0x0000026157cc31b0 10514       1       java.lang.invoke.DirectMethodHandle$Special::isInvokeSpecial (2 bytes)
Event: 76.734 Thread 0x0000026157cc31b0 nmethod 10514 0x000002614b1d6a90 code [0x000002614b1d6c20, 0x000002614b1d6ce8]
Event: 76.785 Thread 0x00000261a05e36d0 nmethod 10511% 0x000002614b1d6d90 code [0x000002614b1d6f80, 0x000002614b1d7c40]
Event: 76.786 Thread 0x00000261a05e36d0 10512   !   4       java.util.concurrent.ConcurrentHashMap::replaceNode (437 bytes)
Event: 76.787 Thread 0x0000026157cc31b0 10515       3       org.antlr.v4.runtime.atn.ATNConfigSet::optimizeConfigs (71 bytes)
Event: 76.788 Thread 0x0000026157cc31b0 nmethod 10515 0x000002614414de90 code [0x000002614414e0c0, 0x000002614414eb28]

GC Heap History (20 events):
Event: 28.191 GC heap before
{Heap before GC invocations=24 (full 0):
 garbage-first heap   total 80896K, used 62670K [0x0000000084800000, 0x0000000100000000)
  region size 1024K, 22 young (22528K), 4 survivors (4096K)
 Metaspace       used 77992K, committed 78720K, reserved 1179648K
  class space    used 10500K, committed 10816K, reserved 1048576K
}
Event: 28.195 GC heap after
{Heap after GC invocations=25 (full 0):
 garbage-first heap   total 80896K, used 45625K [0x0000000084800000, 0x0000000100000000)
  region size 1024K, 2 young (2048K), 2 survivors (2048K)
 Metaspace       used 77992K, committed 78720K, reserved 1179648K
  class space    used 10500K, committed 10816K, reserved 1048576K
}
Event: 30.088 GC heap before
{Heap before GC invocations=26 (full 0):
 garbage-first heap   total 80896K, used 75321K [0x0000000084800000, 0x0000000100000000)
  region size 1024K, 28 young (28672K), 2 survivors (2048K)
 Metaspace       used 83632K, committed 84352K, reserved 1179648K
  class space    used 10996K, committed 11328K, reserved 1048576K
}
Event: 30.097 GC heap after
{Heap after GC invocations=27 (full 0):
 garbage-first heap   total 84992K, used 53535K [0x0000000084800000, 0x0000000100000000)
  region size 1024K, 4 young (4096K), 4 survivors (4096K)
 Metaspace       used 83632K, committed 84352K, reserved 1179648K
  class space    used 10996K, committed 11328K, reserved 1048576K
}
Event: 33.225 GC heap before
{Heap before GC invocations=27 (full 0):
 garbage-first heap   total 84992K, used 76063K [0x0000000084800000, 0x0000000100000000)
  region size 1024K, 24 young (24576K), 4 survivors (4096K)
 Metaspace       used 85686K, committed 86400K, reserved 1179648K
  class space    used 11279K, committed 11584K, reserved 1048576K
}
Event: 33.233 GC heap after
{Heap after GC invocations=28 (full 0):
 garbage-first heap   total 84992K, used 53309K [0x0000000084800000, 0x0000000100000000)
  region size 1024K, 3 young (3072K), 3 survivors (3072K)
 Metaspace       used 85686K, committed 86400K, reserved 1179648K
  class space    used 11279K, committed 11584K, reserved 1048576K
}
Event: 33.342 GC heap before
{Heap before GC invocations=28 (full 0):
 garbage-first heap   total 84992K, used 73789K [0x0000000084800000, 0x0000000100000000)
  region size 1024K, 23 young (23552K), 3 survivors (3072K)
 Metaspace       used 85687K, committed 86400K, reserved 1179648K
  class space    used 11279K, committed 11584K, reserved 1048576K
}
Event: 33.347 GC heap after
{Heap after GC invocations=29 (full 0):
 garbage-first heap   total 84992K, used 54723K [0x0000000084800000, 0x0000000100000000)
  region size 1024K, 2 young (2048K), 2 survivors (2048K)
 Metaspace       used 85687K, committed 86400K, reserved 1179648K
  class space    used 11279K, committed 11584K, reserved 1048576K
}
Event: 33.504 GC heap before
{Heap before GC invocations=30 (full 0):
 garbage-first heap   total 109568K, used 72131K [0x0000000084800000, 0x0000000100000000)
  region size 1024K, 21 young (21504K), 2 survivors (2048K)
 Metaspace       used 85687K, committed 86400K, reserved 1179648K
  class space    used 11279K, committed 11584K, reserved 1048576K
}
Event: 33.508 GC heap after
{Heap after GC invocations=31 (full 0):
 garbage-first heap   total 109568K, used 55105K [0x0000000084800000, 0x0000000100000000)
  region size 1024K, 3 young (3072K), 3 survivors (3072K)
 Metaspace       used 85687K, committed 86400K, reserved 1179648K
  class space    used 11279K, committed 11584K, reserved 1048576K
}
Event: 33.714 GC heap before
{Heap before GC invocations=31 (full 0):
 garbage-first heap   total 109568K, used 96065K [0x0000000084800000, 0x0000000100000000)
  region size 1024K, 43 young (44032K), 3 survivors (3072K)
 Metaspace       used 85689K, committed 86400K, reserved 1179648K
  class space    used 11279K, committed 11584K, reserved 1048576K
}
Event: 33.722 GC heap after
{Heap after GC invocations=32 (full 0):
 garbage-first heap   total 109568K, used 58800K [0x0000000084800000, 0x0000000100000000)
  region size 1024K, 6 young (6144K), 6 survivors (6144K)
 Metaspace       used 85689K, committed 86400K, reserved 1179648K
  class space    used 11279K, committed 11584K, reserved 1048576K
}
Event: 34.434 GC heap before
{Heap before GC invocations=32 (full 0):
 garbage-first heap   total 109568K, used 94640K [0x0000000084800000, 0x0000000100000000)
  region size 1024K, 41 young (41984K), 6 survivors (6144K)
 Metaspace       used 86474K, committed 87232K, reserved 1179648K
  class space    used 11396K, committed 11712K, reserved 1048576K
}
Event: 34.442 GC heap after
{Heap after GC invocations=33 (full 0):
 garbage-first heap   total 109568K, used 62306K [0x0000000084800000, 0x0000000100000000)
  region size 1024K, 4 young (4096K), 4 survivors (4096K)
 Metaspace       used 86474K, committed 87232K, reserved 1179648K
  class space    used 11396K, committed 11712K, reserved 1048576K
}
Event: 34.682 GC heap before
{Heap before GC invocations=34 (full 0):
 garbage-first heap   total 128000K, used 95074K [0x0000000084800000, 0x0000000100000000)
  region size 1024K, 36 young (36864K), 4 survivors (4096K)
 Metaspace       used 86474K, committed 87232K, reserved 1179648K
  class space    used 11396K, committed 11712K, reserved 1048576K
}
Event: 34.688 GC heap after
{Heap after GC invocations=35 (full 0):
 garbage-first heap   total 128000K, used 63449K [0x0000000084800000, 0x0000000100000000)
  region size 1024K, 3 young (3072K), 3 survivors (3072K)
 Metaspace       used 86474K, committed 87232K, reserved 1179648K
  class space    used 11396K, committed 11712K, reserved 1048576K
}
Event: 36.636 GC heap before
{Heap before GC invocations=35 (full 0):
 garbage-first heap   total 128000K, used 112601K [0x0000000084800000, 0x0000000100000000)
  region size 1024K, 51 young (52224K), 3 survivors (3072K)
 Metaspace       used 89624K, committed 90496K, reserved 1179648K
  class space    used 11816K, committed 12224K, reserved 1048576K
}
Event: 36.641 GC heap after
{Heap after GC invocations=36 (full 0):
 garbage-first heap   total 128000K, used 63270K [0x0000000084800000, 0x0000000100000000)
  region size 1024K, 3 young (3072K), 3 survivors (3072K)
 Metaspace       used 89624K, committed 90496K, reserved 1179648K
  class space    used 11816K, committed 12224K, reserved 1048576K
}
Event: 76.655 GC heap before
{Heap before GC invocations=36 (full 0):
 garbage-first heap   total 128000K, used 114470K [0x0000000084800000, 0x0000000100000000)
  region size 1024K, 53 young (54272K), 3 survivors (3072K)
 Metaspace       used 95274K, committed 96128K, reserved 1179648K
  class space    used 12622K, committed 12992K, reserved 1048576K
}
Event: 76.677 GC heap after
{Heap after GC invocations=37 (full 0):
 garbage-first heap   total 128000K, used 71009K [0x0000000084800000, 0x0000000100000000)
  region size 1024K, 7 young (7168K), 7 survivors (7168K)
 Metaspace       used 95274K, committed 96128K, reserved 1179648K
  class space    used 12622K, committed 12992K, reserved 1048576K
}

Dll operation events (14 events):
Event: 0.075 Loaded shared library C:\Program Files\Java\jdk-21\bin\java.dll
Event: 0.242 Loaded shared library C:\Program Files\Java\jdk-21\bin\jsvml.dll
Event: 0.772 Loaded shared library C:\Program Files\Java\jdk-21\bin\zip.dll
Event: 0.788 Loaded shared library C:\Program Files\Java\jdk-21\bin\instrument.dll
Event: 0.802 Loaded shared library C:\Program Files\Java\jdk-21\bin\net.dll
Event: 0.809 Loaded shared library C:\Program Files\Java\jdk-21\bin\nio.dll
Event: 0.816 Loaded shared library C:\Program Files\Java\jdk-21\bin\zip.dll
Event: 1.200 Loaded shared library C:\Program Files\JetBrains\IntelliJ IDEA Community Edition 2024.3.1.1\bin\breakgen64.dll
Event: 1.236 Loaded shared library C:\Program Files\Java\jdk-21\bin\extnet.dll
Event: 1.331 Loaded shared library C:\Program Files\Java\jdk-21\bin\jimage.dll
Event: 5.496 Loaded shared library C:\Program Files\Java\jdk-21\bin\sunmscapi.dll
Event: 11.698 Loaded shared library C:\Program Files\Java\jdk-21\bin\management.dll
Event: 11.706 Loaded shared library C:\Program Files\Java\jdk-21\bin\management_ext.dll
Event: 14.019 Loaded shared library C:\Program Files\Java\jdk-21\bin\verify.dll

Deoptimization events (20 events):
Event: 76.054 Thread 0x00000261a2b4fb20 Uncommon trap: trap_request=0xffffffc6 fr.pc=0x000002614b0c7dd0 relative=0x0000000000000610
Event: 76.054 Thread 0x00000261a2b4fb20 Uncommon trap: reason=bimorphic_or_optimized_type_check action=maybe_recompile pc=0x000002614b0c7dd0 method=java.util.stream.FindOps$FindOp.evaluateSequential(Ljava/util/stream/PipelineHelper;Ljava/util/Spliterator;)Ljava/lang/Object; @ 5 c2
Event: 76.054 Thread 0x00000261a2b4fb20 DEOPT PACKING pc=0x000002614b0c7dd0 sp=0x000000fd52ffc500
Event: 76.054 Thread 0x00000261a2b4fb20 DEOPT UNPACKING pc=0x000002614a677da2 sp=0x000000fd52ffc4b8 mode 2
Event: 76.075 Thread 0x00000261a2b4fb20 Uncommon trap: trap_request=0xffffff45 fr.pc=0x000002614ad80cbc relative=0x000000000000029c
Event: 76.075 Thread 0x00000261a2b4fb20 Uncommon trap: reason=unstable_if action=reinterpret pc=0x000002614ad80cbc method=org.springframework.util.AntPathMatcher.skipSegment(Ljava/lang/String;ILjava/lang/String;)I @ 60 c2
Event: 76.075 Thread 0x00000261a2b4fb20 DEOPT PACKING pc=0x000002614ad80cbc sp=0x000000fd52ffcb70
Event: 76.075 Thread 0x00000261a2b4fb20 DEOPT UNPACKING pc=0x000002614a677da2 sp=0x000000fd52ffcae8 mode 2
Event: 76.329 Thread 0x00000261a2b4fb20 Uncommon trap: trap_request=0xffffff66 fr.pc=0x000002614b0d000c relative=0x000000000000166c
Event: 76.329 Thread 0x00000261a2b4fb20 Uncommon trap: reason=speculate_class_check action=maybe_recompile pc=0x000002614b0d000c method=org.springframework.transaction.interceptor.AbstractFallbackTransactionAttributeSource.getTransactionAttribute(Ljava/lang/reflect/Method;Ljava/lang/Class;Z)Lor
Event: 76.329 Thread 0x00000261a2b4fb20 DEOPT PACKING pc=0x000002614b0d000c sp=0x000000fd52ff9fb0
Event: 76.329 Thread 0x00000261a2b4fb20 DEOPT UNPACKING pc=0x000002614a677da2 sp=0x000000fd52ff9f98 mode 2
Event: 76.570 Thread 0x00000261a2b48b90 Uncommon trap: trap_request=0xffffff66 fr.pc=0x000002614b0d000c relative=0x000000000000166c
Event: 76.570 Thread 0x00000261a2b48b90 Uncommon trap: reason=speculate_class_check action=maybe_recompile pc=0x000002614b0d000c method=org.springframework.transaction.interceptor.AbstractFallbackTransactionAttributeSource.getTransactionAttribute(Ljava/lang/reflect/Method;Ljava/lang/Class;Z)Lor
Event: 76.570 Thread 0x00000261a2b48b90 DEOPT PACKING pc=0x000002614b0d000c sp=0x000000fd530fa520
Event: 76.570 Thread 0x00000261a2b48b90 DEOPT UNPACKING pc=0x000002614a677da2 sp=0x000000fd530fa508 mode 2
Event: 76.635 Thread 0x00000261a2b4fb20 DEOPT PACKING pc=0x0000026143e7bdcf sp=0x000000fd52ff7470
Event: 76.635 Thread 0x00000261a2b4fb20 DEOPT UNPACKING pc=0x000002614a6788e2 sp=0x000000fd52ff6a08 mode 0
Event: 76.789 Thread 0x00000261a2b48b90 DEOPT PACKING pc=0x000002614368ac9b sp=0x000000fd530f7a90
Event: 76.789 Thread 0x00000261a2b48b90 DEOPT UNPACKING pc=0x000002614a6788e2 sp=0x000000fd530f6f78 mode 0

Classes loaded (20 events):
Event: 75.631 Loading class java/nio/channels/SelectionKey
Event: 75.631 Loading class java/nio/channels/SelectionKey done
Event: 75.631 Loading class java/nio/channels/spi/AbstractSelectionKey done
Event: 75.631 Loading class sun/nio/ch/SelectionKeyImpl done
Event: 75.631 Loading class java/lang/invoke/ConstantBootstraps
Event: 75.632 Loading class java/lang/invoke/ConstantBootstraps done
Event: 75.754 Loading class sun/nio/cs/ThreadLocalCoders
Event: 75.755 Loading class sun/nio/cs/ThreadLocalCoders done
Event: 75.755 Loading class sun/nio/cs/ThreadLocalCoders$1
Event: 75.755 Loading class sun/nio/cs/ThreadLocalCoders$Cache
Event: 75.755 Loading class sun/nio/cs/ThreadLocalCoders$Cache done
Event: 75.755 Loading class sun/nio/cs/ThreadLocalCoders$1 done
Event: 75.755 Loading class sun/nio/cs/ThreadLocalCoders$2
Event: 75.755 Loading class sun/nio/cs/ThreadLocalCoders$2 done
Event: 76.055 Loading class java/time/format/DateTimeFormatterBuilder$ZoneTextPrinterParser
Event: 76.055 Loading class java/time/format/DateTimeFormatterBuilder$ZoneTextPrinterParser done
Event: 76.055 Loading class java/time/format/DateTimeFormatterBuilder$ReducedPrinterParser
Event: 76.056 Loading class java/time/format/DateTimeFormatterBuilder$ReducedPrinterParser done
Event: 76.458 Loading class java/util/JumboEnumSet$EnumSetIterator
Event: 76.459 Loading class java/util/JumboEnumSet$EnumSetIterator done

Classes unloaded (0 events):
No events

Classes redefined (0 events):
No events

Internal exceptions (20 events):
Event: 29.553 Thread 0x000002613924aa90 Exception <a 'java/lang/NoSuchMethodError'{0x00000000885e6490}: 'void java.lang.invoke.DirectMethodHandle$Holder.invokeVirtual(java.lang.Object, java.lang.Object, long)'> (0x00000000885e6490) 
thrown [s\open\src\hotspot\share\interpreter\linkResolver.cpp, line 773]
Event: 29.554 Thread 0x000002613924aa90 Exception <a 'java/lang/NoSuchMethodError'{0x00000000885e9d70}: 'long java.lang.invoke.DirectMethodHandle$Holder.invokeStatic(java.lang.Object, java.lang.Object, int)'> (0x00000000885e9d70) 
thrown [s\open\src\hotspot\share\interpreter\linkResolver.cpp, line 773]
Event: 29.556 Thread 0x000002613924aa90 Exception <a 'java/lang/NoSuchMethodError'{0x00000000885f3dd0}: 'void java.lang.invoke.DelegatingMethodHandle$Holder.reinvoke_L(java.lang.Object, java.lang.Object, long)'> (0x00000000885f3dd0) 
thrown [s\open\src\hotspot\share\interpreter\linkResolver.cpp, line 773]
Event: 34.925 Thread 0x000002613924aa90 Exception <a 'java/io/FileNotFoundException'{0x000000008b247118}> (0x000000008b247118) 
thrown [s\open\src\hotspot\share\prims\jni.cpp, line 520]
Event: 34.929 Thread 0x000002613924aa90 Exception <a 'java/io/FileNotFoundException'{0x000000008b251628}> (0x000000008b251628) 
thrown [s\open\src\hotspot\share\prims\jni.cpp, line 520]
Event: 35.424 Thread 0x000002613924aa90 Exception <a 'java/lang/NoSuchMethodError'{0x000000008a67e790}: 'java.lang.Object java.lang.invoke.DirectMethodHandle$Holder.newInvokeSpecial(java.lang.Object, java.lang.Object, java.lang.Object, java.lang.Object, java.lang.Object, java.lang.Object, java.lang.Object, java.lang.Object)'> (0x000000008a67e790) 
thrown [s\open\src\hotspot\share\interpreter\linkResolver.cpp, line 773]
Event: 36.467 Thread 0x000002613924aa90 Exception <a 'java/lang/IncompatibleClassChangeError'{0x0000000089273848}: Found class java.lang.Object, but interface was expected> (0x0000000089273848) 
thrown [s\open\src\hotspot\share\interpreter\linkResolver.cpp, line 840]
Event: 36.923 Thread 0x000002613924aa90 Exception <a 'java/lang/NoSuchMethodError'{0x000000008be372e0}: 'java.lang.Object java.lang.invoke.DirectMethodHandle$Holder.invokeInterface(java.lang.Object, java.lang.Object, java.lang.Object, java.lang.Object)'> (0x000000008be372e0) 
thrown [s\open\src\hotspot\share\interpreter\linkResolver.cpp, line 773]
Event: 37.282 Thread 0x000002613924aa90 Exception <a 'java/lang/NoSuchMethodError'{0x000000008b906790}: 'int java.lang.invoke.DirectMethodHandle$Holder.invokeStaticInit(java.lang.Object, java.lang.Object, java.lang.Object, java.lang.Object)'> (0x000000008b906790) 
thrown [s\open\src\hotspot\share\interpreter\linkResolver.cpp, line 773]
Event: 37.362 Thread 0x000002613924aa90 Exception <a 'java/lang/NoSuchMethodError'{0x000000008b869b50}: 'java.lang.Object java.lang.invoke.Invokers$Holder.invoke_MT(java.lang.Object, java.lang.Object, java.lang.Object, java.lang.Object, java.lang.Object, java.lang.Object, java.lang.Object, java.lang.Object, java.lang.Object)'> (0x000000008b869b50) 
thrown [s\open\src\hotspot\share\interpreter\linkResolver.cpp, line 773]
Event: 37.423 Thread 0x000002613924aa90 Exception <a 'java/lang/IncompatibleClassChangeError'{0x000000008b72db90}: Found class java.lang.Object, but interface was expected> (0x000000008b72db90) 
thrown [s\open\src\hotspot\share\interpreter\linkResolver.cpp, line 840]
Event: 37.823 Thread 0x000002613924aa90 Exception <a 'java/lang/IncompatibleClassChangeError'{0x000000008b2dc870}: Found class java.lang.Object, but interface was expected> (0x000000008b2dc870) 
thrown [s\open\src\hotspot\share\interpreter\linkResolver.cpp, line 840]
Event: 37.842 Thread 0x000002613924aa90 Exception <a 'java/lang/NoSuchMethodError'{0x000000008b1625b0}: 'java.lang.Object java.lang.invoke.DirectMethodHandle$Holder.invokeVirtual(java.lang.Object, java.lang.Object, java.lang.Object, java.lang.Object, java.lang.Object, java.lang.Object, java.lang.Object)'> (0x000000008b1625b0) 
thrown [s\open\src\hotspot\share\interpreter\linkResolver.cpp, line 773]
Event: 38.006 Thread 0x000002613924aa90 Implicit null exception at 0x000002614b10c102 to 0x000002614b10e6c0
Event: 38.060 Thread 0x000002613924aa90 Exception <a 'java/lang/NoSuchMethodError'{0x000000008ad08640}: 'java.lang.Object java.lang.invoke.Invokers$Holder.invoke_MT(java.lang.Object, java.lang.Object, java.lang.Object, java.lang.Object, java.lang.Object, java.lang.Object, java.lang.Object, java.lang.Object, java.lang.Object, java.lang.Object, java.lang.Object)'> (0x000000008ad08640) 
thrown [s\open\src\hotspot\share\interpreter\linkResolver.cpp, line 773]
Event: 38.198 Thread 0x000002613924aa90 Exception <a 'java/lang/NoSuchMethodError'{0x000000008ab803a0}: 'java.lang.Object java.lang.invoke.DirectMethodHandle$Holder.newInvokeSpecial(java.lang.Object, java.lang.Object, int, java.lang.Object, java.lang.Object)'> (0x000000008ab803a0) 
thrown [s\open\src\hotspot\share\interpreter\linkResolver.cpp, line 773]
Event: 75.745 Thread 0x00000261a2b4fb20 Exception <a 'java/lang/NoSuchMethodError'{0x000000008a6a9f28}: 'java.lang.Object java.lang.invoke.DirectMethodHandle$Holder.invokeSpecial(java.lang.Object, java.lang.Object, java.lang.Object, java.lang.Object, java.lang.Object, long)'> (0x000000008a6a9f28) 
thrown [s\open\src\hotspot\share\interpreter\linkResolver.cpp, line 773]
Event: 75.745 Thread 0x00000261a2b4fb20 Exception <a 'java/lang/NoSuchMethodError'{0x000000008a6ad6b0}: 'java.lang.Object java.lang.invoke.Invokers$Holder.linkToTargetMethod(java.lang.Object, java.lang.Object, java.lang.Object, long, java.lang.Object)'> (0x000000008a6ad6b0) 
thrown [s\open\src\hotspot\share\interpreter\linkResolver.cpp, line 773]
Event: 76.201 Thread 0x00000261a2b4fb20 Exception <a 'java/lang/NoSuchMethodError'{0x000000008a2879e0}: 'java.lang.Object java.lang.invoke.DelegatingMethodHandle$Holder.reinvoke_L(java.lang.Object, java.lang.Object, java.lang.Object, java.lang.Object, int, int)'> (0x000000008a2879e0) 
thrown [s\open\src\hotspot\share\interpreter\linkResolver.cpp, line 773]
Event: 76.742 Thread 0x00000261a2b4fb20 Exception <a 'java/lang/IncompatibleClassChangeError'{0x000000008be554b8}: Found class java.lang.Object, but interface was expected> (0x000000008be554b8) 
thrown [s\open\src\hotspot\share\interpreter\linkResolver.cpp, line 840]

ZGC Phase Switch (0 events):
No events

VM Operations (20 events):
Event: 53.197 Executing VM operation: Cleanup done
Event: 59.232 Executing VM operation: Cleanup
Event: 59.233 Executing VM operation: Cleanup done
Event: 60.156 Executing VM operation: HandshakeAllThreads (HandshakeForDeflation)
Event: 60.156 Executing VM operation: HandshakeAllThreads (HandshakeForDeflation) done
Event: 60.156 Executing VM operation: RendezvousGCThreads
Event: 60.156 Executing VM operation: RendezvousGCThreads done
Event: 73.285 Executing VM operation: Cleanup
Event: 73.285 Executing VM operation: Cleanup done
Event: 75.801 Executing VM operation: HandshakeAllThreads (Deoptimize)
Event: 75.801 Executing VM operation: HandshakeAllThreads (Deoptimize) done
Event: 75.801 Executing VM operation: Cleanup
Event: 75.801 Executing VM operation: Cleanup done
Event: 76.059 Executing VM operation: HandshakeAllThreads (Deoptimize)
Event: 76.060 Executing VM operation: HandshakeAllThreads (Deoptimize) done
Event: 76.655 Executing VM operation: G1CollectForAllocation (G1 Evacuation Pause)
Event: 76.677 Executing VM operation: G1CollectForAllocation (G1 Evacuation Pause) done
Event: 76.784 Executing VM operation: HandshakeAllThreads (Deoptimize)
Event: 76.785 Executing VM operation: HandshakeAllThreads (Deoptimize) done
Event: 76.810 Executing VM operation: G1PauseRemark

Events (20 events):
Event: 76.830 Thread 0x0000026157c98c90 flushing nmethod 0x0000026143453110
Event: 76.830 Thread 0x0000026157c98c90 flushing nmethod 0x0000026143cd8190
Event: 76.830 Thread 0x0000026157c98c90 flushing nmethod 0x0000026143f8f190
Event: 76.830 Thread 0x0000026157c98c90 flushing nmethod 0x000002614afe6d10
Event: 76.830 Thread 0x0000026157c98c90 flushing nmethod 0x0000026143297890
Event: 76.830 Thread 0x0000026157c98c90 flushing nmethod 0x00000261432daa10
Event: 76.830 Thread 0x0000026157c98c90 flushing nmethod 0x0000026143477a10
Event: 76.830 Thread 0x0000026157c98c90 flushing nmethod 0x0000026143e7e290
Event: 76.830 Thread 0x0000026157c98c90 flushing nmethod 0x000002614ae0d010
Event: 76.830 Thread 0x0000026157c98c90 flushing nmethod 0x0000026143135210
Event: 76.830 Thread 0x0000026157c98c90 flushing nmethod 0x0000026143144a90
Event: 76.830 Thread 0x0000026157c98c90 flushing nmethod 0x00000261431fb710
Event: 76.830 Thread 0x0000026157c98c90 flushing nmethod 0x0000026143251510
Event: 76.830 Thread 0x0000026157c98c90 flushing nmethod 0x00000261432b0810
Event: 76.830 Thread 0x0000026157c98c90 flushing nmethod 0x00000261433f6c10
Event: 76.830 Thread 0x0000026157c98c90 flushing nmethod 0x0000026143562090
Event: 76.830 Thread 0x0000026157c98c90 flushing nmethod 0x00000261437b4290
Event: 76.830 Thread 0x0000026157c98c90 flushing nmethod 0x00000261438c1a90
Event: 76.830 Thread 0x0000026157c98c90 flushing nmethod 0x000002614390c510
Event: 76.830 Thread 0x0000026157c98c90 flushing nmethod 0x0000026143b44110


Dynamic libraries:
0x00007ff749cb0000 - 0x00007ff749cc0000 	C:\Program Files\Java\jdk-21\bin\java.exe
0x00007fffc7fb0000 - 0x00007fffc81c7000 	C:\WINDOWS\SYSTEM32\ntdll.dll
0x00007fff813e0000 - 0x00007fff813fb000 	C:\Program Files\Avast Software\Avast\aswhook.dll
0x00007fffc6f00000 - 0x00007fffc6fc4000 	C:\WINDOWS\System32\KERNEL32.DLL
0x00007fffc54e0000 - 0x00007fffc58b3000 	C:\WINDOWS\System32\KERNELBASE.dll
0x00007fffc58c0000 - 0x00007fffc59d1000 	C:\WINDOWS\System32\ucrtbase.dll
0x00007fffbe680000 - 0x00007fffbe69b000 	C:\Program Files\Java\jdk-21\bin\VCRUNTIME140.dll
0x00007fffbe660000 - 0x00007fffbe679000 	C:\Program Files\Java\jdk-21\bin\jli.dll
0x00007fffc6720000 - 0x00007fffc67d1000 	C:\WINDOWS\System32\ADVAPI32.dll
0x00007fffc6590000 - 0x00007fffc6637000 	C:\WINDOWS\System32\msvcrt.dll
0x00007fffc64e0000 - 0x00007fffc6587000 	C:\WINDOWS\System32\sechost.dll
0x00007fffc52c0000 - 0x00007fffc52e8000 	C:\WINDOWS\System32\bcrypt.dll
0x00007fffc6d60000 - 0x00007fffc6e74000 	C:\WINDOWS\System32\RPCRT4.dll
0x00007fffc6fd0000 - 0x00007fffc7181000 	C:\WINDOWS\System32\USER32.dll
0x00007fffc50a0000 - 0x00007fffc50c6000 	C:\WINDOWS\System32\win32u.dll
0x00007fffc7ed0000 - 0x00007fffc7ef9000 	C:\WINDOWS\System32\GDI32.dll
0x00007fffc52f0000 - 0x00007fffc5412000 	C:\WINDOWS\System32\gdi32full.dll
0x00007fffc5ba0000 - 0x00007fffc5c3a000 	C:\WINDOWS\System32\msvcp_win.dll
0x00007fffa0600000 - 0x00007fffa089b000 	C:\WINDOWS\WinSxS\amd64_microsoft.windows.common-controls_6595b64144ccf1df_6.0.22621.5262_none_2712bde373830908\COMCTL32.dll
0x00007fffb9da0000 - 0x00007fffb9daa000 	C:\WINDOWS\SYSTEM32\VERSION.dll
0x00007fffc6800000 - 0x00007fffc6831000 	C:\WINDOWS\System32\IMM32.DLL
0x00007fffbe650000 - 0x00007fffbe65c000 	C:\Program Files\Java\jdk-21\bin\vcruntime140_1.dll
0x00007fffaa5b0000 - 0x00007fffaa63e000 	C:\Program Files\Java\jdk-21\bin\msvcp140.dll
0x00007fff353e0000 - 0x00007fff360fa000 	C:\Program Files\Java\jdk-21\bin\server\jvm.dll
0x00007fffc7e40000 - 0x00007fffc7eb1000 	C:\WINDOWS\System32\WS2_32.dll
0x00007fffc4f70000 - 0x00007fffc4fbd000 	C:\WINDOWS\SYSTEM32\POWRPROF.dll
0x00007fffbde50000 - 0x00007fffbde84000 	C:\WINDOWS\SYSTEM32\WINMM.dll
0x00007fffc4f50000 - 0x00007fffc4f63000 	C:\WINDOWS\SYSTEM32\UMPDC.dll
0x00007fffc40b0000 - 0x00007fffc40c8000 	C:\WINDOWS\SYSTEM32\kernel.appcore.dll
0x00007fffbe640000 - 0x00007fffbe64a000 	C:\Program Files\Java\jdk-21\bin\jimage.dll
0x00007fffc28e0000 - 0x00007fffc2b12000 	C:\WINDOWS\SYSTEM32\DBGHELP.DLL
0x00007fffc7aa0000 - 0x00007fffc7e33000 	C:\WINDOWS\System32\combase.dll
0x00007fffc6640000 - 0x00007fffc6717000 	C:\WINDOWS\System32\OLEAUT32.dll
0x00007fffc28a0000 - 0x00007fffc28d2000 	C:\WINDOWS\SYSTEM32\dbgcore.DLL
0x00007fffc5240000 - 0x00007fffc52bb000 	C:\WINDOWS\System32\bcryptPrimitives.dll
0x00007fffbe5e0000 - 0x00007fffbe5ef000 	C:\Program Files\Java\jdk-21\bin\instrument.dll
0x00007fffb11f0000 - 0x00007fffb120f000 	C:\Program Files\Java\jdk-21\bin\java.dll
0x00007fffc5c40000 - 0x00007fffc64dd000 	C:\WINDOWS\System32\SHELL32.dll
0x00007fffc5a60000 - 0x00007fffc5b9f000 	C:\WINDOWS\System32\wintypes.dll
0x00007fffc2f90000 - 0x00007fffc38ad000 	C:\WINDOWS\SYSTEM32\windows.storage.dll
0x00007fffc7750000 - 0x00007fffc785b000 	C:\WINDOWS\System32\SHCORE.dll
0x00007fffc7f00000 - 0x00007fffc7f66000 	C:\WINDOWS\System32\shlwapi.dll
0x00007fffc4fd0000 - 0x00007fffc4ffb000 	C:\WINDOWS\SYSTEM32\profapi.dll
0x00007fffaa4d0000 - 0x00007fffaa5a7000 	C:\Program Files\Java\jdk-21\bin\jsvml.dll
0x00007fffaf6d0000 - 0x00007fffaf6e8000 	C:\Program Files\Java\jdk-21\bin\zip.dll
0x00007fffbe5d0000 - 0x00007fffbe5e0000 	C:\Program Files\Java\jdk-21\bin\net.dll
0x00007fffc23c0000 - 0x00007fffc24ec000 	C:\WINDOWS\SYSTEM32\WINHTTP.dll
0x00007fffc4540000 - 0x00007fffc45aa000 	C:\WINDOWS\system32\mswsock.dll
0x00007fffb0c10000 - 0x00007fffb0c26000 	C:\Program Files\Java\jdk-21\bin\nio.dll
0x00007fffaa4b0000 - 0x00007fffaa4ca000 	C:\Program Files\JetBrains\IntelliJ IDEA Community Edition 2024.3.1.1\bin\breakgen64.dll
0x00007fffb11e0000 - 0x00007fffb11e9000 	C:\Program Files\Java\jdk-21\bin\extnet.dll
0x00007fffb0c00000 - 0x00007fffb0c0e000 	C:\Program Files\Java\jdk-21\bin\sunmscapi.dll
0x00007fffc50d0000 - 0x00007fffc5237000 	C:\WINDOWS\System32\CRYPT32.dll
0x00007fffc4970000 - 0x00007fffc499d000 	C:\WINDOWS\SYSTEM32\ncrypt.dll
0x00007fffc4930000 - 0x00007fffc4967000 	C:\WINDOWS\SYSTEM32\NTASN1.dll
0x00007fffc47c0000 - 0x00007fffc47db000 	C:\WINDOWS\SYSTEM32\CRYPTSP.dll
0x00007fffc4010000 - 0x00007fffc4047000 	C:\WINDOWS\system32\rsaenh.dll
0x00007fffc4650000 - 0x00007fffc4678000 	C:\WINDOWS\SYSTEM32\USERENV.dll
0x00007fffc47b0000 - 0x00007fffc47bc000 	C:\WINDOWS\SYSTEM32\CRYPTBASE.dll
0x00007fffc3b10000 - 0x00007fffc3b3d000 	C:\WINDOWS\SYSTEM32\IPHLPAPI.DLL
0x00007fffc7350000 - 0x00007fffc7359000 	C:\WINDOWS\System32\NSI.dll
0x00007fffb0b40000 - 0x00007fffb0b4a000 	C:\Program Files\Java\jdk-21\bin\management.dll
0x00007fffb0b20000 - 0x00007fffb0b2b000 	C:\Program Files\Java\jdk-21\bin\management_ext.dll
0x00007fffc6840000 - 0x00007fffc6848000 	C:\WINDOWS\System32\PSAPI.DLL
0x00007fffaf6c0000 - 0x00007fffaf6d0000 	C:\Program Files\Java\jdk-21\bin\verify.dll
0x00007fff87ae0000 - 0x00007fff87ae8000 	C:\WINDOWS\system32\wshunix.dll

dbghelp: loaded successfully - version: 4.0.5 - missing functions: none
symbol engine: initialized successfully - sym options: 0x614 - pdb path: .;C:\Program Files\Java\jdk-21\bin;C:\WINDOWS\SYSTEM32;C:\Program Files\Avast Software\Avast;C:\WINDOWS\WinSxS\amd64_microsoft.windows.common-controls_6595b64144ccf1df_6.0.22621.5262_none_2712bde373830908;C:\Program Files\Java\jdk-21\bin\server;C:\Program Files\JetBrains\IntelliJ IDEA Community Edition 2024.3.1.1\bin

VM Arguments:
jvm_args: -javaagent:C:\Program Files\JetBrains\IntelliJ IDEA Community Edition 2024.3.1.1\lib\idea_rt.jar=12257:C:\Program Files\JetBrains\IntelliJ IDEA Community Edition 2024.3.1.1\bin -Dfile.encoding=UTF-8 -Dsun.stdout.encoding=UTF-8 -Dsun.stderr.encoding=UTF-8 
java_command: com.donation.ddb.DdbApplication
java_class_path (initial): D:\clean\ddb\ddb\out\production\classes;D:\clean\ddb\ddb\out\production\resources;C:\Users\tadyy\.gradle\caches\modules-2\files-2.1\org.springframework.boot\spring-boot-starter-data-jpa\3.4.4\7e0ab04a0aa460295c7a2e485c7809a733469824\spring-boot-starter-data-jpa-3.4.4.jar;C:\Users\tadyy\.gradle\caches\modules-2\files-2.1\org.springframework.boot\spring-boot-starter-security\3.4.4\796c83e0f08979c87b62d19d7d956d1ea453f4cd\spring-boot-starter-security-3.4.4.jar;C:\Users\tadyy\.gradle\caches\modules-2\files-2.1\org.springframework.boot\spring-boot-starter-web\3.4.4\441c0c71f38783c1d34b8bac5f06f1fa6b103274\spring-boot-starter-web-3.4.4.jar;C:\Users\tadyy\.gradle\caches\modules-2\files-2.1\org.springframework.boot\spring-boot-starter-validation\3.4.4\fa0bc381ac02704bb56631c13e33c3be437aa5c\spring-boot-starter-validation-3.4.4.jar;C:\Users\tadyy\.gradle\caches\modules-2\files-2.1\org.springframework.boot\spring-boot-starter-mail\3.4.4\f49875757d6fd0f2d253e3fde02d3581a675e02f\spring-boot-starter-mail-3.4.4.jar;C:\Users\tadyy\.gradle\caches\modules-2\files-2.1\org.springframework.boot\spring-boot-starter-data-jdbc\3.4.4\d640ae78444b62e35e03c378278cc75886f054f8\spring-boot-starter-data-jdbc-3.4.4.jar;C:\Users\tadyy\.gradle\caches\modules-2\files-2.1\jakarta.annotation\jakarta.annotation-api\2.1.1\48b9bda22b091b1f48b13af03fe36db3be6e1ae3\jakarta.annotation-api-2.1.1.jar;C:\Users\tadyy\.gradle\caches\modules-2\files-2.1\jakarta.persistence\jakarta.persistence-api\3.1.0\66901fa1c373c6aff65c13791cc11da72060a8d6\jakarta.persistence-api-3.1.0.jar;C:\Users\tadyy\.gradle\caches\modules-2\files-2.1\org.web3j\core\4.9.4\dec75a0c2ff1cd8db57f1484cb7b31cd0d6480b7\core-4.9.4.jar;C:\Users\tadyy\.gradle\caches\modules-2\files-2.1\jakarta.validation\jakarta.validation-api\3.0.2\92b6631659ba35ca09e44874d3eb936edfeee532\jakarta.validation-api-3.0.2.jar;C:\Users\tadyy\.gradle\caches\modules-2\files-2.1\io.jsonwebtoken\jjwt-api\0.11.5\f742940045619d06383e7df37b21ac422b476cf1\jjwt-api-0.11.5.jar;C:\Users\tadyy\.gradle\caches\modules-2\files-2.1\com.querydsl\querydsl-jpa\5.0.0\2a653852848dee41b967d3520be3339f0f92f1ea\querydsl-jpa-5.0.0-jakarta.jar;C:\Users\tadyy\.gradle\caches\modules-2\files-2.1\org.springframework.boot\spring-boot-starter-jdbc\3.4.4\c1059487b20babd2e0552d285d64d3cb655d0c4d\spring-boot-starter-jdbc-3.4.4.jar;C:\Users\tadyy\.gradle\caches\modules-2\files-2.1\org.springframework.boot\spring-boot-starter\3.4.4\6ad00ebe69a28a5c1c97f80f81920d65e0e4250b\spring-boot-starter-3.4.4.jar;C:\Users\tadyy\.gradle\caches\modules-2\files-2.1\org.springframework.data\spring-data-jpa\3.4.4\50f826d0dd60af289321bde6f5eea8fc48131c75\spring-data-jpa-3.4.4.jar;C:\Users\tadyy\.gradle\caches\modules-2\files-2.1\org.hibernate.orm\hibernate-core\6.6.11.Final\d5330ab0dd5f5cc810086b7fb66cec8b2d2f5213\hibernate-core-6.6.11.Final.jar;C:\Users\tadyy\.gradle\caches\modules-2\files-2.1\org.springframework\spring-aspects\6.2.5\971b57bb59d4890a3db5f1e20f89effa7df8c149\spring-aspects-6.2.5.jar;C:\Users\tadyy\.gradle\caches\modules-2\files-2.1\org.springframework.security\spring-security-config\6.4.4\2bb5d949fc3b935a88c701555fdc3af3d0381228\spring-security-config-6.4.4.jar;C:\Users\tadyy\.gradle\caches\modules-2\files-2.1\org.springframework.security\spring-security-web\6.4.4\b33b3eba22ef5242caef0cf3c0575b0cc303519b\spring-security-web-6.4.4.jar;C:\Users\tadyy\.gradle\caches\modules-2\files-2.1\org.springframework\spring-aop\6.2.5\9f436be65bf45ee8643d93e6823d6c81e8f9f91a\spring-aop-6.2.5.jar;C:\Users\tadyy\.gradle\caches\modules-2\files-2.1\org.springframework.boot\spring-boot-starter-json\3.4.4\7f7ca72abcab50661b7b5d23f63b3bc2375bb2b3\spring-boot-starter-json-3.4.4.jar;C:\Users\tadyy\.gradle\caches\modules-2\files-2.1\org.springframework.boot\spring-boot-starter-tomcat\3.4.4\4b18ac49cf13ef2c9a98418ebd8fc212a5259da9\spring-boot-starter-tomcat-3.4.4.jar;C:\Users\tadyy\.gradle\caches\modules-2\files-2.1\org.springframework\spring-webmvc\6.2.5\db8f1171041d7091f3de80cffdfb9d6c5fbf3015\spring-webmvc-6.2.5.jar;C:\Users\tadyy\.gradle\caches\modules-2\files-2.1\org.springframework\spring-web\6.2.5\b42d2c0acbe05bad4c849883aa8816c25b6c1d94\spring-web-6.2.5.jar;C:\Users\tadyy\.gradle\caches\modules-2\files-2.1\org.hibernate.validator\hibernate-validator\8.0.2.Final\220e64815dd87535525331de20570017f899eb13\hibernate-validator-8.0.2.Final.jar;C:\Users\tadyy\.gradle\caches\modules-2\files-2.1\org.apache.tomcat.embed\tomcat-embed-el\10.1.39\88ff05c768c4654097ab0a9f2b49368a0877ad76\tomcat-embed-el-10.1.39.jar;C:\Users\tadyy\.gradle\caches\modules-2\files-2.1\org.springframework\spring-context-support\6.2.5\a084213d1f07c916e6bc3ff016eb9d3022a4da5c\spring-context-support-6.2.5.jar;C:\Users\tadyy\.gradle\caches\modules-2\files-2.1\org.eclipse.angus\jakarta.mail\2.0.3\3dea6aeee9603f573687b0d4da5dc1316d921bb7\jakarta.mail-2.0.3.jar;C:\Users\tadyy\.gradle\caches\modules-2\files-2.1\org.springframework.data\spring-data-jdbc\3.4.4\23bdac8dbe381b59b7b8b579df0b926f9505947c\spring-data-jdbc-3.4.4.jar;C:\Users\tadyy\.gradle\caches\modules-2\files-2.1\org.web3j\crypto\4.9.4\7b896c2ee9d7e1516b790f5adc1605284638b599\crypto-4.9.4.jar;C:\Users\tadyy\.gradle\caches\modules-2\files-2.1\org.web3j\abi\4.9.4\eb968642e60450b72db4819ed770da139e9f72cc\abi-4.9.4.jar;C:\Users\tadyy\.gradle\caches\modules-2\files-2.1\org.web3j\tuples\4.9.4\1cea061914a5350589aaa4f6a4ea12be9d818682\tuples-4.9.4.jar;C:\Users\tadyy\.gradle\caches\modules-2\files-2.1\com.github.jnr\jnr-unixsocket\0.38.17\5412abed09c78ca3d298d34a67c9b61ab8456afb\jnr-unixsocket-0.38.17.jar;C:\Users\tadyy\.gradle\caches\modules-2\files-2.1\com.squareup.okhttp3\logging-interceptor\4.9.0\f9ce50fc73074fc4e7bde6e177e8bb4792045e\logging-interceptor-4.9.0.jar;C:\Users\tadyy\.gradle\caches\modules-2\files-2.1\com.squareup.okhttp3\okhttp\4.9.0\8e17601d3bdc8cf57902c154de021931d2c27c1\okhttp-4.9.0.jar;C:\Users\tadyy\.gradle\caches\modules-2\files-2.1\io.reactivex.rxjava2\rxjava\2.2.2\db2277cb0641bd8bd2f491fab555d37345351d6\rxjava-2.2.2.jar;C:\Users\tadyy\.gradle\caches\modules-2\files-2.1\org.java-websocket\Java-WebSocket\1.5.2\295b2a02c9e20dc5548609bc4af0c4dc3e52e22b\Java-WebSocket-1.5.2.jar;C:\Users\tadyy\.gradle\caches\modules-2\files-2.1\com.fasterxml.jackson.core\jackson-databind\2.18.3\537e3886263e3b3464385040453e92567fd509e2\jackson-databind-2.18.3.jar;C:\Users\tadyy\.gradle\caches\modules-2\files-2.1\org.slf4j\slf4j-api\2.0.17\d9e58ac9c7779ba3bf8142aff6c830617a7fe60f\slf4j-api-2.0.17.jar;C:\Users\tadyy\.gradle\caches\modules-2\files-2.1\com.querydsl\querydsl-core\5.1.0\be322c3fe98de8e7c204afb8860bfabd81a3bafd\querydsl-core-5.1.0.jar;C:\Users\tadyy\.gradle\caches\modules-2\files-2.1\com.zaxxer\HikariCP\5.1.0\8c96e36c14461fc436bb02b264b96ef3ca5dca8c\HikariCP-5.1.0.jar;C:\Users\tadyy\.gradle\caches\modules-2\files-2.1\org.springframework\spring-jdbc\6.2.5\6eef7c5ac8266aa308522568d98669d82e8ef61f\spring-jdbc-6.2.5.jar;C:\Users\tadyy\.gradle\caches\modules-2\files-2.1\org.springframework.boot\spring-boot-autoconfigure\3.4.4\5ebc8c0682374768ee6eac9acf12f41e76762207\spring-boot-autoconfigure-3.4.4.jar;C:\Users\tadyy\.gradle\caches\modules-2\files-2.1\org.springframework.boot\spring-boot\3.4.4\f9dbe14c2e5e35a2cd27156802ea6b7c42ab34fd\spring-boot-3.4.4.jar;C:\Users\tadyy\.gradle\caches\modules-2\files-2.1\org.springframework.boot\spring-boot-starter-logging\3.4.4\1a7bbfd57e0b2d0bde8ffd6aa7a0ebd94e4b0aed\spring-boot-starter-logging-3.4.4.jar;C:\Users\tadyy\.gradle\caches\modules-2\files-2.1\org.springframework\spring-core\6.2.5\d6786db7122037bf605e54e3b35f262a19b8d502\spring-core-6.2.5.jar;C:\Users\tadyy\.gradle\caches\modules-2\files-2.1\org.yaml\snakeyaml\2.3\936b36210e27320f920536f695cf1af210c44586\snakeyaml-2.3.jar;C:\Users\tadyy\.gradle\caches\modules-2\files-2.1\org.springframework\spring-context\6.2.5\237de0c3afca2099ab497cc7464726c02b8ab5c5\spring-context-6.2.5.jar;C:\Users\tadyy\.gradle\caches\modules-2\files-2.1\org.springframework.data\spring-data-commons\3.4.4\24bb91254820f1dd3087ae95667e9bb0a6942b23\spring-data-commons-3.4.4.jar;C:\Users\tadyy\.gradle\caches\modules-2\files-2.1\org.springframework\spring-orm\6.2.5\b2edc79b16b9cad32666dfdc8cc92896429b9c\spring-orm-6.2.5.jar;C:\Users\tadyy\.gradle\caches\modules-2\files-2.1\org.springframework\spring-tx\6.2.5\99ecc1c976f58ad63df7205e18eac628f2f1fa9a\spring-tx-6.2.5.jar;C:\Users\tadyy\.gradle\caches\modules-2\files-2.1\org.springframework\spring-beans\6.2.5\6f8eb671d9905da5a73bc9ab7e703e9fed6a0c3f\spring-beans-6.2.5.jar;C:\Users\tadyy\.gradle\caches\modules-2\files-2.1\org.antlr\antlr4-runtime\4.13.0\5a02e48521624faaf5ff4d99afc88b01686af655\antlr4-runtime-4.13.0.jar;C:\Users\tadyy\.gradle\caches\modules-2\files-2.1\jakarta.transaction\jakarta.transaction-api\2.0.1\51a520e3fae406abb84e2e1148e6746ce3f80a1a\jakarta.transaction-api-2.0.1.jar;C:\Users\tadyy\.gradle\caches\modules-2\files-2.1\org.aspectj\aspectjweaver\1.9.23\5b2fd88a62b334f51ac7d002b57dfccd68b22724\aspectjweaver-1.9.23.jar;C:\Users\tadyy\.gradle\caches\modules-2\files-2.1\org.springframework.security\spring-security-core\6.4.4\adccc33ba9baf99b4e42436424a4013f89a8806a\spring-security-core-6.4.4.jar;C:\Users\tadyy\.gradle\caches\modules-2\files-2.1\org.springframework\spring-expression\6.2.5\cb39181911dabe3b3d9992c4b4da38468726ea72\spring-expression-6.2.5.jar;C:\Users\tadyy\.gradle\caches\modules-2\files-2.1\com.fasterxml.jackson.datatype\jackson-datatype-jsr310\2.18.3\cc57924cccf42fc852081c36215272f84ffcd991\jackson-datatype-jsr310-2.18.3.jar;C:\Users\tadyy\.gradle\caches\modules-2\files-2.1\com.fasterxml.jackson.module\jackson-module-parameter-names\2.18.3\fa63ae5eb3956b1a6d7a7ead2b513af89dea22e7\jackson-module-parameter-names-2.18.3.jar;C:\Users\tadyy\.gradle\caches\modules-2\files-2.1\com.fasterxml.jackson.datatype\jackson-datatype-jdk8\2.18.3\621558295660935134b171ce2b0d9ad6842ec2ff\jackson-datatype-jdk8-2.18.3.jar;C:\Users\tadyy\.gradle\caches\modules-2\files-2.1\org.apache.tomcat.embed\tomcat-embed-websocket\10.1.39\abf50abbbae651f95dfcf9fae05f919bfa9b7046\tomcat-embed-websocket-10.1.39.jar;C:\Users\tadyy\.gradle\caches\modules-2\files-2.1\org.apache.tomcat.embed\tomcat-embed-core\10.1.39\f6acead04214d5aaea82c2639392208df33b3abe\tomcat-embed-core-10.1.39.jar;C:\Users\tadyy\.gradle\caches\modules-2\files-2.1\io.micrometer\micrometer-observation\1.14.5\b23dff6bf07a29f67fdae8f3f3f8f1c78fa7b126\micrometer-observation-1.14.5.jar;C:\Users\tadyy\.gradle\caches\modules-2\files-2.1\org.jboss.logging\jboss-logging\3.6.1.Final\886afbb445b4016a37c8960a7aef6ebd769ce7e5\jboss-logging-3.6.1.Final.jar;C:\Users\tadyy\.gradle\caches\modules-2\files-2.1\com.fasterxml\classmate\1.7.0\e98374da1f2143ac8e6e0a95036994bb19137a3\classmate-1.7.0.jar;C:\Users\tadyy\.gradle\caches\modules-2\files-2.1\jakarta.activation\jakarta.activation-api\2.1.3\fa165bd70cda600368eee31555222776a46b881f\jakarta.activation-api-2.1.3.jar;C:\Users\tadyy\.gradle\caches\modules-2\files-2.1\org.springframework.data\spring-data-relational\3.4.4\912290aa03c55ce5edc7f260e131e67c730b2ddb\spring-data-relational-3.4.4.jar;C:\Users\tadyy\.gradle\caches\modules-2\files-2.1\org.web3j\rlp\4.9.4\978f9e3d33cd2ba9fa3e4576d391d4d231f3702b\rlp-4.9.4.jar;C:\Users\tadyy\.gradle\caches\modules-2\files-2.1\org.web3j\utils\4.9.4\9c179107f972e004bbc7624448e8a0a922690065\utils-4.9.4.jar;C:\Users\tadyy\.gradle\caches\modules-2\files-2.1\com.github.jnr\jnr-enxio\0.32.13\977716da761c3a935efca0b3b090cd987a5c1aeb\jnr-enxio-0.32.13.jar;C:\Users\tadyy\.gradle\caches\modules-2\files-2.1\com.github.jnr\jnr-posix\3.1.15\f7d6737adcbd5925d625b8f99166de2cbf13caac\jnr-posix-3.1.15.jar;C:\Users\tadyy\.gradle\caches\modules-2\files-2.1\com.github.jnr\jnr-ffi\2.2.11\bcf004ce358c87fc4cd2853b658d336348d0370f\jnr-ffi-2.2.11.jar;C:\Users\tadyy\.gradle\caches\modules-2\files-2.1\com.github.jnr\jnr-constants\0.10.3\af19ec7359dd72cbc7869c00bf7cdfa4c308e985\jnr-constants-0.10.3.jar;C:\Users\tadyy\.gradle\caches\modules-2\files-2.1\org.jetbrains.kotlin\kotlin-stdlib-jdk8\1.9.25\20d44e880a284f7b5cd99dd69450b403073f49b2\kotlin-stdlib-jdk8-1.9.25.jar;C:\Users\tadyy\.gradle\caches\modules-2\files-2.1\com.squareup.okio\okio\2.8.0\49b64e09d81c0cc84b267edd0c2fd7df5a64c78c\okio-jvm-2.8.0.jar;C:\Users\tadyy\.gradle\caches\modules-2\files-2.1\org.jetbrains.kotlin\kotlin-stdlib\1.9.25\f700a2f2b8f0d6d0fde48f56d894dc722fb029d7\kotlin-stdlib-1.9.25.jar;C:\Users\tadyy\.gradle\caches\modules-2\files-2.1\org.reactivestreams\reactive-streams\1.0.4\3864a1320d97d7b045f729a326e1e077661f31b7\reactive-streams-1.0.4.jar;C:\Users\tadyy\.gradle\caches\modules-2\files-2.1\com.fasterxml.jackson.core\jackson-annotations\2.18.3\7fa21cf7da4598f8240e4ebd9779249622af1acd\jackson-annotations-2.18.3.jar;C:\Users\tadyy\.gradle\caches\modules-2\files-2.1\com.fasterxml.jackson.core\jackson-core\2.18.3\78f80c259268200e588aa204dd97ecf09b76916e\jackson-core-2.18.3.jar;C:\Users\tadyy\.gradle\caches\modules-2\files-2.1\com.mysema.commons\mysema-commons-lang\0.2.4\d09c8489d54251a6c22fbce804bdd4a070557317\mysema-commons-lang-0.2.4.jar;C:\Users\tadyy\.gradle\caches\modules-2\files-2.1\ch.qos.logback\logback-classic\1.5.18\fc371f3fc97a639de2d67947cffb7518ec5e3d40\logback-classic-1.5.18.jar;C:\Users\tadyy\.gradle\caches\modules-2\files-2.1\org.apache.logging.log4j\log4j-to-slf4j\2.24.3\da1143e2a2531ee1c2d90baa98eb50a28a39d5a7\log4j-to-slf4j-2.24.3.jar;C:\Users\tadyy\.gradle\caches\modules-2\files-2.1\org.slf4j\jul-to-slf4j\2.0.17\524cb6ccc2b68a57604750e1ab8b13b5a786a6aa\jul-to-slf4j-2.0.17.jar;C:\Users\tadyy\.gradle\caches\modules-2\files-2.1\org.springframework\spring-jcl\6.2.5\1b8db3715dc78bd18b60869458d5ee8829ad8e99\spring-jcl-6.2.5.jar;C:\Users\tadyy\.gradle\caches\modules-2\files-2.1\org.springframework.security\spring-security-crypto\6.4.4\914088f7c73375ee02cbe69c159b6460dc2f346b\spring-security-crypto-6.4.4.jar;C:\Users\tadyy\.gradle\caches\modules-2\files-2.1\io.micrometer\micrometer-commons\1.14.5\6201a40489ccedc9539c5f7a2c84e9e64702bf10\micrometer-commons-1.14.5.jar;C:\Users\tadyy\.gradle\caches\modules-2\files-2.1\org.bouncycastle\bcprov-jdk15on\1.68\46a080368d38b428d237a59458f9bc915222894d\bcprov-jdk15on-1.68.jar;C:\Users\tadyy\.gradle\caches\modules-2\files-2.1\com.github.jnr\jffi\1.3.9\b776ea131fa693af2c943368b52acf94131cbd7\jffi-1.3.9.jar;C:\Users\tadyy\.gradle\caches\modules-2\files-2.1\org.ow2.asm\asm-commons\9.2\f4d7f0fc9054386f2893b602454d48e07d4fbead\asm-commons-9.2.jar;C:\Users\tadyy\.gradle\caches\modules-2\files-2.1\org.ow2.asm\asm-util\9.2\fbc178fc5ba3dab50fd7e8a5317b8b647c8e8946\asm-util-9.2.jar;C:\Users\tadyy\.gradle\caches\modules-2\files-2.1\org.ow2.asm\asm-analysis\9.2\7487dd756daf96cab9986e44b9d7bcb796a61c10\asm-analysis-9.2.jar;C:\Users\tadyy\.gradle\caches\modules-2\files-2.1\org.ow2.asm\asm-tree\9.2\d96c99a30f5e1a19b0e609dbb19a44d8518ac01e\asm-tree-9.2.jar;C:\Users\tadyy\.gradle\caches\modules-2\files-2.1\org.ow2.asm\asm\9.2\81a03f76019c67362299c40e0ba13405f5467bff\asm-9.2.jar;C:\Users\tadyy\.gradle\caches\modules-2\files-2.1\com.github.jnr\jnr-a64asm\1.0.0\a1cb8dbe71b5a6a0288043c3ba3ca64545be165\jnr-a64asm-1.0.0.jar;C:\Users\tadyy\.gradle\caches\modules-2\files-2.1\com.github.jnr\jnr-x86asm\1.0.2\6936bbd6c5b235665d87bd450f5e13b52d4b48\jnr-x86asm-1.0.2.jar;C:\Users\tadyy\.gradle\caches\modules-2\files-2.1\org.jetbrains.kotlin\kotlin-stdlib-jdk7\1.9.25\1c166692314a2639e5edfed0d23ed7eee4a5c7a5\kotlin-stdlib-jdk7-1.9.25.jar;C:\Users\tadyy\.gradle\caches\modules-2\files-2.1\org.jetbrains\annotations\13.0\919f0dfe192fb4e063e7dacadee7f8bb9a2672a9\annotations-13.0.jar;C:\Users\tadyy\.gradle\caches\modules-2\files-2.1\ch.qos.logback\logback-core\1.5.18\6c0375624f6f36b4e089e2488ba21334a11ef13f\logback-core-1.5.18.jar;C:\Users\tadyy\.gradle\caches\modules-2\files-2.1\org.apache.logging.log4j\log4j-api\2.24.3\b02c125db8b6d295adf72ae6e71af5d83bce2370\log4j-api-2.24.3.jar;C:\Users\tadyy\.gradle\caches\modules-2\files-2.1\io.jsonwebtoken\jjwt-impl\0.11.5\40a599f0e8a8e4e0701596fbb15e67bfda64fdf0\jjwt-impl-0.11.5.jar;C:\Users\tadyy\.gradle\caches\modules-2\files-2.1\io.jsonwebtoken\jjwt-jackson\0.11.5\3b83a06809e98a69402d7333dcf67df6f6ea4579\jjwt-jackson-0.11.5.jar;C:\Users\tadyy\.gradle\caches\modules-2\files-2.1\org.postgresql\postgresql\42.7.5\747897987b86c741fb8b56f6b81929ae1e6e4b46\postgresql-42.7.5.jar;C:\Users\tadyy\.gradle\caches\modules-2\files-2.1\com.h2database\h2\2.3.232\4fcc05d966ccdb2812ae8b9a718f69226c0cf4e2\h2-2.3.232.jar;C:\Users\tadyy\.gradle\caches\modules-2\files-2.1\org.checkerframework\checker-qual\3.48.3\c48effe7d78de3cf5e8a98c614281ec6a2466a77\checker-qual-3.48.3.jar;C:\Users\tadyy\.gradle\caches\modules-2\files-2.1\org.hibernate.common\hibernate-commons-annotations\7.0.3.Final\e183c4be8bb41d12e9f19b374e00c34a0a85f439\hibernate-commons-annotations-7.0.3.Final.jar;C:\Users\tadyy\.gradle\caches\modules-2\files-2.1\io.smallrye\jandex\3.2.0\f17ad860f62a08487b9edabde608f8ac55c62fa7\jandex-3.2.0.jar;C:\Users\tadyy\.gradle\caches\modules-2\files-2.1\net.bytebuddy\byte-buddy\1.15.11\f61886478e0f9ee4c21d09574736f0ff45e0a46c\byte-buddy-1.15.11.jar;C:\Users\tadyy\.gradle\caches\modules-2\files-2.1\org.glassfish.jaxb\jaxb-runtime\4.0.5\ca84c2a7169b5293e232b9d00d1e4e36d4c3914a\jaxb-runtime-4.0.5.jar;C:\Users\tadyy\.gradle\caches\modules-2\files-2.1\jakarta.xml.bind\jakarta.xml.bind-api\4.0.2\6cd5a999b834b63238005b7144136379dc36cad2\jakarta.xml.bind-api-4.0.2.jar;C:\Users\tadyy\.gradle\caches\modules-2\files-2.1\jakarta.inject\jakarta.inject-api\2.0.1\4c28afe1991a941d7702fe1362c365f0a8641d1e\jakarta.inject-api-2.0.1.jar;C:\Users\tadyy\.gradle\caches\modules-2\files-2.1\org.eclipse.angus\angus-activation\2.0.2\41f1e0ddd157c856926ed149ab837d110955a9fc\angus-activation-2.0.2.jar;C:\Users\tadyy\.gradle\caches\modules-2\files-2.1\org.glassfish.jaxb\jaxb-core\4.0.5\7b4b11ea5542eea4ad55e1080b23be436795b3\jaxb-core-4.0.5.jar;C:\Users\tadyy\.gradle\caches\modules-2\files-2.1\com.github.jnr\jffi\1.3.9\163d683f80c06911f3e770c723d6e399e4c59448\jffi-1.3.9-native.jar;C:\Users\tadyy\.gradle\caches\modules-2\files-2.1\org.glassfish.jaxb\txw2\4.0.5\f36a4ef12120a9bb06d766d6a0e54b144fd7ed98\txw2-4.0.5.jar;C:\Users\tadyy\.gradle\caches\modules-2\files-2.1\com.sun.istack\istack-commons-runtime\4.1.2\18ec117c85f3ba0ac65409136afa8e42bc74e739\istack-commons-runtime-4.1.2.jar
Launcher Type: SUN_STANDARD

[Global flags]
     intx CICompilerCount                          = 4                                         {product} {ergonomic}
     uint ConcGCThreads                            = 2                                         {product} {ergonomic}
     uint G1ConcRefinementThreads                  = 8                                         {product} {ergonomic}
   size_t G1HeapRegionSize                         = 1048576                                   {product} {ergonomic}
    uintx GCDrainStackTargetSize                   = 64                                        {product} {ergonomic}
   size_t InitialHeapSize                          = 130023424                                 {product} {ergonomic}
   size_t MarkStackSize                            = 4194304                                   {product} {ergonomic}
   size_t MaxHeapSize                              = 2071986176                                {product} {ergonomic}
   size_t MaxNewSize                               = 1242562560                                {product} {ergonomic}
   size_t MinHeapDeltaBytes                        = 1048576                                   {product} {ergonomic}
   size_t MinHeapSize                              = 8388608                                   {product} {ergonomic}
    uintx NonNMethodCodeHeapSize                   = 5839372                                {pd product} {ergonomic}
    uintx NonProfiledCodeHeapSize                  = 122909434                              {pd product} {ergonomic}
    uintx ProfiledCodeHeapSize                     = 122909434                              {pd product} {ergonomic}
    uintx ReservedCodeCacheSize                    = 251658240                              {pd product} {ergonomic}
     bool SegmentedCodeCache                       = true                                      {product} {ergonomic}
   size_t SoftMaxHeapSize                          = 2071986176                             {manageable} {ergonomic}
     bool UseCompressedOops                        = true                           {product lp64_product} {ergonomic}
     bool UseG1GC                                  = true                                      {product} {ergonomic}
     bool UseLargePagesIndividualAllocation        = false                                  {pd product} {ergonomic}

Logging:
Log output configuration:
 #0: stdout all=warning uptime,level,tags foldmultilines=false
 #1: stderr all=off uptime,level,tags foldmultilines=false

Environment Variables:
JAVA_HOME=C:\Program Files\Java\jdk-21
PATH=C:\oraclexe\app\oracle\product\11.2.0\server\bin;C:\Program Files\Common Files\Oracle\Java\javapath;C:\Program Files\Java\jdk-21\bin;C:\oraclexe\app\oracle\product\11.2.0\server\bin;C:\Python27\;C:\Python27\Scripts;C:\WINDOWS\system32;C:\WINDOWS;C:\WINDOWS\System32\Wbem;C:\WINDOWS\System32\WindowsPowerShell\v1.0\;C:\WINDOWS\System32\OpenSSH\;C:\Program Files (x86)\QuickTime\QTSystem\;C:\Program Files\dotnet\;C:\Users\tadyy\AppData\Roaming\nvm;C:\Program Files\nodejs;C:\Program Files\Git\cmd;C:\Program Files\Docker\Docker\resources\bin;C:\Program Files\Microsoft SQL Server\Client SDK\ODBC\170\Tools\Binn\;C:\Program Files (x86)\Microsoft SQL Server\150\Tools\Binn\;C:\Program Files\Microsoft SQL Server\150\Tools\Binn\;C:\Program Files\Microsoft SQL Server\150\DTS\Binn\;C:\Program Files (x86)\Microsoft SQL Server\160\DTS\Binn\;C:\Program Files\Java\jdk-21\bin;C:\msys64\mingw64\bin;C:\Users\tadyy\AppData\Local\Programs\Python\Python310\Scripts\;C:\Users\tadyy\AppData\Local\Programs\Python\Python310\;C:\Users\tadyy\AppData\Local\Programs\Python\Python313\Scripts\;C:\Users\tadyy\AppData\Local\Programs\Python\Python313\;C:\Users\tadyy\AppData\Local\Programs\Python\Python311\Scripts\;C:\Users\tadyy\AppData\Local\Programs\Python\Python311\;C:\Users\tadyy\anaconda3;C:\Users\tadyy\anaconda3\Library\mingw-w64\bin;C:\Users\tadyy\anaconda3\Library\usr\bin;C:\Users\tadyy\anaconda3\Library\bin;C:\Users\tadyy\anaconda3\Scripts;C:\Users\tadyy\AppData\Local\Programs\Python\Python38\Scripts\;C:\Users\tadyy\AppData\Local\Programs\Python\Python38\;C:\Users\tadyy\AppData\Local\Microsoft\WindowsApps;C:\Users\tadyy\AppData\Local\Microsoft\WindowsApps;C:\Users\tadyy\AppData\Local\Programs\Microsoft VS Code\bin;C:\Users\tadyy\.dotnet\tools;C:\Users\tadyy\AppData\Roaming\nvm;C:\Program Files\nodejs;C:\Users\tadyy\AppData\Roaming\npm;C:\Program Files\JetBrains\IntelliJ IDEA Community Edition 2024.3.1.1\bin;;C:\Program Files\nodejs\node.exe;C:\msys64\mingw64\gdb.exe;D:\clean\lecture\cursor\resources\app\bin
USERNAME=tadyy
OS=Windows_NT
PROCESSOR_IDENTIFIER=Intel64 Family 6 Model 126 Stepping 5, GenuineIntel
TMP=C:\Users\tadyy\AppData\Local\Temp
TEMP=C:\Users\tadyy\AppData\Local\Temp




Periodic native trim disabled

---------------  S Y S T E M  ---------------

OS:
 Windows 11 , 64 bit Build 22621 (10.0.22621.5262)
OS uptime: 0 days 19:16 hours
Hyper-V role detected

CPU: total 8 (initial active 8) (4 cores per cpu, 2 threads per core) family 6 model 126 stepping 5 microcode 0x86, cx8, cmov, fxsr, ht, mmx, 3dnowpref, sse, sse2, sse3, ssse3, sse4.1, sse4.2, popcnt, lzcnt, tsc, tscinvbit, avx, avx2, aes, erms, clmul, bmi1, bmi2, adx, avx512f, avx512dq, avx512cd, avx512bw, avx512vl, sha, fma, vzeroupper, avx512_vpopcntdq, avx512_vpclmulqdq, avx512_vaes, avx512_vnni, clflush, clflushopt, avx512_vbmi2, avx512_vbmi, hv, rdtscp, rdpid, fsrm, gfni, avx512_bitalg, f16c, avx512_ifma
Processor Information for all 8 processors :
  Max Mhz: 1498, Current Mhz: 1198, Mhz Limit: 1198

Memory: 4k page, system-wide physical 7901M (491M free)
TotalPageFile size 28016M (AvailPageFile size 9M)
current process WorkingSet (physical memory assigned to process): 364M, peak: 392M
current process commit charge ("private bytes"): 411M, peak: 430M

vm_info: Java HotSpot(TM) 64-Bit Server VM (21.0.6+8-LTS-188) for windows-amd64 JRE (21.0.6+8-LTS-188), built on 2024-12-03T10:50:54Z by "mach5one" with MS VC++ 17.6 (VS2022)

END.
